# JRE version: OpenJDK Runtime Environment Temurin-17.0.4.1+1 (17.0.4.1+1) (build 17.0.4.1+1)
# Java VM: OpenJDK 64-Bit Server VM Temurin-17.0.4.1+1 (17.0.4.1+1, mixed mode, tiered, compressed oops, compressed class ptrs, parallel gc, windows-amd64)
GC Precious Log:
 CPUs: 8 total, 8 available
 Memory: 16317M
 Large Page Support: Disabled
 NUMA Support: Disabled
 Compressed Oops: Enabled (32-bit)
 Alignments: Space 512K, Generation 512K, Heap 2M
 Heap Min Capacity: 100M
 Heap Initial Capacity: 100M
 Heap Max Capacity: 1G
 Pre-touch: Disabled
 Parallel Workers: 8
Heap:
 PSYoungGen      total 6656K, used 5024K [0x00000000eab00000, 0x00000000eb380000, 0x0000000100000000)
  eden space 3584K, 100% used [0x00000000eab00000,0x00000000eae80000,0x00000000eae80000)
  from space 3072K, 46% used [0x00000000eae80000,0x00000000eafe8000,0x00000000eb180000)
  to   space 2048K, 100% used [0x00000000eb180000,0x00000000eb380000,0x00000000eb380000)
 ParOldGen       total 159744K, used 121754K [0x00000000c0000000, 0x00000000c9c00000, 0x00000000eab00000)
  object space 159744K, 76% used [0x00000000c0000000,0x00000000c76e69d0,0x00000000c9c00000)
 Metaspace       used 93531K, committed 94848K, reserved 1138688K
  class space    used 8993K, committed 9600K, reserved 1048576K
GC Heap History (20 events):
Event: 4139.893 GC heap after
{Heap after GC invocations=26472 (full 662):
 PSYoungGen      total 5632K, used 864K [0x00000000eab00000, 0x00000000eb400000, 0x0000000100000000)
  eden space 4608K, 0% used [0x00000000eab00000,0x00000000eab00000,0x00000000eaf80000)
  from space 1024K, 84% used [0x00000000eb300000,0x00000000eb3d8000,0x00000000eb400000)
  to   space 1536K, 0% used [0x00000000eb100000,0x00000000eb100000,0x00000000eb280000)
 ParOldGen       total 158208K, used 156109K [0x00000000c0000000, 0x00000000c9a80000, 0x00000000eab00000)
  object space 158208K, 98% used [0x00000000c0000000,0x00000000c9873450,0x00000000c9a80000)
 Metaspace       used 93531K, committed 94848K, reserved 1138688K
  class space    used 8993K, committed 9600K, reserved 1048576K
}
Event: 4140.338 GC heap before
{Heap before GC invocations=26473 (full 662):
 PSYoungGen      total 5632K, used 5472K [0x00000000eab00000, 0x00000000eb400000, 0x0000000100000000)
  eden space 4608K, 100% used [0x00000000eab00000,0x00000000eaf80000,0x00000000eaf80000)
  from space 1024K, 84% used [0x00000000eb300000,0x00000000eb3d8000,0x00000000eb400000)
  to   space 1536K, 0% used [0x00000000eb100000,0x00000000eb100000,0x00000000eb280000)
 ParOldGen       total 158208K, used 156109K [0x00000000c0000000, 0x00000000c9a80000, 0x00000000eab00000)
  object space 158208K, 98% used [0x00000000c0000000,0x00000000c9873450,0x00000000c9a80000)
 Metaspace       used 93531K, committed 94848K, reserved 1138688K
  class space    used 8993K, committed 9600K, reserved 1048576K
}
Event: 4140.339 GC heap after
{Heap after GC invocations=26473 (full 662):
 PSYoungGen      total 6144K, used 1338K [0x00000000eab00000, 0x00000000eb380000, 0x0000000100000000)
  eden space 4608K, 0% used [0x00000000eab00000,0x00000000eab00000,0x00000000eaf80000)
  from space 1536K, 87% used [0x00000000eb100000,0x00000000eb24ea08,0x00000000eb280000)
  to   space 1024K, 0% used [0x00000000eb280000,0x00000000eb280000,0x00000000eb380000)
 ParOldGen       total 158208K, used 156907K [0x00000000c0000000, 0x00000000c9a80000, 0x00000000eab00000)
  object space 158208K, 99% used [0x00000000c0000000,0x00000000c993ac70,0x00000000c9a80000)
 Metaspace       used 93531K, committed 94848K, reserved 1138688K
  class space    used 8993K, committed 9600K, reserved 1048576K
}
Event: 4140.347 GC heap before
{Heap before GC invocations=26474 (full 662):
 PSYoungGen      total 6144K, used 5946K [0x00000000eab00000, 0x00000000eb380000, 0x0000000100000000)
  eden space 4608K, 100% used [0x00000000eab00000,0x00000000eaf80000,0x00000000eaf80000)
  from space 1536K, 87% used [0x00000000eb100000,0x00000000eb24ea08,0x00000000eb280000)
  to   space 1024K, 0% used [0x00000000eb280000,0x00000000eb280000,0x00000000eb380000)
 ParOldGen       total 158208K, used 156907K [0x00000000c0000000, 0x00000000c9a80000, 0x00000000eab00000)
  object space 158208K, 99% used [0x00000000c0000000,0x00000000c993ac70,0x00000000c9a80000)
 Metaspace       used 93531K, committed 94848K, reserved 1138688K
  class space    used 8993K, committed 9600K, reserved 1048576K
}
Event: 4140.349 GC heap after
{Heap after GC invocations=26474 (full 662):
 PSYoungGen      total 5632K, used 1017K [0x00000000eab00000, 0x00000000eb580000, 0x0000000100000000)
  eden space 4608K, 0% used [0x00000000eab00000,0x00000000eab00000,0x00000000eaf80000)
  from space 1024K, 99% used [0x00000000eb280000,0x00000000eb37e410,0x00000000eb380000)
  to   space 3072K, 0% used [0x00000000eaf80000,0x00000000eaf80000,0x00000000eb280000)
 ParOldGen       total 158720K, used 158543K [0x00000000c0000000, 0x00000000c9b00000, 0x00000000eab00000)
  object space 158720K, 99% used [0x00000000c0000000,0x00000000c9ad3ca0,0x00000000c9b00000)
 Metaspace       used 93531K, committed 94848K, reserved 1138688K
  class space    used 8993K, committed 9600K, reserved 1048576K
}
Event: 4140.349 GC heap before
{Heap before GC invocations=26475 (full 663):
 PSYoungGen      total 5632K, used 1017K [0x00000000eab00000, 0x00000000eb580000, 0x0000000100000000)
  eden space 4608K, 0% used [0x00000000eab00000,0x00000000eab00000,0x00000000eaf80000)
  from space 1024K, 99% used [0x00000000eb280000,0x00000000eb37e410,0x00000000eb380000)
  to   space 3072K, 0% used [0x00000000eaf80000,0x00000000eaf80000,0x00000000eb280000)
 ParOldGen       total 158720K, used 158543K [0x00000000c0000000, 0x00000000c9b00000, 0x00000000eab00000)
  object space 158720K, 99% used [0x00000000c0000000,0x00000000c9ad3ca0,0x00000000c9b00000)
 Metaspace       used 93531K, committed 94848K, reserved 1138688K
  class space    used 8993K, committed 9600K, reserved 1048576K
}
Event: 4140.413 GC heap after
{Heap after GC invocations=26475 (full 663):
 PSYoungGen      total 7680K, used 0K [0x00000000eab00000, 0x00000000eb580000, 0x0000000100000000)
  eden space 4608K, 0% used [0x00000000eab00000,0x00000000eab00000,0x00000000eaf80000)
  from space 3072K, 0% used [0x00000000eaf80000,0x00000000eaf80000,0x00000000eb280000)
  to   space 3072K, 0% used [0x00000000eb280000,0x00000000eb280000,0x00000000eb580000)
 ParOldGen       total 159744K, used 114197K [0x00000000c0000000, 0x00000000c9c00000, 0x00000000eab00000)
  object space 159744K, 71% used [0x00000000c0000000,0x00000000c6f857c0,0x00000000c9c00000)
 Metaspace       used 93531K, committed 94848K, reserved 1138688K
  class space    used 8993K, committed 9600K, reserved 1048576K
}
Event: 4140.421 GC heap before
{Heap before GC invocations=26476 (full 663):
 PSYoungGen      total 7680K, used 4608K [0x00000000eab00000, 0x00000000eb580000, 0x0000000100000000)
  eden space 4608K, 100% used [0x00000000eab00000,0x00000000eaf80000,0x00000000eaf80000)
  from space 3072K, 0% used [0x00000000eaf80000,0x00000000eaf80000,0x00000000eb280000)
  to   space 3072K, 0% used [0x00000000eb280000,0x00000000eb280000,0x00000000eb580000)
 ParOldGen       total 159744K, used 114197K [0x00000000c0000000, 0x00000000c9c00000, 0x00000000eab00000)
  object space 159744K, 71% used [0x00000000c0000000,0x00000000c6f857c0,0x00000000c9c00000)
 Metaspace       used 93531K, committed 94848K, reserved 1138688K
  class space    used 8993K, committed 9600K, reserved 1048576K
}
Event: 4140.422 GC heap after
{Heap after GC invocations=26476 (full 663):
 PSYoungGen      total 6144K, used 1376K [0x00000000eab00000, 0x00000000eb400000, 0x0000000100000000)
  eden space 4608K, 0% used [0x00000000eab00000,0x00000000eab00000,0x00000000eaf80000)
  from space 1536K, 89% used [0x00000000eb280000,0x00000000eb3d8000,0x00000000eb400000)
  to   space 2048K, 0% used [0x00000000eb000000,0x00000000eb000000,0x00000000eb200000)
 ParOldGen       total 159744K, used 114197K [0x00000000c0000000, 0x00000000c9c00000, 0x00000000eab00000)
  object space 159744K, 71% used [0x00000000c0000000,0x00000000c6f857c0,0x00000000c9c00000)
 Metaspace       used 93531K, committed 94848K, reserved 1138688K
  class space    used 8993K, committed 9600K, reserved 1048576K
}
Event: 4140.431 GC heap before
{Heap before GC invocations=26477 (full 663):
 PSYoungGen      total 6144K, used 5984K [0x00000000eab00000, 0x00000000eb400000, 0x0000000100000000)
  eden space 4608K, 100% used [0x00000000eab00000,0x00000000eaf80000,0x00000000eaf80000)
  from space 1536K, 89% used [0x00000000eb280000,0x00000000eb3d8000,0x00000000eb400000)
  to   space 2048K, 0% used [0x00000000eb000000,0x00000000eb000000,0x00000000eb200000)
 ParOldGen       total 159744K, used 114197K [0x00000000c0000000, 0x00000000c9c00000, 0x00000000eab00000)
  object space 159744K, 71% used [0x00000000c0000000,0x00000000c6f857c0,0x00000000c9c00000)
 Metaspace       used 93531K, committed 94848K, reserved 1138688K
  class space    used 8993K, committed 9600K, reserved 1048576K
}
Event: 4140.432 GC heap after
{Heap after GC invocations=26477 (full 663):
 PSYoungGen      total 6656K, used 1594K [0x00000000eab00000, 0x00000000eb380000, 0x0000000100000000)
  eden space 4608K, 0% used [0x00000000eab00000,0x00000000eab00000,0x00000000eaf80000)
  from space 2048K, 77% used [0x00000000eb000000,0x00000000eb18ea08,0x00000000eb200000)
  to   space 1536K, 0% used [0x00000000eb200000,0x00000000eb200000,0x00000000eb380000)
 ParOldGen       total 159744K, used 115430K [0x00000000c0000000, 0x00000000c9c00000, 0x00000000eab00000)
  object space 159744K, 72% used [0x00000000c0000000,0x00000000c70b9be0,0x00000000c9c00000)
 Metaspace       used 93531K, committed 94848K, reserved 1138688K
  class space    used 8993K, committed 9600K, reserved 1048576K
}
Event: 4140.439 GC heap before
{Heap before GC invocations=26478 (full 663):
 PSYoungGen      total 6656K, used 6202K [0x00000000eab00000, 0x00000000eb380000, 0x0000000100000000)
  eden space 4608K, 100% used [0x00000000eab00000,0x00000000eaf80000,0x00000000eaf80000)
  from space 2048K, 77% used [0x00000000eb000000,0x00000000eb18ea08,0x00000000eb200000)
  to   space 1536K, 0% used [0x00000000eb200000,0x00000000eb200000,0x00000000eb380000)
 ParOldGen       total 159744K, used 115430K [0x00000000c0000000, 0x00000000c9c00000, 0x00000000eab00000)
  object space 159744K, 72% used [0x00000000c0000000,0x00000000c70b9be0,0x00000000c9c00000)
 Metaspace       used 93531K, committed 94848K, reserved 1138688K
  class space    used 8993K, committed 9600K, reserved 1048576K
}
Event: 4140.441 GC heap after
{Heap after GC invocations=26478 (full 663):
 PSYoungGen      total 5632K, used 960K [0x00000000eab00000, 0x00000000eb300000, 0x0000000100000000)
  eden space 4608K, 0% used [0x00000000eab00000,0x00000000eab00000,0x00000000eaf80000)
  from space 1024K, 93% used [0x00000000eb200000,0x00000000eb2f0000,0x00000000eb300000)
  to   space 1536K, 0% used [0x00000000eb000000,0x00000000eb000000,0x00000000eb180000)
 ParOldGen       total 159744K, used 116913K [0x00000000c0000000, 0x00000000c9c00000, 0x00000000eab00000)
  object space 159744K, 73% used [0x00000000c0000000,0x00000000c722c448,0x00000000c9c00000)
 Metaspace       used 93531K, committed 94848K, reserved 1138688K
  class space    used 8993K, committed 9600K, reserved 1048576K
}
Event: 4140.800 GC heap before
{Heap before GC invocations=26479 (full 663):
 PSYoungGen      total 5632K, used 5568K [0x00000000eab00000, 0x00000000eb300000, 0x0000000100000000)
  eden space 4608K, 100% used [0x00000000eab00000,0x00000000eaf80000,0x00000000eaf80000)
  from space 1024K, 93% used [0x00000000eb200000,0x00000000eb2f0000,0x00000000eb300000)
  to   space 1536K, 0% used [0x00000000eb000000,0x00000000eb000000,0x00000000eb180000)
 ParOldGen       total 159744K, used 116913K [0x00000000c0000000, 0x00000000c9c00000, 0x00000000eab00000)
  object space 159744K, 73% used [0x00000000c0000000,0x00000000c722c448,0x00000000c9c00000)
 Metaspace       used 93531K, committed 94848K, reserved 1138688K
  class space    used 8993K, committed 9600K, reserved 1048576K
}
Event: 4140.801 GC heap after
{Heap after GC invocations=26479 (full 663):
 PSYoungGen      total 6144K, used 1242K [0x00000000eab00000, 0x00000000eb280000, 0x0000000100000000)
  eden space 4608K, 0% used [0x00000000eab00000,0x00000000eab00000,0x00000000eaf80000)
  from space 1536K, 80% used [0x00000000eb000000,0x00000000eb136a08,0x00000000eb180000)
  to   space 1024K, 0% used [0x00000000eb180000,0x00000000eb180000,0x00000000eb280000)
 ParOldGen       total 159744K, used 117807K [0x00000000c0000000, 0x00000000c9c00000, 0x00000000eab00000)
  object space 159744K, 73% used [0x00000000c0000000,0x00000000c730bc68,0x00000000c9c00000)
 Metaspace       used 93531K, committed 94848K, reserved 1138688K
  class space    used 8993K, committed 9600K, reserved 1048576K
}
Event: 4140.806 GC heap before
{Heap before GC invocations=26480 (full 663):
 PSYoungGen      total 6144K, used 5850K [0x00000000eab00000, 0x00000000eb280000, 0x0000000100000000)
  eden space 4608K, 99% used [0x00000000eab00000,0x00000000eaf7ffc8,0x00000000eaf80000)
  from space 1536K, 80% used [0x00000000eb000000,0x00000000eb136a08,0x00000000eb180000)
  to   space 1024K, 0% used [0x00000000eb180000,0x00000000eb180000,0x00000000eb280000)
 ParOldGen       total 159744K, used 117807K [0x00000000c0000000, 0x00000000c9c00000, 0x00000000eab00000)
  object space 159744K, 73% used [0x00000000c0000000,0x00000000c730bc68,0x00000000c9c00000)
 Metaspace       used 93531K, committed 94848K, reserved 1138688K
  class space    used 8993K, committed 9600K, reserved 1048576K
}
Event: 4140.807 GC heap after
{Heap after GC invocations=26480 (full 663):
 PSYoungGen      total 4608K, used 995K [0x00000000eab00000, 0x00000000eb580000, 0x0000000100000000)
  eden space 3584K, 0% used [0x00000000eab00000,0x00000000eab00000,0x00000000eae80000)
  from space 1024K, 97% used [0x00000000eb180000,0x00000000eb278d38,0x00000000eb280000)
  to   space 3072K, 0% used [0x00000000eae80000,0x00000000eae80000,0x00000000eb180000)
 ParOldGen       total 159744K, used 119313K [0x00000000c0000000, 0x00000000c9c00000, 0x00000000eab00000)
  object space 159744K, 74% used [0x00000000c0000000,0x00000000c7484670,0x00000000c9c00000)
 Metaspace       used 93531K, committed 94848K, reserved 1138688K
  class space    used 8993K, committed 9600K, reserved 1048576K
}
Event: 4140.809 GC heap before
{Heap before GC invocations=26481 (full 663):
 PSYoungGen      total 4608K, used 4579K [0x00000000eab00000, 0x00000000eb580000, 0x0000000100000000)
  eden space 3584K, 99% used [0x00000000eab00000,0x00000000eae7fff0,0x00000000eae80000)
  from space 1024K, 97% used [0x00000000eb180000,0x00000000eb278d38,0x00000000eb280000)
  to   space 3072K, 0% used [0x00000000eae80000,0x00000000eae80000,0x00000000eb180000)
 ParOldGen       total 159744K, used 119313K [0x00000000c0000000, 0x00000000c9c00000, 0x00000000eab00000)
  object space 159744K, 74% used [0x00000000c0000000,0x00000000c7484670,0x00000000c9c00000)
 Metaspace       used 93531K, committed 94848K, reserved 1138688K
  class space    used 8993K, committed 9600K, reserved 1048576K
}
Event: 4140.809 GC heap after
{Heap after GC invocations=26481 (full 663):
 PSYoungGen      total 6656K, used 1440K [0x00000000eab00000, 0x00000000eb380000, 0x0000000100000000)
  eden space 3584K, 0% used [0x00000000eab00000,0x00000000eab00000,0x00000000eae80000)
  from space 3072K, 46% used [0x00000000eae80000,0x00000000eafe8000,0x00000000eb180000)
  to   space 2048K, 0% used [0x00000000eb180000,0x00000000eb180000,0x00000000eb380000)
 ParOldGen       total 159744K, used 120314K [0x00000000c0000000, 0x00000000c9c00000, 0x00000000eab00000)
  object space 159744K, 75% used [0x00000000c0000000,0x00000000c757e9d0,0x00000000c9c00000)
 Metaspace       used 93531K, committed 94848K, reserved 1138688K
  class space    used 8993K, committed 9600K, reserved 1048576K
}
Event: 4140.814 GC heap before
{Heap before GC invocations=26482 (full 663):
 PSYoungGen      total 6656K, used 5024K [0x00000000eab00000, 0x00000000eb380000, 0x0000000100000000)
  eden space 3584K, 100% used [0x00000000eab00000,0x00000000eae80000,0x00000000eae80000)
  from space 3072K, 46% used [0x00000000eae80000,0x00000000eafe8000,0x00000000eb180000)
  to   space 2048K, 0% used [0x00000000eb180000,0x00000000eb180000,0x00000000eb380000)
 ParOldGen       total 159744K, used 120314K [0x00000000c0000000, 0x00000000c9c00000, 0x00000000eab00000)
  object space 159744K, 75% used [0x00000000c0000000,0x00000000c757e9d0,0x00000000c9c00000)
 Metaspace       used 93531K, committed 94848K, reserved 1138688K
  class space    used 8993K, committed 9600K, reserved 1048576K
}

