# JRE version: OpenJDK Runtime Environment Temurin-17.0.4.1+1 (17.0.4.1+1) (build 17.0.4.1+1)
# Java VM: OpenJDK 64-Bit Server VM Temurin-17.0.4.1+1 (17.0.4.1+1, mixed mode, tiered, compressed oops, compressed class ptrs, parallel gc, windows-amd64)
GC Precious Log:
 CPUs: 8 total, 8 available
 Memory: 16317M
 Large Page Support: Disabled
 NUMA Support: Disabled
 Compressed Oops: Enabled (32-bit)
 Alignments: Space 512K, Generation 512K, Heap 2M
 Heap Min Capacity: 100M
 Heap Initial Capacity: 100M
 Heap Max Capacity: 1G
 Pre-touch: Disabled
 Parallel Workers: 8
Heap:
 PSYoungGen      total 5120K, used 4787K [0x00000000eab00000, 0x00000000eb100000, 0x0000000100000000)
  eden space 4096K, 100% used [0x00000000eab00000,0x00000000eaf00000,0x00000000eaf00000)
  from space 1024K, 67% used [0x00000000eb000000,0x00000000eb0ace28,0x00000000eb100000)
  to   space 1024K, 100% used [0x00000000eaf00000,0x00000000eb000000,0x00000000eb000000)
 ParOldGen       total 495616K, used 494215K [0x00000000c0000000, 0x00000000de400000, 0x00000000eab00000)
  object space 495616K, 99% used [0x00000000c0000000,0x00000000de2a1e90,0x00000000de400000)
 Metaspace       used 98564K, committed 99840K, reserved 1146880K
  class space    used 9562K, committed 10112K, reserved 1048576K
GC Heap History (20 events):
Event: 3170.019 GC heap after
{Heap after GC invocations=17311 (full 327):
 PSYoungGen      total 5120K, used 1269K [0x00000000eab00000, 0x00000000eb200000, 0x0000000100000000)
  eden space 3072K, 0% used [0x00000000eab00000,0x00000000eab00000,0x00000000eae00000)
  from space 2048K, 61% used [0x00000000eae00000,0x00000000eaf3d708,0x00000000eb000000)
  to   space 1536K, 0% used [0x00000000eb080000,0x00000000eb080000,0x00000000eb200000)
 ParOldGen       total 472064K, used 454289K [0x00000000c0000000, 0x00000000dcd00000, 0x00000000eab00000)
  object space 472064K, 96% used [0x00000000c0000000,0x00000000dbba4690,0x00000000dcd00000)
 Metaspace       used 98501K, committed 99776K, reserved 1146880K
  class space    used 9561K, committed 10112K, reserved 1048576K
}
Event: 3170.026 GC heap before
{Heap before GC invocations=17312 (full 327):
 PSYoungGen      total 5120K, used 4341K [0x00000000eab00000, 0x00000000eb200000, 0x0000000100000000)
  eden space 3072K, 100% used [0x00000000eab00000,0x00000000eae00000,0x00000000eae00000)
  from space 2048K, 61% used [0x00000000eae00000,0x00000000eaf3d708,0x00000000eb000000)
  to   space 1536K, 0% used [0x00000000eb080000,0x00000000eb080000,0x00000000eb200000)
 ParOldGen       total 472064K, used 454289K [0x00000000c0000000, 0x00000000dcd00000, 0x00000000eab00000)
  object space 472064K, 96% used [0x00000000c0000000,0x00000000dbba4690,0x00000000dcd00000)
 Metaspace       used 98501K, committed 99776K, reserved 1146880K
  class space    used 9561K, committed 10112K, reserved 1048576K
}
Event: 3170.028 GC heap after
{Heap after GC invocations=17312 (full 327):
 PSYoungGen      total 2560K, used 1520K [0x00000000eab00000, 0x00000000eb800000, 0x0000000100000000)
  eden space 1024K, 0% used [0x00000000eab00000,0x00000000eab00000,0x00000000eac00000)
  from space 1536K, 98% used [0x00000000eb080000,0x00000000eb1fc130,0x00000000eb200000)
  to   space 4608K, 0% used [0x00000000eac00000,0x00000000eac00000,0x00000000eb080000)
 ParOldGen       total 472064K, used 456619K [0x00000000c0000000, 0x00000000dcd00000, 0x00000000eab00000)
  object space 472064K, 96% used [0x00000000c0000000,0x00000000dbdeac08,0x00000000dcd00000)
 Metaspace       used 98501K, committed 99776K, reserved 1146880K
  class space    used 9561K, committed 10112K, reserved 1048576K
}
Event: 3170.030 GC heap before
{Heap before GC invocations=17313 (full 327):
 PSYoungGen      total 2560K, used 2543K [0x00000000eab00000, 0x00000000eb800000, 0x0000000100000000)
  eden space 1024K, 99% used [0x00000000eab00000,0x00000000eabffdb0,0x00000000eac00000)
  from space 1536K, 98% used [0x00000000eb080000,0x00000000eb1fc130,0x00000000eb200000)
  to   space 4608K, 0% used [0x00000000eac00000,0x00000000eac00000,0x00000000eb080000)
 ParOldGen       total 472064K, used 456619K [0x00000000c0000000, 0x00000000dcd00000, 0x00000000eab00000)
  object space 472064K, 96% used [0x00000000c0000000,0x00000000dbdeac08,0x00000000dcd00000)
 Metaspace       used 98501K, committed 99776K, reserved 1146880K
  class space    used 9561K, committed 10112K, reserved 1048576K
}
Event: 3170.031 GC heap after
{Heap after GC invocations=17313 (full 327):
 PSYoungGen      total 1536K, used 288K [0x00000000eab00000, 0x00000000eb100000, 0x0000000100000000)
  eden space 1024K, 0% used [0x00000000eab00000,0x00000000eab00000,0x00000000eac00000)
  from space 512K, 56% used [0x00000000eac00000,0x00000000eac48000,0x00000000eac80000)
  to   space 2048K, 0% used [0x00000000eaf00000,0x00000000eaf00000,0x00000000eb100000)
 ParOldGen       total 472064K, used 458166K [0x00000000c0000000, 0x00000000dcd00000, 0x00000000eab00000)
  object space 472064K, 97% used [0x00000000c0000000,0x00000000dbf6da20,0x00000000dcd00000)
 Metaspace       used 98501K, committed 99776K, reserved 1146880K
  class space    used 9561K, committed 10112K, reserved 1048576K
}
Event: 3170.034 GC heap before
{Heap before GC invocations=17314 (full 327):
 PSYoungGen      total 1536K, used 1312K [0x00000000eab00000, 0x00000000eb100000, 0x0000000100000000)
  eden space 1024K, 100% used [0x00000000eab00000,0x00000000eac00000,0x00000000eac00000)
  from space 512K, 56% used [0x00000000eac00000,0x00000000eac48000,0x00000000eac80000)
  to   space 2048K, 0% used [0x00000000eaf00000,0x00000000eaf00000,0x00000000eb100000)
 ParOldGen       total 472064K, used 458166K [0x00000000c0000000, 0x00000000dcd00000, 0x00000000eab00000)
  object space 472064K, 97% used [0x00000000c0000000,0x00000000dbf6da20,0x00000000dcd00000)
 Metaspace       used 98501K, committed 99776K, reserved 1146880K
  class space    used 9561K, committed 10112K, reserved 1048576K
}
Event: 3170.035 GC heap after
{Heap after GC invocations=17314 (full 327):
 PSYoungGen      total 2048K, used 352K [0x00000000eab00000, 0x00000000eaf80000, 0x0000000100000000)
  eden space 1536K, 0% used [0x00000000eab00000,0x00000000eab00000,0x00000000eac80000)
  from space 512K, 68% used [0x00000000eaf00000,0x00000000eaf58000,0x00000000eaf80000)
  to   space 1024K, 0% used [0x00000000ead80000,0x00000000ead80000,0x00000000eae80000)
 ParOldGen       total 472064K, used 458326K [0x00000000c0000000, 0x00000000dcd00000, 0x00000000eab00000)
  object space 472064K, 97% used [0x00000000c0000000,0x00000000dbf95a20,0x00000000dcd00000)
 Metaspace       used 98501K, committed 99776K, reserved 1146880K
  class space    used 9561K, committed 10112K, reserved 1048576K
}
Event: 3170.041 GC heap before
{Heap before GC invocations=17315 (full 327):
 PSYoungGen      total 2048K, used 1881K [0x00000000eab00000, 0x00000000eaf80000, 0x0000000100000000)
  eden space 1536K, 99% used [0x00000000eab00000,0x00000000eac7e418,0x00000000eac80000)
  from space 512K, 68% used [0x00000000eaf00000,0x00000000eaf58000,0x00000000eaf80000)
  to   space 1024K, 0% used [0x00000000ead80000,0x00000000ead80000,0x00000000eae80000)
 ParOldGen       total 472064K, used 458326K [0x00000000c0000000, 0x00000000dcd00000, 0x00000000eab00000)
  object space 472064K, 97% used [0x00000000c0000000,0x00000000dbf95a20,0x00000000dcd00000)
 Metaspace       used 98501K, committed 99776K, reserved 1146880K
  class space    used 9561K, committed 10112K, reserved 1048576K
}
Event: 3170.043 GC heap after
{Heap after GC invocations=17315 (full 327):
 PSYoungGen      total 3072K, used 452K [0x00000000eab00000, 0x00000000eaf80000, 0x0000000100000000)
  eden space 2048K, 0% used [0x00000000eab00000,0x00000000eab00000,0x00000000ead00000)
  from space 1024K, 44% used [0x00000000ead80000,0x00000000eadf13b0,0x00000000eae80000)
  to   space 512K, 0% used [0x00000000eaf00000,0x00000000eaf00000,0x00000000eaf80000)
 ParOldGen       total 472064K, used 458573K [0x00000000c0000000, 0x00000000dcd00000, 0x00000000eab00000)
  object space 472064K, 97% used [0x00000000c0000000,0x00000000dbfd3730,0x00000000dcd00000)
 Metaspace       used 98501K, committed 99776K, reserved 1146880K
  class space    used 9561K, committed 10112K, reserved 1048576K
}
Event: 3170.046 GC heap before
{Heap before GC invocations=17316 (full 327):
 PSYoungGen      total 3072K, used 2500K [0x00000000eab00000, 0x00000000eaf80000, 0x0000000100000000)
  eden space 2048K, 100% used [0x00000000eab00000,0x00000000ead00000,0x00000000ead00000)
  from space 1024K, 44% used [0x00000000ead80000,0x00000000eadf13b0,0x00000000eae80000)
  to   space 512K, 0% used [0x00000000eaf00000,0x00000000eaf00000,0x00000000eaf80000)
 ParOldGen       total 472064K, used 458573K [0x00000000c0000000, 0x00000000dcd00000, 0x00000000eab00000)
  object space 472064K, 97% used [0x00000000c0000000,0x00000000dbfd3730,0x00000000dcd00000)
 Metaspace       used 98501K, committed 99776K, reserved 1146880K
  class space    used 9561K, committed 10112K, reserved 1048576K
}
Event: 3170.048 GC heap after
{Heap after GC invocations=17316 (full 327):
 PSYoungGen      total 3072K, used 508K [0x00000000eab00000, 0x00000000eaf80000, 0x0000000100000000)
  eden space 2560K, 0% used [0x00000000eab00000,0x00000000eab00000,0x00000000ead80000)
  from space 512K, 99% used [0x00000000eaf00000,0x00000000eaf7f360,0x00000000eaf80000)
  to   space 1024K, 0% used [0x00000000ead80000,0x00000000ead80000,0x00000000eae80000)
 ParOldGen       total 472064K, used 458989K [0x00000000c0000000, 0x00000000dcd00000, 0x00000000eab00000)
  object space 472064K, 97% used [0x00000000c0000000,0x00000000dc03b750,0x00000000dcd00000)
 Metaspace       used 98501K, committed 99776K, reserved 1146880K
  class space    used 9561K, committed 10112K, reserved 1048576K
}
Event: 3170.053 GC heap before
{Heap before GC invocations=17317 (full 327):
 PSYoungGen      total 3072K, used 3068K [0x00000000eab00000, 0x00000000eaf80000, 0x0000000100000000)
  eden space 2560K, 100% used [0x00000000eab00000,0x00000000ead80000,0x00000000ead80000)
  from space 512K, 99% used [0x00000000eaf00000,0x00000000eaf7f360,0x00000000eaf80000)
  to   space 1024K, 0% used [0x00000000ead80000,0x00000000ead80000,0x00000000eae80000)
 ParOldGen       total 472064K, used 458989K [0x00000000c0000000, 0x00000000dcd00000, 0x00000000eab00000)
  object space 472064K, 97% used [0x00000000c0000000,0x00000000dc03b750,0x00000000dcd00000)
 Metaspace       used 98501K, committed 99776K, reserved 1146880K
  class space    used 9561K, committed 10112K, reserved 1048576K
}
Event: 3170.055 GC heap after
{Heap after GC invocations=17317 (full 327):
 PSYoungGen      total 3584K, used 576K [0x00000000eab00000, 0x00000000eb000000, 0x0000000100000000)
  eden space 2560K, 0% used [0x00000000eab00000,0x00000000eab00000,0x00000000ead80000)
  from space 1024K, 56% used [0x00000000ead80000,0x00000000eae10000,0x00000000eae80000)
  to   space 1024K, 0% used [0x00000000eaf00000,0x00000000eaf00000,0x00000000eb000000)
 ParOldGen       total 472064K, used 459437K [0x00000000c0000000, 0x00000000dcd00000, 0x00000000eab00000)
  object space 472064K, 97% used [0x00000000c0000000,0x00000000dc0ab750,0x00000000dcd00000)
 Metaspace       used 98501K, committed 99776K, reserved 1146880K
  class space    used 9561K, committed 10112K, reserved 1048576K
}
Event: 3170.061 GC heap before
{Heap before GC invocations=17318 (full 327):
 PSYoungGen      total 3584K, used 3136K [0x00000000eab00000, 0x00000000eb000000, 0x0000000100000000)
  eden space 2560K, 100% used [0x00000000eab00000,0x00000000ead80000,0x00000000ead80000)
  from space 1024K, 56% used [0x00000000ead80000,0x00000000eae10000,0x00000000eae80000)
  to   space 1024K, 0% used [0x00000000eaf00000,0x00000000eaf00000,0x00000000eb000000)
 ParOldGen       total 472064K, used 459437K [0x00000000c0000000, 0x00000000dcd00000, 0x00000000eab00000)
  object space 472064K, 97% used [0x00000000c0000000,0x00000000dc0ab750,0x00000000dcd00000)
 Metaspace       used 98501K, committed 99776K, reserved 1146880K
  class space    used 9561K, committed 10112K, reserved 1048576K
}
Event: 3170.062 GC heap after
{Heap after GC invocations=17318 (full 327):
 PSYoungGen      total 4096K, used 576K [0x00000000eab00000, 0x00000000eb000000, 0x0000000100000000)
  eden space 3072K, 0% used [0x00000000eab00000,0x00000000eab00000,0x00000000eae00000)
  from space 1024K, 56% used [0x00000000eaf00000,0x00000000eaf90000,0x00000000eb000000)
  to   space 1024K, 0% used [0x00000000eae00000,0x00000000eae00000,0x00000000eaf00000)
 ParOldGen       total 472064K, used 459889K [0x00000000c0000000, 0x00000000dcd00000, 0x00000000eab00000)
  object space 472064K, 97% used [0x00000000c0000000,0x00000000dc11c760,0x00000000dcd00000)
 Metaspace       used 98501K, committed 99776K, reserved 1146880K
  class space    used 9561K, committed 10112K, reserved 1048576K
}
Event: 3170.098 GC heap before
{Heap before GC invocations=17319 (full 327):
 PSYoungGen      total 4096K, used 3648K [0x00000000eab00000, 0x00000000eb000000, 0x0000000100000000)
  eden space 3072K, 100% used [0x00000000eab00000,0x00000000eae00000,0x00000000eae00000)
  from space 1024K, 56% used [0x00000000eaf00000,0x00000000eaf90000,0x00000000eb000000)
  to   space 1024K, 0% used [0x00000000eae00000,0x00000000eae00000,0x00000000eaf00000)
 ParOldGen       total 495616K, used 490609K [0x00000000c0000000, 0x00000000de400000, 0x00000000eab00000)
  object space 495616K, 98% used [0x00000000c0000000,0x00000000ddf1c790,0x00000000de400000)
 Metaspace       used 98564K, committed 99840K, reserved 1146880K
  class space    used 9562K, committed 10112K, reserved 1048576K
}
Event: 3170.100 GC heap after
{Heap after GC invocations=17319 (full 327):
 PSYoungGen      total 4096K, used 538K [0x00000000eab00000, 0x00000000eb100000, 0x0000000100000000)
  eden space 3072K, 0% used [0x00000000eab00000,0x00000000eab00000,0x00000000eae00000)
  from space 1024K, 52% used [0x00000000eae00000,0x00000000eae86b08,0x00000000eaf00000)
  to   space 1024K, 0% used [0x00000000eb000000,0x00000000eb000000,0x00000000eb100000)
 ParOldGen       total 495616K, used 490963K [0x00000000c0000000, 0x00000000de400000, 0x00000000eab00000)
  object space 495616K, 99% used [0x00000000c0000000,0x00000000ddf74f90,0x00000000de400000)
 Metaspace       used 98564K, committed 99840K, reserved 1146880K
  class space    used 9562K, committed 10112K, reserved 1048576K
}
Event: 3170.107 GC heap before
{Heap before GC invocations=17320 (full 327):
 PSYoungGen      total 4096K, used 3610K [0x00000000eab00000, 0x00000000eb100000, 0x0000000100000000)
  eden space 3072K, 100% used [0x00000000eab00000,0x00000000eae00000,0x00000000eae00000)
  from space 1024K, 52% used [0x00000000eae00000,0x00000000eae86b08,0x00000000eaf00000)
  to   space 1024K, 0% used [0x00000000eb000000,0x00000000eb000000,0x00000000eb100000)
 ParOldGen       total 495616K, used 490963K [0x00000000c0000000, 0x00000000de400000, 0x00000000eab00000)
  object space 495616K, 99% used [0x00000000c0000000,0x00000000ddf74f90,0x00000000de400000)
 Metaspace       used 98564K, committed 99840K, reserved 1146880K
  class space    used 9562K, committed 10112K, reserved 1048576K
}
Event: 3170.108 GC heap after
{Heap after GC invocations=17320 (full 327):
 PSYoungGen      total 5120K, used 691K [0x00000000eab00000, 0x00000000eb100000, 0x0000000100000000)
  eden space 4096K, 0% used [0x00000000eab00000,0x00000000eab00000,0x00000000eaf00000)
  from space 1024K, 67% used [0x00000000eb000000,0x00000000eb0ace28,0x00000000eb100000)
  to   space 1024K, 0% used [0x00000000eaf00000,0x00000000eaf00000,0x00000000eb000000)
 ParOldGen       total 495616K, used 491716K [0x00000000c0000000, 0x00000000de400000, 0x00000000eab00000)
  object space 495616K, 99% used [0x00000000c0000000,0x00000000de031068,0x00000000de400000)
 Metaspace       used 98564K, committed 99840K, reserved 1146880K
  class space    used 9562K, committed 10112K, reserved 1048576K
}
Event: 3170.112 GC heap before
{Heap before GC invocations=17321 (full 327):
 PSYoungGen      total 5120K, used 4787K [0x00000000eab00000, 0x00000000eb100000, 0x0000000100000000)
  eden space 4096K, 100% used [0x00000000eab00000,0x00000000eaf00000,0x00000000eaf00000)
  from space 1024K, 67% used [0x00000000eb000000,0x00000000eb0ace28,0x00000000eb100000)
  to   space 1024K, 0% used [0x00000000eaf00000,0x00000000eaf00000,0x00000000eb000000)
 ParOldGen       total 495616K, used 491716K [0x00000000c0000000, 0x00000000de400000, 0x00000000eab00000)
  object space 495616K, 99% used [0x00000000c0000000,0x00000000de031068,0x00000000de400000)
 Metaspace       used 98564K, committed 99840K, reserved 1146880K
  class space    used 9562K, committed 10112K, reserved 1048576K
}

