# JRE version: OpenJDK Runtime Environment Temurin-17.0.4.1+1 (17.0.4.1+1) (build 17.0.4.1+1)
# Java VM: OpenJDK 64-Bit Server VM Temurin-17.0.4.1+1 (17.0.4.1+1, mixed mode, tiered, compressed oops, compressed class ptrs, parallel gc, windows-amd64)
GC Precious Log:
 CPUs: 8 total, 8 available
 Memory: 16317M
 Large Page Support: Disabled
 NUMA Support: Disabled
 Compressed Oops: Enabled (32-bit)
 Alignments: Space 512K, Generation 512K, Heap 2M
 Heap Min Capacity: 100M
 Heap Initial Capacity: 100M
 Heap Max Capacity: 1G
 Pre-touch: Disabled
 Parallel Workers: 8
Heap:
 PSYoungGen      total 3584K, used 218K [0x00000000eab00000, 0x00000000eb000000, 0x0000000100000000)
  eden space 3072K, 0% used [0x00000000eab00000,0x00000000eab00000,0x00000000eae00000)
  from space 512K, 42% used [0x00000000eaf80000,0x00000000eafb6900,0x00000000eb000000)
  to   space 512K, 0% used [0x00000000eaf00000,0x00000000eaf00000,0x00000000eaf80000)
 ParOldGen       total 156672K, used 156103K [0x00000000c0000000, 0x00000000c9900000, 0x00000000eab00000)
  object space 156672K, 99% used [0x00000000c0000000,0x00000000c9871f18,0x00000000c9900000)
 Metaspace       used 97923K, committed 99200K, reserved 1138688K
  class space    used 9397K, committed 9984K, reserved 1048576K
GC Heap History (20 events):
Event: 7238.208 GC heap after
{Heap after GC invocations=24876 (full 515):
 PSYoungGen      total 4096K, used 617K [0x00000000eab00000, 0x00000000eb000000, 0x0000000100000000)
  eden space 3072K, 0% used [0x00000000eab00000,0x00000000eab00000,0x00000000eae00000)
  from space 1024K, 60% used [0x00000000eae00000,0x00000000eae9a400,0x00000000eaf00000)
  to   space 1024K, 0% used [0x00000000eaf00000,0x00000000eaf00000,0x00000000eb000000)
 ParOldGen       total 156672K, used 148831K [0x00000000c0000000, 0x00000000c9900000, 0x00000000eab00000)
  object space 156672K, 94% used [0x00000000c0000000,0x00000000c9157e88,0x00000000c9900000)
 Metaspace       used 97923K, committed 99200K, reserved 1138688K
  class space    used 9397K, committed 9984K, reserved 1048576K
}
Event: 7238.213 GC heap before
{Heap before GC invocations=24877 (full 515):
 PSYoungGen      total 4096K, used 3689K [0x00000000eab00000, 0x00000000eb000000, 0x0000000100000000)
  eden space 3072K, 100% used [0x00000000eab00000,0x00000000eae00000,0x00000000eae00000)
  from space 1024K, 60% used [0x00000000eae00000,0x00000000eae9a400,0x00000000eaf00000)
  to   space 1024K, 0% used [0x00000000eaf00000,0x00000000eaf00000,0x00000000eb000000)
 ParOldGen       total 156672K, used 148831K [0x00000000c0000000, 0x00000000c9900000, 0x00000000eab00000)
  object space 156672K, 94% used [0x00000000c0000000,0x00000000c9157e88,0x00000000c9900000)
 Metaspace       used 97923K, committed 99200K, reserved 1138688K
  class space    used 9397K, committed 9984K, reserved 1048576K
}
Event: 7238.213 GC heap after
{Heap after GC invocations=24877 (full 515):
 PSYoungGen      total 4096K, used 864K [0x00000000eab00000, 0x00000000eb000000, 0x0000000100000000)
  eden space 3072K, 0% used [0x00000000eab00000,0x00000000eab00000,0x00000000eae00000)
  from space 1024K, 84% used [0x00000000eaf00000,0x00000000eafd8000,0x00000000eb000000)
  to   space 1024K, 0% used [0x00000000eae00000,0x00000000eae00000,0x00000000eaf00000)
 ParOldGen       total 156672K, used 149304K [0x00000000c0000000, 0x00000000c9900000, 0x00000000eab00000)
  object space 156672K, 95% used [0x00000000c0000000,0x00000000c91ce2a8,0x00000000c9900000)
 Metaspace       used 97923K, committed 99200K, reserved 1138688K
  class space    used 9397K, committed 9984K, reserved 1048576K
}
Event: 7238.218 GC heap before
{Heap before GC invocations=24878 (full 515):
 PSYoungGen      total 4096K, used 3936K [0x00000000eab00000, 0x00000000eb000000, 0x0000000100000000)
  eden space 3072K, 100% used [0x00000000eab00000,0x00000000eae00000,0x00000000eae00000)
  from space 1024K, 84% used [0x00000000eaf00000,0x00000000eafd8000,0x00000000eb000000)
  to   space 1024K, 0% used [0x00000000eae00000,0x00000000eae00000,0x00000000eaf00000)
 ParOldGen       total 156672K, used 149304K [0x00000000c0000000, 0x00000000c9900000, 0x00000000eab00000)
  object space 156672K, 95% used [0x00000000c0000000,0x00000000c91ce2a8,0x00000000c9900000)
 Metaspace       used 97923K, committed 99200K, reserved 1138688K
  class space    used 9397K, committed 9984K, reserved 1048576K
}
Event: 7238.219 GC heap after
{Heap after GC invocations=24878 (full 515):
 PSYoungGen      total 4096K, used 1001K [0x00000000eab00000, 0x00000000eb100000, 0x0000000100000000)
  eden space 3072K, 0% used [0x00000000eab00000,0x00000000eab00000,0x00000000eae00000)
  from space 1024K, 97% used [0x00000000eae00000,0x00000000eaefa400,0x00000000eaf00000)
  to   space 1536K, 0% used [0x00000000eaf80000,0x00000000eaf80000,0x00000000eb100000)
 ParOldGen       total 156672K, used 150130K [0x00000000c0000000, 0x00000000c9900000, 0x00000000eab00000)
  object space 156672K, 95% used [0x00000000c0000000,0x00000000c929ca38,0x00000000c9900000)
 Metaspace       used 97923K, committed 99200K, reserved 1138688K
  class space    used 9397K, committed 9984K, reserved 1048576K
}
Event: 7238.342 GC heap before
{Heap before GC invocations=24879 (full 515):
 PSYoungGen      total 4096K, used 4073K [0x00000000eab00000, 0x00000000eb100000, 0x0000000100000000)
  eden space 3072K, 100% used [0x00000000eab00000,0x00000000eae00000,0x00000000eae00000)
  from space 1024K, 97% used [0x00000000eae00000,0x00000000eaefa400,0x00000000eaf00000)
  to   space 1536K, 0% used [0x00000000eaf80000,0x00000000eaf80000,0x00000000eb100000)
 ParOldGen       total 156672K, used 150130K [0x00000000c0000000, 0x00000000c9900000, 0x00000000eab00000)
  object space 156672K, 95% used [0x00000000c0000000,0x00000000c929ca38,0x00000000c9900000)
 Metaspace       used 97923K, committed 99200K, reserved 1138688K
  class space    used 9397K, committed 9984K, reserved 1048576K
}
Event: 7238.343 GC heap after
{Heap after GC invocations=24879 (full 515):
 PSYoungGen      total 4096K, used 905K [0x00000000eab00000, 0x00000000eb080000, 0x0000000100000000)
  eden space 3072K, 0% used [0x00000000eab00000,0x00000000eab00000,0x00000000eae00000)
  from space 1024K, 88% used [0x00000000eaf80000,0x00000000eb062400,0x00000000eb080000)
  to   space 1024K, 0% used [0x00000000eae00000,0x00000000eae00000,0x00000000eaf00000)
 ParOldGen       total 156672K, used 151045K [0x00000000c0000000, 0x00000000c9900000, 0x00000000eab00000)
  object space 156672K, 96% used [0x00000000c0000000,0x00000000c93815a8,0x00000000c9900000)
 Metaspace       used 97923K, committed 99200K, reserved 1138688K
  class space    used 9397K, committed 9984K, reserved 1048576K
}
Event: 7238.348 GC heap before
{Heap before GC invocations=24880 (full 515):
 PSYoungGen      total 4096K, used 3977K [0x00000000eab00000, 0x00000000eb080000, 0x0000000100000000)
  eden space 3072K, 100% used [0x00000000eab00000,0x00000000eae00000,0x00000000eae00000)
  from space 1024K, 88% used [0x00000000eaf80000,0x00000000eb062400,0x00000000eb080000)
  to   space 1024K, 0% used [0x00000000eae00000,0x00000000eae00000,0x00000000eaf00000)
 ParOldGen       total 156672K, used 151045K [0x00000000c0000000, 0x00000000c9900000, 0x00000000eab00000)
  object space 156672K, 96% used [0x00000000c0000000,0x00000000c93815a8,0x00000000c9900000)
 Metaspace       used 97923K, committed 99200K, reserved 1138688K
  class space    used 9397K, committed 9984K, reserved 1048576K
}
Event: 7238.349 GC heap after
{Heap after GC invocations=24880 (full 515):
 PSYoungGen      total 4096K, used 896K [0x00000000eab00000, 0x00000000eb000000, 0x0000000100000000)
  eden space 3072K, 0% used [0x00000000eab00000,0x00000000eab00000,0x00000000eae00000)
  from space 1024K, 87% used [0x00000000eae00000,0x00000000eaee0000,0x00000000eaf00000)
  to   space 1024K, 0% used [0x00000000eaf00000,0x00000000eaf00000,0x00000000eb000000)
 ParOldGen       total 156672K, used 151856K [0x00000000c0000000, 0x00000000c9900000, 0x00000000eab00000)
  object space 156672K, 96% used [0x00000000c0000000,0x00000000c944c138,0x00000000c9900000)
 Metaspace       used 97923K, committed 99200K, reserved 1138688K
  class space    used 9397K, committed 9984K, reserved 1048576K
}
Event: 7238.599 GC heap before
{Heap before GC invocations=24881 (full 515):
 PSYoungGen      total 4096K, used 3967K [0x00000000eab00000, 0x00000000eb000000, 0x0000000100000000)
  eden space 3072K, 99% used [0x00000000eab00000,0x00000000eadfffe8,0x00000000eae00000)
  from space 1024K, 87% used [0x00000000eae00000,0x00000000eaee0000,0x00000000eaf00000)
  to   space 1024K, 0% used [0x00000000eaf00000,0x00000000eaf00000,0x00000000eb000000)
 ParOldGen       total 156672K, used 151856K [0x00000000c0000000, 0x00000000c9900000, 0x00000000eab00000)
  object space 156672K, 96% used [0x00000000c0000000,0x00000000c944c138,0x00000000c9900000)
 Metaspace       used 97923K, committed 99200K, reserved 1138688K
  class space    used 9397K, committed 9984K, reserved 1048576K
}
Event: 7238.600 GC heap after
{Heap after GC invocations=24881 (full 515):
 PSYoungGen      total 4096K, used 825K [0x00000000eab00000, 0x00000000eb000000, 0x0000000100000000)
  eden space 3072K, 0% used [0x00000000eab00000,0x00000000eab00000,0x00000000eae00000)
  from space 1024K, 80% used [0x00000000eaf00000,0x00000000eafce410,0x00000000eb000000)
  to   space 1024K, 0% used [0x00000000eae00000,0x00000000eae00000,0x00000000eaf00000)
 ParOldGen       total 156672K, used 152654K [0x00000000c0000000, 0x00000000c9900000, 0x00000000eab00000)
  object space 156672K, 97% used [0x00000000c0000000,0x00000000c95138b8,0x00000000c9900000)
 Metaspace       used 97923K, committed 99200K, reserved 1138688K
  class space    used 9397K, committed 9984K, reserved 1048576K
}
Event: 7238.604 GC heap before
{Heap before GC invocations=24882 (full 515):
 PSYoungGen      total 4096K, used 3897K [0x00000000eab00000, 0x00000000eb000000, 0x0000000100000000)
  eden space 3072K, 100% used [0x00000000eab00000,0x00000000eae00000,0x00000000eae00000)
  from space 1024K, 80% used [0x00000000eaf00000,0x00000000eafce410,0x00000000eb000000)
  to   space 1024K, 0% used [0x00000000eae00000,0x00000000eae00000,0x00000000eaf00000)
 ParOldGen       total 156672K, used 152654K [0x00000000c0000000, 0x00000000c9900000, 0x00000000eab00000)
  object space 156672K, 97% used [0x00000000c0000000,0x00000000c95138b8,0x00000000c9900000)
 Metaspace       used 97923K, committed 99200K, reserved 1138688K
  class space    used 9397K, committed 9984K, reserved 1048576K
}
Event: 7238.605 GC heap after
{Heap after GC invocations=24882 (full 515):
 PSYoungGen      total 4096K, used 1018K [0x00000000eab00000, 0x00000000eb200000, 0x0000000100000000)
  eden space 3072K, 0% used [0x00000000eab00000,0x00000000eab00000,0x00000000eae00000)
  from space 1024K, 99% used [0x00000000eae00000,0x00000000eaefe900,0x00000000eaf00000)
  to   space 2048K, 0% used [0x00000000eb000000,0x00000000eb000000,0x00000000eb200000)
 ParOldGen       total 156672K, used 153356K [0x00000000c0000000, 0x00000000c9900000, 0x00000000eab00000)
  object space 156672K, 97% used [0x00000000c0000000,0x00000000c95c3090,0x00000000c9900000)
 Metaspace       used 97923K, committed 99200K, reserved 1138688K
  class space    used 9397K, committed 9984K, reserved 1048576K
}
Event: 7238.610 GC heap before
{Heap before GC invocations=24883 (full 515):
 PSYoungGen      total 4096K, used 4090K [0x00000000eab00000, 0x00000000eb200000, 0x0000000100000000)
  eden space 3072K, 100% used [0x00000000eab00000,0x00000000eae00000,0x00000000eae00000)
  from space 1024K, 99% used [0x00000000eae00000,0x00000000eaefe900,0x00000000eaf00000)
  to   space 2048K, 0% used [0x00000000eb000000,0x00000000eb000000,0x00000000eb200000)
 ParOldGen       total 156672K, used 153356K [0x00000000c0000000, 0x00000000c9900000, 0x00000000eab00000)
  object space 156672K, 97% used [0x00000000c0000000,0x00000000c95c3090,0x00000000c9900000)
 Metaspace       used 97923K, committed 99200K, reserved 1138688K
  class space    used 9397K, committed 9984K, reserved 1048576K
}
Event: 7238.611 GC heap after
{Heap after GC invocations=24883 (full 515):
 PSYoungGen      total 4096K, used 986K [0x00000000eab00000, 0x00000000eb100000, 0x0000000100000000)
  eden space 3072K, 0% used [0x00000000eab00000,0x00000000eab00000,0x00000000eae00000)
  from space 1024K, 96% used [0x00000000eb000000,0x00000000eb0f6900,0x00000000eb100000)
  to   space 1536K, 0% used [0x00000000eae00000,0x00000000eae00000,0x00000000eaf80000)
 ParOldGen       total 156672K, used 154354K [0x00000000c0000000, 0x00000000c9900000, 0x00000000eab00000)
  object space 156672K, 98% used [0x00000000c0000000,0x00000000c96bca40,0x00000000c9900000)
 Metaspace       used 97923K, committed 99200K, reserved 1138688K
  class space    used 9397K, committed 9984K, reserved 1048576K
}
Event: 7238.615 GC heap before
{Heap before GC invocations=24884 (full 515):
 PSYoungGen      total 4096K, used 4058K [0x00000000eab00000, 0x00000000eb100000, 0x0000000100000000)
  eden space 3072K, 100% used [0x00000000eab00000,0x00000000eae00000,0x00000000eae00000)
  from space 1024K, 96% used [0x00000000eb000000,0x00000000eb0f6900,0x00000000eb100000)
  to   space 1536K, 0% used [0x00000000eae00000,0x00000000eae00000,0x00000000eaf80000)
 ParOldGen       total 156672K, used 154354K [0x00000000c0000000, 0x00000000c9900000, 0x00000000eab00000)
  object space 156672K, 98% used [0x00000000c0000000,0x00000000c96bca40,0x00000000c9900000)
 Metaspace       used 97923K, committed 99200K, reserved 1138688K
  class space    used 9397K, committed 9984K, reserved 1048576K
}
Event: 7238.616 GC heap after
{Heap after GC invocations=24884 (full 515):
 PSYoungGen      total 4608K, used 960K [0x00000000eab00000, 0x00000000eb080000, 0x0000000100000000)
  eden space 3072K, 0% used [0x00000000eab00000,0x00000000eab00000,0x00000000eae00000)
  from space 1536K, 62% used [0x00000000eae00000,0x00000000eaef0000,0x00000000eaf80000)
  to   space 1024K, 0% used [0x00000000eaf80000,0x00000000eaf80000,0x00000000eb080000)
 ParOldGen       total 156672K, used 155249K [0x00000000c0000000, 0x00000000c9900000, 0x00000000eab00000)
  object space 156672K, 99% used [0x00000000c0000000,0x00000000c979c798,0x00000000c9900000)
 Metaspace       used 97923K, committed 99200K, reserved 1138688K
  class space    used 9397K, committed 9984K, reserved 1048576K
}
Event: 7238.620 GC heap before
{Heap before GC invocations=24885 (full 515):
 PSYoungGen      total 4608K, used 4032K [0x00000000eab00000, 0x00000000eb080000, 0x0000000100000000)
  eden space 3072K, 100% used [0x00000000eab00000,0x00000000eae00000,0x00000000eae00000)
  from space 1536K, 62% used [0x00000000eae00000,0x00000000eaef0000,0x00000000eaf80000)
  to   space 1024K, 0% used [0x00000000eaf80000,0x00000000eaf80000,0x00000000eb080000)
 ParOldGen       total 156672K, used 155249K [0x00000000c0000000, 0x00000000c9900000, 0x00000000eab00000)
  object space 156672K, 99% used [0x00000000c0000000,0x00000000c979c798,0x00000000c9900000)
 Metaspace       used 97923K, committed 99200K, reserved 1138688K
  class space    used 9397K, committed 9984K, reserved 1048576K
}
Event: 7238.621 GC heap after
{Heap after GC invocations=24885 (full 515):
 PSYoungGen      total 3584K, used 218K [0x00000000eab00000, 0x00000000eb000000, 0x0000000100000000)
  eden space 3072K, 0% used [0x00000000eab00000,0x00000000eab00000,0x00000000eae00000)
  from space 512K, 42% used [0x00000000eaf80000,0x00000000eafb6900,0x00000000eb000000)
  to   space 512K, 0% used [0x00000000eaf00000,0x00000000eaf00000,0x00000000eaf80000)
 ParOldGen       total 156672K, used 156103K [0x00000000c0000000, 0x00000000c9900000, 0x00000000eab00000)
  object space 156672K, 99% used [0x00000000c0000000,0x00000000c9871f18,0x00000000c9900000)
 Metaspace       used 97923K, committed 99200K, reserved 1138688K
  class space    used 9397K, committed 9984K, reserved 1048576K
}
Event: 7238.621 GC heap before
{Heap before GC invocations=24886 (full 516):
 PSYoungGen      total 3584K, used 218K [0x00000000eab00000, 0x00000000eb000000, 0x0000000100000000)
  eden space 3072K, 0% used [0x00000000eab00000,0x00000000eab00000,0x00000000eae00000)
  from space 512K, 42% used [0x00000000eaf80000,0x00000000eafb6900,0x00000000eb000000)
  to   space 512K, 0% used [0x00000000eaf00000,0x00000000eaf00000,0x00000000eaf80000)
 ParOldGen       total 156672K, used 156103K [0x00000000c0000000, 0x00000000c9900000, 0x00000000eab00000)
  object space 156672K, 99% used [0x00000000c0000000,0x00000000c9871f18,0x00000000c9900000)
 Metaspace       used 97923K, committed 99200K, reserved 1138688K
  class space    used 9397K, committed 9984K, reserved 1048576K
}

