# JRE version: OpenJDK Runtime Environment Temurin-17.0.4.1+1 (17.0.4.1+1) (build 17.0.4.1+1)
# Java VM: OpenJDK 64-Bit Server VM Temurin-17.0.4.1+1 (17.0.4.1+1, mixed mode, tiered, compressed oops, compressed class ptrs, parallel gc, windows-amd64)
GC Precious Log:
 CPUs: 8 total, 8 available
 Memory: 16317M
 Large Page Support: Disabled
 NUMA Support: Disabled
 Compressed Oops: Enabled (32-bit)
 Alignments: Space 512K, Generation 512K, Heap 2M
 Heap Min Capacity: 100M
 Heap Initial Capacity: 100M
 Heap Max Capacity: 1G
 Pre-touch: Disabled
 Parallel Workers: 8
Heap:
 PSYoungGen      total 4608K, used 4608K [0x00000000eab00000, 0x00000000eb900000, 0x0000000100000000)
  eden space 4096K, 100% used [0x00000000eab00000,0x00000000eaf00000,0x00000000eaf00000)
  from space 512K, 100% used [0x00000000eb100000,0x00000000eb180000,0x00000000eb180000)
  to   space 5120K, 91% used [0x00000000eb400000,0x00000000eb890000,0x00000000eb900000)
 ParOldGen       total 161792K, used 119798K [0x00000000c0000000, 0x00000000c9e00000, 0x00000000eab00000)
  object space 161792K, 74% used [0x00000000c0000000,0x00000000c74fd9d8,0x00000000c9e00000)
 Metaspace       used 94778K, committed 96128K, reserved 1138688K
  class space    used 9091K, committed 9728K, reserved 1048576K
GC Heap History (20 events):
Event: 3063.728 GC heap after
{Heap after GC invocations=18350 (full 412):
 PSYoungGen      total 7680K, used 1001K [0x00000000eab00000, 0x00000000eb480000, 0x0000000100000000)
  eden space 6656K, 0% used [0x00000000eab00000,0x00000000eab00000,0x00000000eb180000)
  from space 1024K, 97% used [0x00000000eb380000,0x00000000eb47a400,0x00000000eb480000)
  to   space 1536K, 0% used [0x00000000eb180000,0x00000000eb180000,0x00000000eb300000)
 ParOldGen       total 174592K, used 167011K [0x00000000c0000000, 0x00000000caa80000, 0x00000000eab00000)
  object space 174592K, 95% used [0x00000000c0000000,0x00000000ca318c58,0x00000000caa80000)
 Metaspace       used 94774K, committed 96128K, reserved 1138688K
  class space    used 9091K, committed 9728K, reserved 1048576K
}
Event: 3063.738 GC heap before
{Heap before GC invocations=18351 (full 412):
 PSYoungGen      total 7680K, used 7657K [0x00000000eab00000, 0x00000000eb480000, 0x0000000100000000)
  eden space 6656K, 100% used [0x00000000eab00000,0x00000000eb180000,0x00000000eb180000)
  from space 1024K, 97% used [0x00000000eb380000,0x00000000eb47a400,0x00000000eb480000)
  to   space 1536K, 0% used [0x00000000eb180000,0x00000000eb180000,0x00000000eb300000)
 ParOldGen       total 174592K, used 167011K [0x00000000c0000000, 0x00000000caa80000, 0x00000000eab00000)
  object space 174592K, 95% used [0x00000000c0000000,0x00000000ca318c58,0x00000000caa80000)
 Metaspace       used 94774K, committed 96128K, reserved 1138688K
  class space    used 9091K, committed 9728K, reserved 1048576K
}
Event: 3063.739 GC heap after
{Heap after GC invocations=18351 (full 412):
 PSYoungGen      total 8192K, used 1220K [0x00000000eab00000, 0x00000000eb480000, 0x0000000100000000)
  eden space 6656K, 0% used [0x00000000eab00000,0x00000000eab00000,0x00000000eb180000)
  from space 1536K, 79% used [0x00000000eb180000,0x00000000eb2b1210,0x00000000eb300000)
  to   space 1536K, 0% used [0x00000000eb300000,0x00000000eb300000,0x00000000eb480000)
 ParOldGen       total 174592K, used 167926K [0x00000000c0000000, 0x00000000caa80000, 0x00000000eab00000)
  object space 174592K, 96% used [0x00000000c0000000,0x00000000ca3fda60,0x00000000caa80000)
 Metaspace       used 94774K, committed 96128K, reserved 1138688K
  class space    used 9091K, committed 9728K, reserved 1048576K
}
Event: 3063.914 GC heap before
{Heap before GC invocations=18352 (full 412):
 PSYoungGen      total 8192K, used 7876K [0x00000000eab00000, 0x00000000eb480000, 0x0000000100000000)
  eden space 6656K, 100% used [0x00000000eab00000,0x00000000eb180000,0x00000000eb180000)
  from space 1536K, 79% used [0x00000000eb180000,0x00000000eb2b1210,0x00000000eb300000)
  to   space 1536K, 0% used [0x00000000eb300000,0x00000000eb300000,0x00000000eb480000)
 ParOldGen       total 174592K, used 167926K [0x00000000c0000000, 0x00000000caa80000, 0x00000000eab00000)
  object space 174592K, 96% used [0x00000000c0000000,0x00000000ca3fda60,0x00000000caa80000)
 Metaspace       used 94774K, committed 96128K, reserved 1138688K
  class space    used 9091K, committed 9728K, reserved 1048576K
}
Event: 3063.915 GC heap after
{Heap after GC invocations=18352 (full 412):
 PSYoungGen      total 5632K, used 1531K [0x00000000eab00000, 0x00000000eb980000, 0x0000000100000000)
  eden space 4096K, 0% used [0x00000000eab00000,0x00000000eab00000,0x00000000eaf00000)
  from space 1536K, 99% used [0x00000000eb300000,0x00000000eb47ec00,0x00000000eb480000)
  to   space 4096K, 0% used [0x00000000eaf00000,0x00000000eaf00000,0x00000000eb300000)
 ParOldGen       total 174592K, used 169675K [0x00000000c0000000, 0x00000000caa80000, 0x00000000eab00000)
  object space 174592K, 97% used [0x00000000c0000000,0x00000000ca5b2f28,0x00000000caa80000)
 Metaspace       used 94774K, committed 96128K, reserved 1138688K
  class space    used 9091K, committed 9728K, reserved 1048576K
}
Event: 3063.920 GC heap before
{Heap before GC invocations=18353 (full 412):
 PSYoungGen      total 5632K, used 5627K [0x00000000eab00000, 0x00000000eb980000, 0x0000000100000000)
  eden space 4096K, 100% used [0x00000000eab00000,0x00000000eaf00000,0x00000000eaf00000)
  from space 1536K, 99% used [0x00000000eb300000,0x00000000eb47ec00,0x00000000eb480000)
  to   space 4096K, 0% used [0x00000000eaf00000,0x00000000eaf00000,0x00000000eb300000)
 ParOldGen       total 174592K, used 169675K [0x00000000c0000000, 0x00000000caa80000, 0x00000000eab00000)
  object space 174592K, 97% used [0x00000000c0000000,0x00000000ca5b2f28,0x00000000caa80000)
 Metaspace       used 94774K, committed 96128K, reserved 1138688K
  class space    used 9091K, committed 9728K, reserved 1048576K
}
Event: 3063.922 GC heap after
{Heap after GC invocations=18353 (full 412):
 PSYoungGen      total 5632K, used 1280K [0x00000000eab00000, 0x00000000eb380000, 0x0000000100000000)
  eden space 4096K, 0% used [0x00000000eab00000,0x00000000eab00000,0x00000000eaf00000)
  from space 1536K, 83% used [0x00000000eaf00000,0x00000000eb040000,0x00000000eb080000)
  to   space 2048K, 0% used [0x00000000eb180000,0x00000000eb180000,0x00000000eb380000)
 ParOldGen       total 174592K, used 171212K [0x00000000c0000000, 0x00000000caa80000, 0x00000000eab00000)
  object space 174592K, 98% used [0x00000000c0000000,0x00000000ca733208,0x00000000caa80000)
 Metaspace       used 94774K, committed 96128K, reserved 1138688K
  class space    used 9091K, committed 9728K, reserved 1048576K
}
Event: 3064.224 GC heap before
{Heap before GC invocations=18354 (full 412):
 PSYoungGen      total 5632K, used 5376K [0x00000000eab00000, 0x00000000eb380000, 0x0000000100000000)
  eden space 4096K, 100% used [0x00000000eab00000,0x00000000eaf00000,0x00000000eaf00000)
  from space 1536K, 83% used [0x00000000eaf00000,0x00000000eb040000,0x00000000eb080000)
  to   space 2048K, 0% used [0x00000000eb180000,0x00000000eb180000,0x00000000eb380000)
 ParOldGen       total 174592K, used 171212K [0x00000000c0000000, 0x00000000caa80000, 0x00000000eab00000)
  object space 174592K, 98% used [0x00000000c0000000,0x00000000ca733208,0x00000000caa80000)
 Metaspace       used 94778K, committed 96128K, reserved 1138688K
  class space    used 9091K, committed 9728K, reserved 1048576K
}
Event: 3064.225 GC heap after
{Heap after GC invocations=18354 (full 412):
 PSYoungGen      total 4608K, used 256K [0x00000000eab00000, 0x00000000eb200000, 0x0000000100000000)
  eden space 4096K, 0% used [0x00000000eab00000,0x00000000eab00000,0x00000000eaf00000)
  from space 512K, 50% used [0x00000000eb180000,0x00000000eb1c0000,0x00000000eb200000)
  to   space 1024K, 0% used [0x00000000eb000000,0x00000000eb000000,0x00000000eb100000)
 ParOldGen       total 174592K, used 172448K [0x00000000c0000000, 0x00000000caa80000, 0x00000000eab00000)
  object space 174592K, 98% used [0x00000000c0000000,0x00000000ca868218,0x00000000caa80000)
 Metaspace       used 94778K, committed 96128K, reserved 1138688K
  class space    used 9091K, committed 9728K, reserved 1048576K
}
Event: 3067.730 GC heap before
{Heap before GC invocations=18355 (full 412):
 PSYoungGen      total 4608K, used 4352K [0x00000000eab00000, 0x00000000eb200000, 0x0000000100000000)
  eden space 4096K, 100% used [0x00000000eab00000,0x00000000eaf00000,0x00000000eaf00000)
  from space 512K, 50% used [0x00000000eb180000,0x00000000eb1c0000,0x00000000eb200000)
  to   space 1024K, 0% used [0x00000000eb000000,0x00000000eb000000,0x00000000eb100000)
 ParOldGen       total 174592K, used 172448K [0x00000000c0000000, 0x00000000caa80000, 0x00000000eab00000)
  object space 174592K, 98% used [0x00000000c0000000,0x00000000ca868218,0x00000000caa80000)
 Metaspace       used 94778K, committed 96128K, reserved 1138688K
  class space    used 9091K, committed 9728K, reserved 1048576K
}
Event: 3067.731 GC heap after
{Heap after GC invocations=18355 (full 412):
 PSYoungGen      total 5120K, used 192K [0x00000000eab00000, 0x00000000eb200000, 0x0000000100000000)
  eden space 4096K, 0% used [0x00000000eab00000,0x00000000eab00000,0x00000000eaf00000)
  from space 1024K, 18% used [0x00000000eb000000,0x00000000eb030000,0x00000000eb100000)
  to   space 512K, 0% used [0x00000000eb180000,0x00000000eb180000,0x00000000eb200000)
 ParOldGen       total 174592K, used 172560K [0x00000000c0000000, 0x00000000caa80000, 0x00000000eab00000)
  object space 174592K, 98% used [0x00000000c0000000,0x00000000ca884218,0x00000000caa80000)
 Metaspace       used 94778K, committed 96128K, reserved 1138688K
  class space    used 9091K, committed 9728K, reserved 1048576K
}
Event: 3069.081 GC heap before
{Heap before GC invocations=18356 (full 412):
 PSYoungGen      total 5120K, used 4288K [0x00000000eab00000, 0x00000000eb200000, 0x0000000100000000)
  eden space 4096K, 100% used [0x00000000eab00000,0x00000000eaf00000,0x00000000eaf00000)
  from space 1024K, 18% used [0x00000000eb000000,0x00000000eb030000,0x00000000eb100000)
  to   space 512K, 0% used [0x00000000eb180000,0x00000000eb180000,0x00000000eb200000)
 ParOldGen       total 174592K, used 172560K [0x00000000c0000000, 0x00000000caa80000, 0x00000000eab00000)
  object space 174592K, 98% used [0x00000000c0000000,0x00000000ca884218,0x00000000caa80000)
 Metaspace       used 94778K, committed 96128K, reserved 1138688K
  class space    used 9091K, committed 9728K, reserved 1048576K
}
Event: 3069.081 GC heap after
{Heap after GC invocations=18356 (full 412):
 PSYoungGen      total 4608K, used 192K [0x00000000eab00000, 0x00000000eb200000, 0x0000000100000000)
  eden space 4096K, 0% used [0x00000000eab00000,0x00000000eab00000,0x00000000eaf00000)
  from space 512K, 37% used [0x00000000eb180000,0x00000000eb1b0000,0x00000000eb200000)
  to   space 512K, 0% used [0x00000000eb100000,0x00000000eb100000,0x00000000eb180000)
 ParOldGen       total 174592K, used 172616K [0x00000000c0000000, 0x00000000caa80000, 0x00000000eab00000)
  object space 174592K, 98% used [0x00000000c0000000,0x00000000ca892218,0x00000000caa80000)
 Metaspace       used 94778K, committed 96128K, reserved 1138688K
  class space    used 9091K, committed 9728K, reserved 1048576K
}
Event: 3070.616 GC heap before
{Heap before GC invocations=18357 (full 412):
 PSYoungGen      total 4608K, used 4288K [0x00000000eab00000, 0x00000000eb200000, 0x0000000100000000)
  eden space 4096K, 100% used [0x00000000eab00000,0x00000000eaf00000,0x00000000eaf00000)
  from space 512K, 37% used [0x00000000eb180000,0x00000000eb1b0000,0x00000000eb200000)
  to   space 512K, 0% used [0x00000000eb100000,0x00000000eb100000,0x00000000eb180000)
 ParOldGen       total 174592K, used 172616K [0x00000000c0000000, 0x00000000caa80000, 0x00000000eab00000)
  object space 174592K, 98% used [0x00000000c0000000,0x00000000ca892218,0x00000000caa80000)
 Metaspace       used 94778K, committed 96128K, reserved 1138688K
  class space    used 9091K, committed 9728K, reserved 1048576K
}
Event: 3070.617 GC heap after
{Heap after GC invocations=18357 (full 412):
 PSYoungGen      total 4608K, used 288K [0x00000000eab00000, 0x00000000eb200000, 0x0000000100000000)
  eden space 4096K, 0% used [0x00000000eab00000,0x00000000eab00000,0x00000000eaf00000)
  from space 512K, 56% used [0x00000000eb100000,0x00000000eb148000,0x00000000eb180000)
  to   space 512K, 0% used [0x00000000eb180000,0x00000000eb180000,0x00000000eb200000)
 ParOldGen       total 176128K, used 174678K [0x00000000c0000000, 0x00000000cac00000, 0x00000000eab00000)
  object space 176128K, 99% used [0x00000000c0000000,0x00000000caa95af8,0x00000000cac00000)
 Metaspace       used 94778K, committed 96128K, reserved 1138688K
  class space    used 9091K, committed 9728K, reserved 1048576K
}
Event: 3070.617 GC heap before
{Heap before GC invocations=18358 (full 413):
 PSYoungGen      total 4608K, used 288K [0x00000000eab00000, 0x00000000eb200000, 0x0000000100000000)
  eden space 4096K, 0% used [0x00000000eab00000,0x00000000eab00000,0x00000000eaf00000)
  from space 512K, 56% used [0x00000000eb100000,0x00000000eb148000,0x00000000eb180000)
  to   space 512K, 0% used [0x00000000eb180000,0x00000000eb180000,0x00000000eb200000)
 ParOldGen       total 176128K, used 174678K [0x00000000c0000000, 0x00000000cac00000, 0x00000000eab00000)
  object space 176128K, 99% used [0x00000000c0000000,0x00000000caa95af8,0x00000000cac00000)
 Metaspace       used 94778K, committed 96128K, reserved 1138688K
  class space    used 9091K, committed 9728K, reserved 1048576K
}
Event: 3070.678 GC heap after
{Heap after GC invocations=18358 (full 413):
 PSYoungGen      total 4608K, used 0K [0x00000000eab00000, 0x00000000eb200000, 0x0000000100000000)
  eden space 4096K, 0% used [0x00000000eab00000,0x00000000eab00000,0x00000000eaf00000)
  from space 512K, 0% used [0x00000000eb180000,0x00000000eb180000,0x00000000eb200000)
  to   space 512K, 0% used [0x00000000eb100000,0x00000000eb100000,0x00000000eb180000)
 ParOldGen       total 161792K, used 116238K [0x00000000c0000000, 0x00000000c9e00000, 0x00000000eab00000)
  object space 161792K, 71% used [0x00000000c0000000,0x00000000c71839d8,0x00000000c9e00000)
 Metaspace       used 94778K, committed 96128K, reserved 1138688K
  class space    used 9091K, committed 9728K, reserved 1048576K
}
Event: 3070.683 GC heap before
{Heap before GC invocations=18359 (full 413):
 PSYoungGen      total 4608K, used 4096K [0x00000000eab00000, 0x00000000eb200000, 0x0000000100000000)
  eden space 4096K, 100% used [0x00000000eab00000,0x00000000eaf00000,0x00000000eaf00000)
  from space 512K, 0% used [0x00000000eb180000,0x00000000eb180000,0x00000000eb200000)
  to   space 512K, 0% used [0x00000000eb100000,0x00000000eb100000,0x00000000eb180000)
 ParOldGen       total 161792K, used 116238K [0x00000000c0000000, 0x00000000c9e00000, 0x00000000eab00000)
  object space 161792K, 71% used [0x00000000c0000000,0x00000000c71839d8,0x00000000c9e00000)
 Metaspace       used 94778K, committed 96128K, reserved 1138688K
  class space    used 9091K, committed 9728K, reserved 1048576K
}
Event: 3070.689 GC heap after
{Heap after GC invocations=18359 (full 413):
 PSYoungGen      total 4608K, used 512K [0x00000000eab00000, 0x00000000eb900000, 0x0000000100000000)
  eden space 4096K, 0% used [0x00000000eab00000,0x00000000eab00000,0x00000000eaf00000)
  from space 512K, 100% used [0x00000000eb100000,0x00000000eb180000,0x00000000eb180000)
  to   space 5120K, 0% used [0x00000000eb400000,0x00000000eb400000,0x00000000eb900000)
 ParOldGen       total 161792K, used 119798K [0x00000000c0000000, 0x00000000c9e00000, 0x00000000eab00000)
  object space 161792K, 74% used [0x00000000c0000000,0x00000000c74fd9d8,0x00000000c9e00000)
 Metaspace       used 94778K, committed 96128K, reserved 1138688K
  class space    used 9091K, committed 9728K, reserved 1048576K
}
Event: 3070.694 GC heap before
{Heap before GC invocations=18360 (full 413):
 PSYoungGen      total 4608K, used 4608K [0x00000000eab00000, 0x00000000eb900000, 0x0000000100000000)
  eden space 4096K, 100% used [0x00000000eab00000,0x00000000eaf00000,0x00000000eaf00000)
  from space 512K, 100% used [0x00000000eb100000,0x00000000eb180000,0x00000000eb180000)
  to   space 5120K, 0% used [0x00000000eb400000,0x00000000eb400000,0x00000000eb900000)
 ParOldGen       total 161792K, used 119798K [0x00000000c0000000, 0x00000000c9e00000, 0x00000000eab00000)
  object space 161792K, 74% used [0x00000000c0000000,0x00000000c74fd9d8,0x00000000c9e00000)
 Metaspace       used 94778K, committed 96128K, reserved 1138688K
  class space    used 9091K, committed 9728K, reserved 1048576K
}

