# JRE version: OpenJDK Runtime Environment Temurin-17.0.4.1+1 (17.0.4.1+1) (build 17.0.4.1+1)
# Java VM: OpenJDK 64-Bit Server VM Temurin-17.0.4.1+1 (17.0.4.1+1, mixed mode, tiered, compressed oops, compressed class ptrs, parallel gc, windows-amd64)
GC Precious Log:
 CPUs: 8 total, 8 available
 Memory: 16317M
 Large Page Support: Disabled
 NUMA Support: Disabled
 Compressed Oops: Enabled (32-bit)
 Alignments: Space 512K, Generation 512K, Heap 2M
 Heap Min Capacity: 100M
 Heap Initial Capacity: 100M
 Heap Max Capacity: 1G
 Pre-touch: Disabled
 Parallel Workers: 8
Heap:
 PSYoungGen      total 8192K, used 8177K [0x00000000eab00000, 0x00000000ebe80000, 0x0000000100000000)
  eden space 6656K, 100% used [0x00000000eab00000,0x00000000eb180000,0x00000000eb180000)
  from space 1536K, 99% used [0x00000000eb700000,0x00000000eb87c520,0x00000000eb880000)
  to   space 5632K, 81% used [0x00000000eb180000,0x00000000eb5f9a48,0x00000000eb700000)
 ParOldGen       total 202752K, used 201053K [0x00000000c0000000, 0x00000000cc600000, 0x00000000eab00000)
  object space 202752K, 99% used [0x00000000c0000000,0x00000000cc457698,0x00000000cc600000)
 Metaspace       used 97059K, committed 98368K, reserved 1138688K
  class space    used 9483K, committed 10048K, reserved 1048576K
GC Heap History (20 events):
Event: 4712.879 GC heap after
{Heap after GC invocations=7534 (full 171):
 PSYoungGen      total 3584K, used 1533K [0x00000000eab00000, 0x00000000eb480000, 0x0000000100000000)
  eden space 2048K, 0% used [0x00000000eab00000,0x00000000eab00000,0x00000000ead00000)
  from space 1536K, 99% used [0x00000000ead00000,0x00000000eae7f780,0x00000000eae80000)
  to   space 3584K, 0% used [0x00000000eb100000,0x00000000eb100000,0x00000000eb480000)
 ParOldGen       total 202752K, used 180710K [0x00000000c0000000, 0x00000000cc600000, 0x00000000eab00000)
  object space 202752K, 89% used [0x00000000c0000000,0x00000000cb079ba0,0x00000000cc600000)
 Metaspace       used 97038K, committed 98368K, reserved 1138688K
  class space    used 9483K, committed 10048K, reserved 1048576K
}
Event: 4712.885 GC heap before
{Heap before GC invocations=7535 (full 171):
 PSYoungGen      total 3584K, used 3581K [0x00000000eab00000, 0x00000000eb480000, 0x0000000100000000)
  eden space 2048K, 100% used [0x00000000eab00000,0x00000000ead00000,0x00000000ead00000)
  from space 1536K, 99% used [0x00000000ead00000,0x00000000eae7f780,0x00000000eae80000)
  to   space 3584K, 0% used [0x00000000eb100000,0x00000000eb100000,0x00000000eb480000)
 ParOldGen       total 202752K, used 180710K [0x00000000c0000000, 0x00000000cc600000, 0x00000000eab00000)
  object space 202752K, 89% used [0x00000000c0000000,0x00000000cb079ba0,0x00000000cc600000)
 Metaspace       used 97038K, committed 98368K, reserved 1138688K
  class space    used 9483K, committed 10048K, reserved 1048576K
}
Event: 4712.886 GC heap after
{Heap after GC invocations=7535 (full 171):
 PSYoungGen      total 4608K, used 1708K [0x00000000eab00000, 0x00000000eb300000, 0x0000000100000000)
  eden space 2560K, 0% used [0x00000000eab00000,0x00000000eab00000,0x00000000ead80000)
  from space 2048K, 83% used [0x00000000eb100000,0x00000000eb2ab018,0x00000000eb300000)
  to   space 2560K, 0% used [0x00000000eae00000,0x00000000eae00000,0x00000000eb080000)
 ParOldGen       total 202752K, used 182250K [0x00000000c0000000, 0x00000000cc600000, 0x00000000eab00000)
  object space 202752K, 89% used [0x00000000c0000000,0x00000000cb1fab40,0x00000000cc600000)
 Metaspace       used 97038K, committed 98368K, reserved 1138688K
  class space    used 9483K, committed 10048K, reserved 1048576K
}
Event: 4712.894 GC heap before
{Heap before GC invocations=7536 (full 171):
 PSYoungGen      total 4608K, used 4268K [0x00000000eab00000, 0x00000000eb300000, 0x0000000100000000)
  eden space 2560K, 100% used [0x00000000eab00000,0x00000000ead80000,0x00000000ead80000)
  from space 2048K, 83% used [0x00000000eb100000,0x00000000eb2ab018,0x00000000eb300000)
  to   space 2560K, 0% used [0x00000000eae00000,0x00000000eae00000,0x00000000eb080000)
 ParOldGen       total 202752K, used 182250K [0x00000000c0000000, 0x00000000cc600000, 0x00000000eab00000)
  object space 202752K, 89% used [0x00000000c0000000,0x00000000cb1fab40,0x00000000cc600000)
 Metaspace       used 97038K, committed 98368K, reserved 1138688K
  class space    used 9483K, committed 10048K, reserved 1048576K
}
Event: 4712.895 GC heap after
{Heap after GC invocations=7536 (full 171):
 PSYoungGen      total 5120K, used 1816K [0x00000000eab00000, 0x00000000eb200000, 0x0000000100000000)
  eden space 3072K, 0% used [0x00000000eab00000,0x00000000eab00000,0x00000000eae00000)
  from space 2048K, 88% used [0x00000000eae00000,0x00000000eafc6138,0x00000000eb000000)
  to   space 2048K, 0% used [0x00000000eb000000,0x00000000eb000000,0x00000000eb200000)
 ParOldGen       total 202752K, used 183792K [0x00000000c0000000, 0x00000000cc600000, 0x00000000eab00000)
  object space 202752K, 90% used [0x00000000c0000000,0x00000000cb37c2a8,0x00000000cc600000)
 Metaspace       used 97038K, committed 98368K, reserved 1138688K
  class space    used 9483K, committed 10048K, reserved 1048576K
}
Event: 4712.902 GC heap before
{Heap before GC invocations=7537 (full 171):
 PSYoungGen      total 5120K, used 4888K [0x00000000eab00000, 0x00000000eb200000, 0x0000000100000000)
  eden space 3072K, 100% used [0x00000000eab00000,0x00000000eae00000,0x00000000eae00000)
  from space 2048K, 88% used [0x00000000eae00000,0x00000000eafc6138,0x00000000eb000000)
  to   space 2048K, 0% used [0x00000000eb000000,0x00000000eb000000,0x00000000eb200000)
 ParOldGen       total 202752K, used 183792K [0x00000000c0000000, 0x00000000cc600000, 0x00000000eab00000)
  object space 202752K, 90% used [0x00000000c0000000,0x00000000cb37c2a8,0x00000000cc600000)
 Metaspace       used 97038K, committed 98368K, reserved 1138688K
  class space    used 9483K, committed 10048K, reserved 1048576K
}
Event: 4712.903 GC heap after
{Heap after GC invocations=7537 (full 171):
 PSYoungGen      total 4096K, used 649K [0x00000000eab00000, 0x00000000eb100000, 0x0000000100000000)
  eden space 3072K, 0% used [0x00000000eab00000,0x00000000eab00000,0x00000000eae00000)
  from space 1024K, 63% used [0x00000000eb000000,0x00000000eb0a2400,0x00000000eb100000)
  to   space 1536K, 0% used [0x00000000eae00000,0x00000000eae00000,0x00000000eaf80000)
 ParOldGen       total 202752K, used 184368K [0x00000000c0000000, 0x00000000cc600000, 0x00000000eab00000)
  object space 202752K, 90% used [0x00000000c0000000,0x00000000cb40c2a8,0x00000000cc600000)
 Metaspace       used 97038K, committed 98368K, reserved 1138688K
  class space    used 9483K, committed 10048K, reserved 1048576K
}
Event: 4712.906 GC heap before
{Heap before GC invocations=7538 (full 171):
 PSYoungGen      total 4096K, used 3721K [0x00000000eab00000, 0x00000000eb100000, 0x0000000100000000)
  eden space 3072K, 100% used [0x00000000eab00000,0x00000000eae00000,0x00000000eae00000)
  from space 1024K, 63% used [0x00000000eb000000,0x00000000eb0a2400,0x00000000eb100000)
  to   space 1536K, 0% used [0x00000000eae00000,0x00000000eae00000,0x00000000eaf80000)
 ParOldGen       total 202752K, used 184368K [0x00000000c0000000, 0x00000000cc600000, 0x00000000eab00000)
  object space 202752K, 90% used [0x00000000c0000000,0x00000000cb40c2a8,0x00000000cc600000)
 Metaspace       used 97038K, committed 98368K, reserved 1138688K
  class space    used 9483K, committed 10048K, reserved 1048576K
}
Event: 4712.907 GC heap after
{Heap after GC invocations=7538 (full 171):
 PSYoungGen      total 4608K, used 1519K [0x00000000eab00000, 0x00000000eb700000, 0x0000000100000000)
  eden space 3072K, 0% used [0x00000000eab00000,0x00000000eab00000,0x00000000eae00000)
  from space 1536K, 98% used [0x00000000eae00000,0x00000000eaf7bf40,0x00000000eaf80000)
  to   space 4096K, 0% used [0x00000000eb300000,0x00000000eb300000,0x00000000eb700000)
 ParOldGen       total 202752K, used 186369K [0x00000000c0000000, 0x00000000cc600000, 0x00000000eab00000)
  object space 202752K, 91% used [0x00000000c0000000,0x00000000cb6006a8,0x00000000cc600000)
 Metaspace       used 97038K, committed 98368K, reserved 1138688K
  class space    used 9483K, committed 10048K, reserved 1048576K
}
Event: 4712.911 GC heap before
{Heap before GC invocations=7539 (full 171):
 PSYoungGen      total 4608K, used 4591K [0x00000000eab00000, 0x00000000eb700000, 0x0000000100000000)
  eden space 3072K, 100% used [0x00000000eab00000,0x00000000eae00000,0x00000000eae00000)
  from space 1536K, 98% used [0x00000000eae00000,0x00000000eaf7bf40,0x00000000eaf80000)
  to   space 4096K, 0% used [0x00000000eb300000,0x00000000eb300000,0x00000000eb700000)
 ParOldGen       total 202752K, used 186369K [0x00000000c0000000, 0x00000000cc600000, 0x00000000eab00000)
  object space 202752K, 91% used [0x00000000c0000000,0x00000000cb6006a8,0x00000000cc600000)
 Metaspace       used 97038K, committed 98368K, reserved 1138688K
  class space    used 9483K, committed 10048K, reserved 1048576K
}
Event: 4712.912 GC heap after
{Heap after GC invocations=7539 (full 171):
 PSYoungGen      total 7680K, used 3168K [0x00000000eab00000, 0x00000000eb680000, 0x0000000100000000)
  eden space 4096K, 0% used [0x00000000eab00000,0x00000000eab00000,0x00000000eaf00000)
  from space 3584K, 88% used [0x00000000eb300000,0x00000000eb618000,0x00000000eb680000)
  to   space 3584K, 0% used [0x00000000eaf80000,0x00000000eaf80000,0x00000000eb300000)
 ParOldGen       total 202752K, used 187921K [0x00000000c0000000, 0x00000000cc600000, 0x00000000eab00000)
  object space 202752K, 92% used [0x00000000c0000000,0x00000000cb7845e8,0x00000000cc600000)
 Metaspace       used 97038K, committed 98368K, reserved 1138688K
  class space    used 9483K, committed 10048K, reserved 1048576K
}
Event: 4712.917 GC heap before
{Heap before GC invocations=7540 (full 171):
 PSYoungGen      total 7680K, used 7264K [0x00000000eab00000, 0x00000000eb680000, 0x0000000100000000)
  eden space 4096K, 100% used [0x00000000eab00000,0x00000000eaf00000,0x00000000eaf00000)
  from space 3584K, 88% used [0x00000000eb300000,0x00000000eb618000,0x00000000eb680000)
  to   space 3584K, 0% used [0x00000000eaf80000,0x00000000eaf80000,0x00000000eb300000)
 ParOldGen       total 202752K, used 187921K [0x00000000c0000000, 0x00000000cc600000, 0x00000000eab00000)
  object space 202752K, 92% used [0x00000000c0000000,0x00000000cb7845e8,0x00000000cc600000)
 Metaspace       used 97038K, committed 98368K, reserved 1138688K
  class space    used 9483K, committed 10048K, reserved 1048576K
}
Event: 4712.925 GC heap after
{Heap after GC invocations=7540 (full 171):
 PSYoungGen      total 8192K, used 3584K [0x00000000eab00000, 0x00000000ec000000, 0x0000000100000000)
  eden space 4608K, 0% used [0x00000000eab00000,0x00000000eab00000,0x00000000eaf80000)
  from space 3584K, 100% used [0x00000000eaf80000,0x00000000eb300000,0x00000000eb300000)
  to   space 8192K, 0% used [0x00000000eb800000,0x00000000eb800000,0x00000000ec000000)
 ParOldGen       total 202752K, used 191529K [0x00000000c0000000, 0x00000000cc600000, 0x00000000eab00000)
  object space 202752K, 94% used [0x00000000c0000000,0x00000000cbb0a5e8,0x00000000cc600000)
 Metaspace       used 97038K, committed 98368K, reserved 1138688K
  class space    used 9483K, committed 10048K, reserved 1048576K
}
Event: 4712.933 GC heap before
{Heap before GC invocations=7541 (full 171):
 PSYoungGen      total 8192K, used 8192K [0x00000000eab00000, 0x00000000ec000000, 0x0000000100000000)
  eden space 4608K, 100% used [0x00000000eab00000,0x00000000eaf80000,0x00000000eaf80000)
  from space 3584K, 100% used [0x00000000eaf80000,0x00000000eb300000,0x00000000eb300000)
  to   space 8192K, 0% used [0x00000000eb800000,0x00000000eb800000,0x00000000ec000000)
 ParOldGen       total 202752K, used 191529K [0x00000000c0000000, 0x00000000cc600000, 0x00000000eab00000)
  object space 202752K, 94% used [0x00000000c0000000,0x00000000cbb0a5e8,0x00000000cc600000)
 Metaspace       used 97046K, committed 98368K, reserved 1138688K
  class space    used 9483K, committed 10048K, reserved 1048576K
}
Event: 4712.938 GC heap after
{Heap after GC invocations=7541 (full 171):
 PSYoungGen      total 7680K, used 1746K [0x00000000eab00000, 0x00000000eba00000, 0x0000000100000000)
  eden space 5632K, 0% used [0x00000000eab00000,0x00000000eab00000,0x00000000eb080000)
  from space 2048K, 85% used [0x00000000eb800000,0x00000000eb9b4800,0x00000000eba00000)
  to   space 4096K, 0% used [0x00000000eb200000,0x00000000eb200000,0x00000000eb600000)
 ParOldGen       total 202752K, used 195137K [0x00000000c0000000, 0x00000000cc600000, 0x00000000eab00000)
  object space 202752K, 96% used [0x00000000c0000000,0x00000000cbe905e8,0x00000000cc600000)
 Metaspace       used 97046K, committed 98368K, reserved 1138688K
  class space    used 9483K, committed 10048K, reserved 1048576K
}
Event: 4713.289 GC heap before
{Heap before GC invocations=7542 (full 171):
 PSYoungGen      total 7680K, used 7369K [0x00000000eab00000, 0x00000000eba00000, 0x0000000100000000)
  eden space 5632K, 99% used [0x00000000eab00000,0x00000000eb07df60,0x00000000eb080000)
  from space 2048K, 85% used [0x00000000eb800000,0x00000000eb9b4800,0x00000000eba00000)
  to   space 4096K, 0% used [0x00000000eb200000,0x00000000eb200000,0x00000000eb600000)
 ParOldGen       total 202752K, used 195137K [0x00000000c0000000, 0x00000000cc600000, 0x00000000eab00000)
  object space 202752K, 96% used [0x00000000c0000000,0x00000000cbe905e8,0x00000000cc600000)
 Metaspace       used 97056K, committed 98368K, reserved 1138688K
  class space    used 9483K, committed 10048K, reserved 1048576K
}
Event: 4713.289 GC heap after
{Heap after GC invocations=7542 (full 171):
 PSYoungGen      total 11264K, used 244K [0x00000000eab00000, 0x00000000eb880000, 0x0000000100000000)
  eden space 7168K, 0% used [0x00000000eab00000,0x00000000eab00000,0x00000000eb200000)
  from space 4096K, 5% used [0x00000000eb200000,0x00000000eb23d200,0x00000000eb600000)
  to   space 1536K, 0% used [0x00000000eb700000,0x00000000eb700000,0x00000000eb880000)
 ParOldGen       total 202752K, used 196650K [0x00000000c0000000, 0x00000000cc600000, 0x00000000eab00000)
  object space 202752K, 96% used [0x00000000c0000000,0x00000000cc00a9e8,0x00000000cc600000)
 Metaspace       used 97056K, committed 98368K, reserved 1138688K
  class space    used 9483K, committed 10048K, reserved 1048576K
}
Event: 4713.306 GC heap before
{Heap before GC invocations=7543 (full 171):
 PSYoungGen      total 11264K, used 7412K [0x00000000eab00000, 0x00000000eb880000, 0x0000000100000000)
  eden space 7168K, 100% used [0x00000000eab00000,0x00000000eb200000,0x00000000eb200000)
  from space 4096K, 5% used [0x00000000eb200000,0x00000000eb23d200,0x00000000eb600000)
  to   space 1536K, 0% used [0x00000000eb700000,0x00000000eb700000,0x00000000eb880000)
 ParOldGen       total 202752K, used 196650K [0x00000000c0000000, 0x00000000cc600000, 0x00000000eab00000)
  object space 202752K, 96% used [0x00000000c0000000,0x00000000cc00a9e8,0x00000000cc600000)
 Metaspace       used 97056K, committed 98368K, reserved 1138688K
  class space    used 9483K, committed 10048K, reserved 1048576K
}
Event: 4713.307 GC heap after
{Heap after GC invocations=7543 (full 171):
 PSYoungGen      total 8192K, used 1521K [0x00000000eab00000, 0x00000000ebe80000, 0x0000000100000000)
  eden space 6656K, 0% used [0x00000000eab00000,0x00000000eab00000,0x00000000eb180000)
  from space 1536K, 99% used [0x00000000eb700000,0x00000000eb87c520,0x00000000eb880000)
  to   space 5632K, 0% used [0x00000000eb180000,0x00000000eb180000,0x00000000eb700000)
 ParOldGen       total 202752K, used 199514K [0x00000000c0000000, 0x00000000cc600000, 0x00000000eab00000)
  object space 202752K, 98% used [0x00000000c0000000,0x00000000cc2d6b10,0x00000000cc600000)
 Metaspace       used 97056K, committed 98368K, reserved 1138688K
  class space    used 9483K, committed 10048K, reserved 1048576K
}
Event: 4713.325 GC heap before
{Heap before GC invocations=7544 (full 171):
 PSYoungGen      total 8192K, used 8177K [0x00000000eab00000, 0x00000000ebe80000, 0x0000000100000000)
  eden space 6656K, 100% used [0x00000000eab00000,0x00000000eb180000,0x00000000eb180000)
  from space 1536K, 99% used [0x00000000eb700000,0x00000000eb87c520,0x00000000eb880000)
  to   space 5632K, 0% used [0x00000000eb180000,0x00000000eb180000,0x00000000eb700000)
 ParOldGen       total 202752K, used 199514K [0x00000000c0000000, 0x00000000cc600000, 0x00000000eab00000)
  object space 202752K, 98% used [0x00000000c0000000,0x00000000cc2d6b10,0x00000000cc600000)
 Metaspace       used 97059K, committed 98368K, reserved 1138688K
  class space    used 9483K, committed 10048K, reserved 1048576K
}

