# JRE version: OpenJDK Runtime Environment Temurin-17.0.4.1+1 (17.0.4.1+1) (build 17.0.4.1+1)
# Java VM: OpenJDK 64-Bit Server VM Temurin-17.0.4.1+1 (17.0.4.1+1, mixed mode, tiered, compressed oops, compressed class ptrs, parallel gc, windows-amd64)
GC Precious Log:
 CPUs: 8 total, 8 available
 Memory: 16317M
 Large Page Support: Disabled
 NUMA Support: Disabled
 Compressed Oops: Enabled (32-bit)
 Alignments: Space 512K, Generation 512K, Heap 2M
 Heap Min Capacity: 100M
 Heap Initial Capacity: 100M
 Heap Max Capacity: 1G
 Pre-touch: Disabled
 Parallel Workers: 8
Heap:
 PSYoungGen      total 3072K, used 2441K [0x00000000eab00000, 0x00000000eaf00000, 0x0000000100000000)
  eden space 2048K, 100% used [0x00000000eab00000,0x00000000ead00000,0x00000000ead00000)
  from space 1024K, 38% used [0x00000000ead00000,0x00000000ead62400,0x00000000eae00000)
  to   space 512K, 100% used [0x00000000eae80000,0x00000000eaf00000,0x00000000eaf00000)
 ParOldGen       total 166400K, used 163809K [0x00000000c0000000, 0x00000000ca280000, 0x00000000eab00000)
  object space 166400K, 98% used [0x00000000c0000000,0x00000000c9ff8778,0x00000000ca280000)
 Metaspace       used 92211K, committed 93568K, reserved 1138688K
  class space    used 8986K, committed 9600K, reserved 1048576K
GC Heap History (20 events):
Event: 1753.827 GC heap after
{Heap after GC invocations=17430 (full 431):
 PSYoungGen      total 3072K, used 752K [0x00000000eab00000, 0x00000000eaf00000, 0x0000000100000000)
  eden space 2048K, 0% used [0x00000000eab00000,0x00000000eab00000,0x00000000ead00000)
  from space 1024K, 73% used [0x00000000eae00000,0x00000000eaebc010,0x00000000eaf00000)
  to   space 1024K, 0% used [0x00000000ead00000,0x00000000ead00000,0x00000000eae00000)
 ParOldGen       total 166400K, used 155985K [0x00000000c0000000, 0x00000000ca280000, 0x00000000eab00000)
  object space 166400K, 93% used [0x00000000c0000000,0x00000000c9854710,0x00000000ca280000)
 Metaspace       used 92211K, committed 93568K, reserved 1138688K
  class space    used 8986K, committed 9600K, reserved 1048576K
}
Event: 1753.830 GC heap before
{Heap before GC invocations=17431 (full 431):
 PSYoungGen      total 3072K, used 2800K [0x00000000eab00000, 0x00000000eaf00000, 0x0000000100000000)
  eden space 2048K, 100% used [0x00000000eab00000,0x00000000ead00000,0x00000000ead00000)
  from space 1024K, 73% used [0x00000000eae00000,0x00000000eaebc010,0x00000000eaf00000)
  to   space 1024K, 0% used [0x00000000ead00000,0x00000000ead00000,0x00000000eae00000)
 ParOldGen       total 166400K, used 155985K [0x00000000c0000000, 0x00000000ca280000, 0x00000000eab00000)
  object space 166400K, 93% used [0x00000000c0000000,0x00000000c9854710,0x00000000ca280000)
 Metaspace       used 92211K, committed 93568K, reserved 1138688K
  class space    used 8986K, committed 9600K, reserved 1048576K
}
Event: 1753.831 GC heap after
{Heap after GC invocations=17431 (full 431):
 PSYoungGen      total 3072K, used 838K [0x00000000eab00000, 0x00000000eaf00000, 0x0000000100000000)
  eden space 2048K, 0% used [0x00000000eab00000,0x00000000eab00000,0x00000000ead00000)
  from space 1024K, 81% used [0x00000000ead00000,0x00000000eadd1810,0x00000000eae00000)
  to   space 1024K, 0% used [0x00000000eae00000,0x00000000eae00000,0x00000000eaf00000)
 ParOldGen       total 166400K, used 156689K [0x00000000c0000000, 0x00000000ca280000, 0x00000000eab00000)
  object space 166400K, 94% used [0x00000000c0000000,0x00000000c9904510,0x00000000ca280000)
 Metaspace       used 92211K, committed 93568K, reserved 1138688K
  class space    used 8986K, committed 9600K, reserved 1048576K
}
Event: 1753.834 GC heap before
{Heap before GC invocations=17432 (full 431):
 PSYoungGen      total 3072K, used 2886K [0x00000000eab00000, 0x00000000eaf00000, 0x0000000100000000)
  eden space 2048K, 100% used [0x00000000eab00000,0x00000000ead00000,0x00000000ead00000)
  from space 1024K, 81% used [0x00000000ead00000,0x00000000eadd1810,0x00000000eae00000)
  to   space 1024K, 0% used [0x00000000eae00000,0x00000000eae00000,0x00000000eaf00000)
 ParOldGen       total 166400K, used 156689K [0x00000000c0000000, 0x00000000ca280000, 0x00000000eab00000)
  object space 166400K, 94% used [0x00000000c0000000,0x00000000c9904510,0x00000000ca280000)
 Metaspace       used 92211K, committed 93568K, reserved 1138688K
  class space    used 8986K, committed 9600K, reserved 1048576K
}
Event: 1753.835 GC heap after
{Heap after GC invocations=17432 (full 431):
 PSYoungGen      total 3072K, used 721K [0x00000000eab00000, 0x00000000eaf80000, 0x0000000100000000)
  eden space 2048K, 0% used [0x00000000eab00000,0x00000000eab00000,0x00000000ead00000)
  from space 1024K, 70% used [0x00000000eae00000,0x00000000eaeb4610,0x00000000eaf00000)
  to   space 1024K, 0% used [0x00000000ead00000,0x00000000ead00000,0x00000000eae00000)
 ParOldGen       total 166400K, used 157412K [0x00000000c0000000, 0x00000000ca280000, 0x00000000eab00000)
  object space 166400K, 94% used [0x00000000c0000000,0x00000000c99b9220,0x00000000ca280000)
 Metaspace       used 92211K, committed 93568K, reserved 1138688K
  class space    used 8986K, committed 9600K, reserved 1048576K
}
Event: 1753.839 GC heap before
{Heap before GC invocations=17433 (full 431):
 PSYoungGen      total 3072K, used 2769K [0x00000000eab00000, 0x00000000eaf80000, 0x0000000100000000)
  eden space 2048K, 100% used [0x00000000eab00000,0x00000000ead00000,0x00000000ead00000)
  from space 1024K, 70% used [0x00000000eae00000,0x00000000eaeb4610,0x00000000eaf00000)
  to   space 1024K, 0% used [0x00000000ead00000,0x00000000ead00000,0x00000000eae00000)
 ParOldGen       total 166400K, used 157412K [0x00000000c0000000, 0x00000000ca280000, 0x00000000eab00000)
  object space 166400K, 94% used [0x00000000c0000000,0x00000000c99b9220,0x00000000ca280000)
 Metaspace       used 92211K, committed 93568K, reserved 1138688K
  class space    used 8986K, committed 9600K, reserved 1048576K
}
Event: 1753.840 GC heap after
{Heap after GC invocations=17433 (full 431):
 PSYoungGen      total 3072K, used 905K [0x00000000eab00000, 0x00000000eaf00000, 0x0000000100000000)
  eden space 2048K, 0% used [0x00000000eab00000,0x00000000eab00000,0x00000000ead00000)
  from space 1024K, 88% used [0x00000000ead00000,0x00000000eade2400,0x00000000eae00000)
  to   space 1024K, 0% used [0x00000000eae00000,0x00000000eae00000,0x00000000eaf00000)
 ParOldGen       total 166400K, used 158006K [0x00000000c0000000, 0x00000000ca280000, 0x00000000eab00000)
  object space 166400K, 94% used [0x00000000c0000000,0x00000000c9a4d830,0x00000000ca280000)
 Metaspace       used 92211K, committed 93568K, reserved 1138688K
  class space    used 8986K, committed 9600K, reserved 1048576K
}
Event: 1753.844 GC heap before
{Heap before GC invocations=17434 (full 431):
 PSYoungGen      total 3072K, used 2952K [0x00000000eab00000, 0x00000000eaf00000, 0x0000000100000000)
  eden space 2048K, 99% used [0x00000000eab00000,0x00000000eacfffe8,0x00000000ead00000)
  from space 1024K, 88% used [0x00000000ead00000,0x00000000eade2400,0x00000000eae00000)
  to   space 1024K, 0% used [0x00000000eae00000,0x00000000eae00000,0x00000000eaf00000)
 ParOldGen       total 166400K, used 158006K [0x00000000c0000000, 0x00000000ca280000, 0x00000000eab00000)
  object space 166400K, 94% used [0x00000000c0000000,0x00000000c9a4d830,0x00000000ca280000)
 Metaspace       used 92211K, committed 93568K, reserved 1138688K
  class space    used 8986K, committed 9600K, reserved 1048576K
}
Event: 1753.845 GC heap after
{Heap after GC invocations=17434 (full 431):
 PSYoungGen      total 3072K, used 722K [0x00000000eab00000, 0x00000000eaf00000, 0x0000000100000000)
  eden space 2048K, 0% used [0x00000000eab00000,0x00000000eab00000,0x00000000ead00000)
  from space 1024K, 70% used [0x00000000eae00000,0x00000000eaeb4960,0x00000000eaf00000)
  to   space 1024K, 0% used [0x00000000ead00000,0x00000000ead00000,0x00000000eae00000)
 ParOldGen       total 166400K, used 158760K [0x00000000c0000000, 0x00000000ca280000, 0x00000000eab00000)
  object space 166400K, 95% used [0x00000000c0000000,0x00000000c9b0a028,0x00000000ca280000)
 Metaspace       used 92211K, committed 93568K, reserved 1138688K
  class space    used 8986K, committed 9600K, reserved 1048576K
}
Event: 1753.848 GC heap before
{Heap before GC invocations=17435 (full 431):
 PSYoungGen      total 3072K, used 2770K [0x00000000eab00000, 0x00000000eaf00000, 0x0000000100000000)
  eden space 2048K, 100% used [0x00000000eab00000,0x00000000ead00000,0x00000000ead00000)
  from space 1024K, 70% used [0x00000000eae00000,0x00000000eaeb4960,0x00000000eaf00000)
  to   space 1024K, 0% used [0x00000000ead00000,0x00000000ead00000,0x00000000eae00000)
 ParOldGen       total 166400K, used 158760K [0x00000000c0000000, 0x00000000ca280000, 0x00000000eab00000)
  object space 166400K, 95% used [0x00000000c0000000,0x00000000c9b0a028,0x00000000ca280000)
 Metaspace       used 92211K, committed 93568K, reserved 1138688K
  class space    used 8986K, committed 9600K, reserved 1048576K
}
Event: 1753.849 GC heap after
{Heap after GC invocations=17435 (full 431):
 PSYoungGen      total 3072K, used 970K [0x00000000eab00000, 0x00000000eaf00000, 0x0000000100000000)
  eden space 2048K, 0% used [0x00000000eab00000,0x00000000eab00000,0x00000000ead00000)
  from space 1024K, 94% used [0x00000000ead00000,0x00000000eadf2910,0x00000000eae00000)
  to   space 1024K, 0% used [0x00000000eae00000,0x00000000eae00000,0x00000000eaf00000)
 ParOldGen       total 166400K, used 159370K [0x00000000c0000000, 0x00000000ca280000, 0x00000000eab00000)
  object space 166400K, 95% used [0x00000000c0000000,0x00000000c9ba29a8,0x00000000ca280000)
 Metaspace       used 92211K, committed 93568K, reserved 1138688K
  class space    used 8986K, committed 9600K, reserved 1048576K
}
Event: 1753.852 GC heap before
{Heap before GC invocations=17436 (full 431):
 PSYoungGen      total 3072K, used 3018K [0x00000000eab00000, 0x00000000eaf00000, 0x0000000100000000)
  eden space 2048K, 100% used [0x00000000eab00000,0x00000000ead00000,0x00000000ead00000)
  from space 1024K, 94% used [0x00000000ead00000,0x00000000eadf2910,0x00000000eae00000)
  to   space 1024K, 0% used [0x00000000eae00000,0x00000000eae00000,0x00000000eaf00000)
 ParOldGen       total 166400K, used 159370K [0x00000000c0000000, 0x00000000ca280000, 0x00000000eab00000)
  object space 166400K, 95% used [0x00000000c0000000,0x00000000c9ba29a8,0x00000000ca280000)
 Metaspace       used 92211K, committed 93568K, reserved 1138688K
  class space    used 8986K, committed 9600K, reserved 1048576K
}
Event: 1753.852 GC heap after
{Heap after GC invocations=17436 (full 431):
 PSYoungGen      total 3072K, used 704K [0x00000000eab00000, 0x00000000eaf00000, 0x0000000100000000)
  eden space 2048K, 0% used [0x00000000eab00000,0x00000000eab00000,0x00000000ead00000)
  from space 1024K, 68% used [0x00000000eae00000,0x00000000eaeb0000,0x00000000eaf00000)
  to   space 1024K, 0% used [0x00000000ead00000,0x00000000ead00000,0x00000000eae00000)
 ParOldGen       total 166400K, used 160225K [0x00000000c0000000, 0x00000000ca280000, 0x00000000eab00000)
  object space 166400K, 96% used [0x00000000c0000000,0x00000000c9c78510,0x00000000ca280000)
 Metaspace       used 92211K, committed 93568K, reserved 1138688K
  class space    used 8986K, committed 9600K, reserved 1048576K
}
Event: 1753.855 GC heap before
{Heap before GC invocations=17437 (full 431):
 PSYoungGen      total 3072K, used 2752K [0x00000000eab00000, 0x00000000eaf00000, 0x0000000100000000)
  eden space 2048K, 100% used [0x00000000eab00000,0x00000000ead00000,0x00000000ead00000)
  from space 1024K, 68% used [0x00000000eae00000,0x00000000eaeb0000,0x00000000eaf00000)
  to   space 1024K, 0% used [0x00000000ead00000,0x00000000ead00000,0x00000000eae00000)
 ParOldGen       total 166400K, used 160225K [0x00000000c0000000, 0x00000000ca280000, 0x00000000eab00000)
  object space 166400K, 96% used [0x00000000c0000000,0x00000000c9c78510,0x00000000ca280000)
 Metaspace       used 92211K, committed 93568K, reserved 1138688K
  class space    used 8986K, committed 9600K, reserved 1048576K
}
Event: 1753.856 GC heap after
{Heap after GC invocations=17437 (full 431):
 PSYoungGen      total 3072K, used 954K [0x00000000eab00000, 0x00000000eaf80000, 0x0000000100000000)
  eden space 2048K, 0% used [0x00000000eab00000,0x00000000eab00000,0x00000000ead00000)
  from space 1024K, 93% used [0x00000000ead00000,0x00000000eadee900,0x00000000eae00000)
  to   space 1024K, 0% used [0x00000000eae80000,0x00000000eae80000,0x00000000eaf80000)
 ParOldGen       total 166400K, used 160849K [0x00000000c0000000, 0x00000000ca280000, 0x00000000eab00000)
  object space 166400K, 96% used [0x00000000c0000000,0x00000000c9d14530,0x00000000ca280000)
 Metaspace       used 92211K, committed 93568K, reserved 1138688K
  class space    used 8986K, committed 9600K, reserved 1048576K
}
Event: 1753.959 GC heap before
{Heap before GC invocations=17438 (full 431):
 PSYoungGen      total 3072K, used 3002K [0x00000000eab00000, 0x00000000eaf80000, 0x0000000100000000)
  eden space 2048K, 100% used [0x00000000eab00000,0x00000000ead00000,0x00000000ead00000)
  from space 1024K, 93% used [0x00000000ead00000,0x00000000eadee900,0x00000000eae00000)
  to   space 1024K, 0% used [0x00000000eae80000,0x00000000eae80000,0x00000000eaf80000)
 ParOldGen       total 166400K, used 160849K [0x00000000c0000000, 0x00000000ca280000, 0x00000000eab00000)
  object space 166400K, 96% used [0x00000000c0000000,0x00000000c9d14530,0x00000000ca280000)
 Metaspace       used 92211K, committed 93568K, reserved 1138688K
  class space    used 8986K, committed 9600K, reserved 1048576K
}
Event: 1753.960 GC heap after
{Heap after GC invocations=17438 (full 431):
 PSYoungGen      total 3072K, used 608K [0x00000000eab00000, 0x00000000eaf80000, 0x0000000100000000)
  eden space 2048K, 0% used [0x00000000eab00000,0x00000000eab00000,0x00000000ead00000)
  from space 1024K, 59% used [0x00000000eae80000,0x00000000eaf18000,0x00000000eaf80000)
  to   space 1024K, 0% used [0x00000000ead00000,0x00000000ead00000,0x00000000eae00000)
 ParOldGen       total 166400K, used 161646K [0x00000000c0000000, 0x00000000ca280000, 0x00000000eab00000)
  object space 166400K, 97% used [0x00000000c0000000,0x00000000c9ddb828,0x00000000ca280000)
 Metaspace       used 92211K, committed 93568K, reserved 1138688K
  class space    used 8986K, committed 9600K, reserved 1048576K
}
Event: 1753.964 GC heap before
{Heap before GC invocations=17439 (full 431):
 PSYoungGen      total 3072K, used 2656K [0x00000000eab00000, 0x00000000eaf80000, 0x0000000100000000)
  eden space 2048K, 100% used [0x00000000eab00000,0x00000000ead00000,0x00000000ead00000)
  from space 1024K, 59% used [0x00000000eae80000,0x00000000eaf18000,0x00000000eaf80000)
  to   space 1024K, 0% used [0x00000000ead00000,0x00000000ead00000,0x00000000eae00000)
 ParOldGen       total 166400K, used 161646K [0x00000000c0000000, 0x00000000ca280000, 0x00000000eab00000)
  object space 166400K, 97% used [0x00000000c0000000,0x00000000c9ddb828,0x00000000ca280000)
 Metaspace       used 92211K, committed 93568K, reserved 1138688K
  class space    used 8986K, committed 9600K, reserved 1048576K
}
Event: 1753.965 GC heap after
{Heap after GC invocations=17439 (full 431):
 PSYoungGen      total 3072K, used 393K [0x00000000eab00000, 0x00000000eaf00000, 0x0000000100000000)
  eden space 2048K, 0% used [0x00000000eab00000,0x00000000eab00000,0x00000000ead00000)
  from space 1024K, 38% used [0x00000000ead00000,0x00000000ead62400,0x00000000eae00000)
  to   space 512K, 0% used [0x00000000eae80000,0x00000000eae80000,0x00000000eaf00000)
 ParOldGen       total 166400K, used 162105K [0x00000000c0000000, 0x00000000ca280000, 0x00000000eab00000)
  object space 166400K, 97% used [0x00000000c0000000,0x00000000c9e4e728,0x00000000ca280000)
 Metaspace       used 92211K, committed 93568K, reserved 1138688K
  class space    used 8986K, committed 9600K, reserved 1048576K
}
Event: 1753.966 GC heap before
{Heap before GC invocations=17440 (full 431):
 PSYoungGen      total 3072K, used 2441K [0x00000000eab00000, 0x00000000eaf00000, 0x0000000100000000)
  eden space 2048K, 100% used [0x00000000eab00000,0x00000000ead00000,0x00000000ead00000)
  from space 1024K, 38% used [0x00000000ead00000,0x00000000ead62400,0x00000000eae00000)
  to   space 512K, 0% used [0x00000000eae80000,0x00000000eae80000,0x00000000eaf00000)
 ParOldGen       total 166400K, used 162105K [0x00000000c0000000, 0x00000000ca280000, 0x00000000eab00000)
  object space 166400K, 97% used [0x00000000c0000000,0x00000000c9e4e728,0x00000000ca280000)
 Metaspace       used 92211K, committed 93568K, reserved 1138688K
  class space    used 8986K, committed 9600K, reserved 1048576K
}

