# JRE version: OpenJDK Runtime Environment Temurin-17.0.4.1+1 (17.0.4.1+1) (build 17.0.4.1+1)
# Java VM: OpenJDK 64-Bit Server VM Temurin-17.0.4.1+1 (17.0.4.1+1, mixed mode, tiered, compressed oops, compressed class ptrs, parallel gc, windows-amd64)
GC Precious Log:
 CPUs: 8 total, 8 available
 Memory: 16317M
 Large Page Support: Disabled
 NUMA Support: Disabled
 Compressed Oops: Enabled (32-bit)
 Alignments: Space 512K, Generation 512K, Heap 2M
 Heap Min Capacity: 100M
 Heap Initial Capacity: 100M
 Heap Max Capacity: 1G
 Pre-touch: Disabled
 Parallel Workers: 8
Heap:
 PSYoungGen      total 3072K, used 2633K [0x00000000eab00000, 0x00000000eaf00000, 0x0000000100000000)
  eden space 2048K, 100% used [0x00000000eab00000,0x00000000ead00000,0x00000000ead00000)
  from space 1024K, 57% used [0x00000000ead00000,0x00000000ead92400,0x00000000eae00000)
  to   space 1024K, 98% used [0x00000000eae00000,0x00000000eaefce28,0x00000000eaf00000)
 ParOldGen       total 176640K, used 165223K [0x00000000c0000000, 0x00000000cac80000, 0x00000000eab00000)
  object space 176640K, 93% used [0x00000000c0000000,0x00000000ca159e08,0x00000000cac80000)
 Metaspace       used 96520K, committed 97792K, reserved 1138688K
  class space    used 9474K, committed 10048K, reserved 1048576K
GC Heap History (20 events):
Event: 4321.031 GC heap after
{Heap after GC invocations=19132 (full 487):
 PSYoungGen      total 2560K, used 512K [0x00000000eab00000, 0x00000000eb000000, 0x0000000100000000)
  eden space 2048K, 0% used [0x00000000eab00000,0x00000000eab00000,0x00000000ead00000)
  from space 512K, 100% used [0x00000000eae80000,0x00000000eaf00000,0x00000000eaf00000)
  to   space 1536K, 0% used [0x00000000ead00000,0x00000000ead00000,0x00000000eae80000)
 ParOldGen       total 176640K, used 158412K [0x00000000c0000000, 0x00000000cac80000, 0x00000000eab00000)
  object space 176640K, 89% used [0x00000000c0000000,0x00000000c9ab3228,0x00000000cac80000)
 Metaspace       used 96511K, committed 97792K, reserved 1138688K
  class space    used 9474K, committed 10048K, reserved 1048576K
}
Event: 4321.246 GC heap before
{Heap before GC invocations=19133 (full 487):
 PSYoungGen      total 2560K, used 2560K [0x00000000eab00000, 0x00000000eb000000, 0x0000000100000000)
  eden space 2048K, 100% used [0x00000000eab00000,0x00000000ead00000,0x00000000ead00000)
  from space 512K, 100% used [0x00000000eae80000,0x00000000eaf00000,0x00000000eaf00000)
  to   space 1536K, 0% used [0x00000000ead00000,0x00000000ead00000,0x00000000eae80000)
 ParOldGen       total 176640K, used 158412K [0x00000000c0000000, 0x00000000cac80000, 0x00000000eab00000)
  object space 176640K, 89% used [0x00000000c0000000,0x00000000c9ab3228,0x00000000cac80000)
 Metaspace       used 96511K, committed 97792K, reserved 1138688K
  class space    used 9474K, committed 10048K, reserved 1048576K
}
Event: 4321.247 GC heap after
{Heap after GC invocations=19133 (full 487):
 PSYoungGen      total 3072K, used 825K [0x00000000eab00000, 0x00000000eaf00000, 0x0000000100000000)
  eden space 2048K, 0% used [0x00000000eab00000,0x00000000eab00000,0x00000000ead00000)
  from space 1024K, 80% used [0x00000000ead00000,0x00000000eadce410,0x00000000eae00000)
  to   space 1024K, 0% used [0x00000000eae00000,0x00000000eae00000,0x00000000eaf00000)
 ParOldGen       total 176640K, used 158915K [0x00000000c0000000, 0x00000000cac80000, 0x00000000eab00000)
  object space 176640K, 89% used [0x00000000c0000000,0x00000000c9b30d00,0x00000000cac80000)
 Metaspace       used 96511K, committed 97792K, reserved 1138688K
  class space    used 9474K, committed 10048K, reserved 1048576K
}
Event: 4321.251 GC heap before
{Heap before GC invocations=19134 (full 487):
 PSYoungGen      total 3072K, used 2873K [0x00000000eab00000, 0x00000000eaf00000, 0x0000000100000000)
  eden space 2048K, 100% used [0x00000000eab00000,0x00000000ead00000,0x00000000ead00000)
  from space 1024K, 80% used [0x00000000ead00000,0x00000000eadce410,0x00000000eae00000)
  to   space 1024K, 0% used [0x00000000eae00000,0x00000000eae00000,0x00000000eaf00000)
 ParOldGen       total 176640K, used 158915K [0x00000000c0000000, 0x00000000cac80000, 0x00000000eab00000)
  object space 176640K, 89% used [0x00000000c0000000,0x00000000c9b30d00,0x00000000cac80000)
 Metaspace       used 96511K, committed 97792K, reserved 1138688K
  class space    used 9474K, committed 10048K, reserved 1048576K
}
Event: 4321.252 GC heap after
{Heap after GC invocations=19134 (full 487):
 PSYoungGen      total 3072K, used 640K [0x00000000eab00000, 0x00000000eaf00000, 0x0000000100000000)
  eden space 2048K, 0% used [0x00000000eab00000,0x00000000eab00000,0x00000000ead00000)
  from space 1024K, 62% used [0x00000000eae00000,0x00000000eaea0000,0x00000000eaf00000)
  to   space 1024K, 0% used [0x00000000ead00000,0x00000000ead00000,0x00000000eae00000)
 ParOldGen       total 176640K, used 159650K [0x00000000c0000000, 0x00000000cac80000, 0x00000000eab00000)
  object space 176640K, 90% used [0x00000000c0000000,0x00000000c9be8bf8,0x00000000cac80000)
 Metaspace       used 96511K, committed 97792K, reserved 1138688K
  class space    used 9474K, committed 10048K, reserved 1048576K
}
Event: 4321.256 GC heap before
{Heap before GC invocations=19135 (full 487):
 PSYoungGen      total 3072K, used 2688K [0x00000000eab00000, 0x00000000eaf00000, 0x0000000100000000)
  eden space 2048K, 100% used [0x00000000eab00000,0x00000000ead00000,0x00000000ead00000)
  from space 1024K, 62% used [0x00000000eae00000,0x00000000eaea0000,0x00000000eaf00000)
  to   space 1024K, 0% used [0x00000000ead00000,0x00000000ead00000,0x00000000eae00000)
 ParOldGen       total 176640K, used 159650K [0x00000000c0000000, 0x00000000cac80000, 0x00000000eab00000)
  object space 176640K, 90% used [0x00000000c0000000,0x00000000c9be8bf8,0x00000000cac80000)
 Metaspace       used 96511K, committed 97792K, reserved 1138688K
  class space    used 9474K, committed 10048K, reserved 1048576K
}
Event: 4321.257 GC heap after
{Heap after GC invocations=19135 (full 487):
 PSYoungGen      total 3072K, used 608K [0x00000000eab00000, 0x00000000eaf00000, 0x0000000100000000)
  eden space 2048K, 0% used [0x00000000eab00000,0x00000000eab00000,0x00000000ead00000)
  from space 1024K, 59% used [0x00000000ead00000,0x00000000ead98000,0x00000000eae00000)
  to   space 1024K, 0% used [0x00000000eae00000,0x00000000eae00000,0x00000000eaf00000)
 ParOldGen       total 176640K, used 160216K [0x00000000c0000000, 0x00000000cac80000, 0x00000000eab00000)
  object space 176640K, 90% used [0x00000000c0000000,0x00000000c9c76168,0x00000000cac80000)
 Metaspace       used 96511K, committed 97792K, reserved 1138688K
  class space    used 9474K, committed 10048K, reserved 1048576K
}
Event: 4321.485 GC heap before
{Heap before GC invocations=19136 (full 487):
 PSYoungGen      total 3072K, used 2656K [0x00000000eab00000, 0x00000000eaf00000, 0x0000000100000000)
  eden space 2048K, 100% used [0x00000000eab00000,0x00000000ead00000,0x00000000ead00000)
  from space 1024K, 59% used [0x00000000ead00000,0x00000000ead98000,0x00000000eae00000)
  to   space 1024K, 0% used [0x00000000eae00000,0x00000000eae00000,0x00000000eaf00000)
 ParOldGen       total 176640K, used 160216K [0x00000000c0000000, 0x00000000cac80000, 0x00000000eab00000)
  object space 176640K, 90% used [0x00000000c0000000,0x00000000c9c76168,0x00000000cac80000)
 Metaspace       used 96511K, committed 97792K, reserved 1138688K
  class space    used 9474K, committed 10048K, reserved 1048576K
}
Event: 4321.486 GC heap after
{Heap after GC invocations=19136 (full 487):
 PSYoungGen      total 3072K, used 921K [0x00000000eab00000, 0x00000000eaf00000, 0x0000000100000000)
  eden space 2048K, 0% used [0x00000000eab00000,0x00000000eab00000,0x00000000ead00000)
  from space 1024K, 89% used [0x00000000eae00000,0x00000000eaee6410,0x00000000eaf00000)
  to   space 1024K, 0% used [0x00000000ead00000,0x00000000ead00000,0x00000000eae00000)
 ParOldGen       total 176640K, used 160740K [0x00000000c0000000, 0x00000000cac80000, 0x00000000eab00000)
  object space 176640K, 90% used [0x00000000c0000000,0x00000000c9cf9178,0x00000000cac80000)
 Metaspace       used 96511K, committed 97792K, reserved 1138688K
  class space    used 9474K, committed 10048K, reserved 1048576K
}
Event: 4321.490 GC heap before
{Heap before GC invocations=19137 (full 487):
 PSYoungGen      total 3072K, used 2969K [0x00000000eab00000, 0x00000000eaf00000, 0x0000000100000000)
  eden space 2048K, 100% used [0x00000000eab00000,0x00000000ead00000,0x00000000ead00000)
  from space 1024K, 89% used [0x00000000eae00000,0x00000000eaee6410,0x00000000eaf00000)
  to   space 1024K, 0% used [0x00000000ead00000,0x00000000ead00000,0x00000000eae00000)
 ParOldGen       total 176640K, used 160740K [0x00000000c0000000, 0x00000000cac80000, 0x00000000eab00000)
  object space 176640K, 90% used [0x00000000c0000000,0x00000000c9cf9178,0x00000000cac80000)
 Metaspace       used 96511K, committed 97792K, reserved 1138688K
  class space    used 9474K, committed 10048K, reserved 1048576K
}
Event: 4321.491 GC heap after
{Heap after GC invocations=19137 (full 487):
 PSYoungGen      total 3072K, used 576K [0x00000000eab00000, 0x00000000eaf00000, 0x0000000100000000)
  eden space 2048K, 0% used [0x00000000eab00000,0x00000000eab00000,0x00000000ead00000)
  from space 1024K, 56% used [0x00000000ead00000,0x00000000ead90000,0x00000000eae00000)
  to   space 1024K, 0% used [0x00000000eae00000,0x00000000eae00000,0x00000000eaf00000)
 ParOldGen       total 176640K, used 161550K [0x00000000c0000000, 0x00000000cac80000, 0x00000000eab00000)
  object space 176640K, 91% used [0x00000000c0000000,0x00000000c9dc3880,0x00000000cac80000)
 Metaspace       used 96511K, committed 97792K, reserved 1138688K
  class space    used 9474K, committed 10048K, reserved 1048576K
}
Event: 4321.495 GC heap before
{Heap before GC invocations=19138 (full 487):
 PSYoungGen      total 3072K, used 2624K [0x00000000eab00000, 0x00000000eaf00000, 0x0000000100000000)
  eden space 2048K, 100% used [0x00000000eab00000,0x00000000ead00000,0x00000000ead00000)
  from space 1024K, 56% used [0x00000000ead00000,0x00000000ead90000,0x00000000eae00000)
  to   space 1024K, 0% used [0x00000000eae00000,0x00000000eae00000,0x00000000eaf00000)
 ParOldGen       total 176640K, used 161550K [0x00000000c0000000, 0x00000000cac80000, 0x00000000eab00000)
  object space 176640K, 91% used [0x00000000c0000000,0x00000000c9dc3880,0x00000000cac80000)
 Metaspace       used 96511K, committed 97792K, reserved 1138688K
  class space    used 9474K, committed 10048K, reserved 1048576K
}
Event: 4321.496 GC heap after
{Heap after GC invocations=19138 (full 487):
 PSYoungGen      total 3072K, used 736K [0x00000000eab00000, 0x00000000eaf00000, 0x0000000100000000)
  eden space 2048K, 0% used [0x00000000eab00000,0x00000000eab00000,0x00000000ead00000)
  from space 1024K, 71% used [0x00000000eae00000,0x00000000eaeb8000,0x00000000eaf00000)
  to   space 1024K, 0% used [0x00000000ead00000,0x00000000ead00000,0x00000000eae00000)
 ParOldGen       total 176640K, used 162091K [0x00000000c0000000, 0x00000000cac80000, 0x00000000eab00000)
  object space 176640K, 91% used [0x00000000c0000000,0x00000000c9e4adf0,0x00000000cac80000)
 Metaspace       used 96511K, committed 97792K, reserved 1138688K
  class space    used 9474K, committed 10048K, reserved 1048576K
}
Event: 4321.506 GC heap before
{Heap before GC invocations=19139 (full 487):
 PSYoungGen      total 3072K, used 2784K [0x00000000eab00000, 0x00000000eaf00000, 0x0000000100000000)
  eden space 2048K, 100% used [0x00000000eab00000,0x00000000ead00000,0x00000000ead00000)
  from space 1024K, 71% used [0x00000000eae00000,0x00000000eaeb8000,0x00000000eaf00000)
  to   space 1024K, 0% used [0x00000000ead00000,0x00000000ead00000,0x00000000eae00000)
 ParOldGen       total 176640K, used 162091K [0x00000000c0000000, 0x00000000cac80000, 0x00000000eab00000)
  object space 176640K, 91% used [0x00000000c0000000,0x00000000c9e4adf0,0x00000000cac80000)
 Metaspace       used 96511K, committed 97792K, reserved 1138688K
  class space    used 9474K, committed 10048K, reserved 1048576K
}
Event: 4321.507 GC heap after
{Heap after GC invocations=19139 (full 487):
 PSYoungGen      total 3072K, used 544K [0x00000000eab00000, 0x00000000eaf00000, 0x0000000100000000)
  eden space 2048K, 0% used [0x00000000eab00000,0x00000000eab00000,0x00000000ead00000)
  from space 1024K, 53% used [0x00000000ead00000,0x00000000ead88000,0x00000000eae00000)
  to   space 1024K, 0% used [0x00000000eae00000,0x00000000eae00000,0x00000000eaf00000)
 ParOldGen       total 176640K, used 162659K [0x00000000c0000000, 0x00000000cac80000, 0x00000000eab00000)
  object space 176640K, 92% used [0x00000000c0000000,0x00000000c9ed8df0,0x00000000cac80000)
 Metaspace       used 96511K, committed 97792K, reserved 1138688K
  class space    used 9474K, committed 10048K, reserved 1048576K
}
Event: 4321.510 GC heap before
{Heap before GC invocations=19140 (full 487):
 PSYoungGen      total 3072K, used 2592K [0x00000000eab00000, 0x00000000eaf00000, 0x0000000100000000)
  eden space 2048K, 100% used [0x00000000eab00000,0x00000000ead00000,0x00000000ead00000)
  from space 1024K, 53% used [0x00000000ead00000,0x00000000ead88000,0x00000000eae00000)
  to   space 1024K, 0% used [0x00000000eae00000,0x00000000eae00000,0x00000000eaf00000)
 ParOldGen       total 176640K, used 162659K [0x00000000c0000000, 0x00000000cac80000, 0x00000000eab00000)
  object space 176640K, 92% used [0x00000000c0000000,0x00000000c9ed8df0,0x00000000cac80000)
 Metaspace       used 96511K, committed 97792K, reserved 1138688K
  class space    used 9474K, committed 10048K, reserved 1048576K
}
Event: 4321.511 GC heap after
{Heap after GC invocations=19140 (full 487):
 PSYoungGen      total 3072K, used 928K [0x00000000eab00000, 0x00000000eaf00000, 0x0000000100000000)
  eden space 2048K, 0% used [0x00000000eab00000,0x00000000eab00000,0x00000000ead00000)
  from space 1024K, 90% used [0x00000000eae00000,0x00000000eaee83d0,0x00000000eaf00000)
  to   space 1024K, 0% used [0x00000000ead00000,0x00000000ead00000,0x00000000eae00000)
 ParOldGen       total 176640K, used 163098K [0x00000000c0000000, 0x00000000cac80000, 0x00000000eab00000)
  object space 176640K, 92% used [0x00000000c0000000,0x00000000c9f46820,0x00000000cac80000)
 Metaspace       used 96511K, committed 97792K, reserved 1138688K
  class space    used 9474K, committed 10048K, reserved 1048576K
}
Event: 4321.516 GC heap before
{Heap before GC invocations=19141 (full 487):
 PSYoungGen      total 3072K, used 2976K [0x00000000eab00000, 0x00000000eaf00000, 0x0000000100000000)
  eden space 2048K, 99% used [0x00000000eab00000,0x00000000eacffcd8,0x00000000ead00000)
  from space 1024K, 90% used [0x00000000eae00000,0x00000000eaee83d0,0x00000000eaf00000)
  to   space 1024K, 0% used [0x00000000ead00000,0x00000000ead00000,0x00000000eae00000)
 ParOldGen       total 176640K, used 163098K [0x00000000c0000000, 0x00000000cac80000, 0x00000000eab00000)
  object space 176640K, 92% used [0x00000000c0000000,0x00000000c9f46820,0x00000000cac80000)
 Metaspace       used 96520K, committed 97792K, reserved 1138688K
  class space    used 9474K, committed 10048K, reserved 1048576K
}
Event: 4321.517 GC heap after
{Heap after GC invocations=19141 (full 487):
 PSYoungGen      total 3072K, used 585K [0x00000000eab00000, 0x00000000eaf00000, 0x0000000100000000)
  eden space 2048K, 0% used [0x00000000eab00000,0x00000000eab00000,0x00000000ead00000)
  from space 1024K, 57% used [0x00000000ead00000,0x00000000ead92400,0x00000000eae00000)
  to   space 1024K, 0% used [0x00000000eae00000,0x00000000eae00000,0x00000000eaf00000)
 ParOldGen       total 176640K, used 163878K [0x00000000c0000000, 0x00000000cac80000, 0x00000000eab00000)
  object space 176640K, 92% used [0x00000000c0000000,0x00000000ca009bf0,0x00000000cac80000)
 Metaspace       used 96520K, committed 97792K, reserved 1138688K
  class space    used 9474K, committed 10048K, reserved 1048576K
}
Event: 4321.519 GC heap before
{Heap before GC invocations=19142 (full 487):
 PSYoungGen      total 3072K, used 2633K [0x00000000eab00000, 0x00000000eaf00000, 0x0000000100000000)
  eden space 2048K, 100% used [0x00000000eab00000,0x00000000ead00000,0x00000000ead00000)
  from space 1024K, 57% used [0x00000000ead00000,0x00000000ead92400,0x00000000eae00000)
  to   space 1024K, 0% used [0x00000000eae00000,0x00000000eae00000,0x00000000eaf00000)
 ParOldGen       total 176640K, used 163878K [0x00000000c0000000, 0x00000000cac80000, 0x00000000eab00000)
  object space 176640K, 92% used [0x00000000c0000000,0x00000000ca009bf0,0x00000000cac80000)
 Metaspace       used 96520K, committed 97792K, reserved 1138688K
  class space    used 9474K, committed 10048K, reserved 1048576K
}

