# JRE version: OpenJDK Runtime Environment Temurin-17.0.4.1+1 (17.0.4.1+1) (build 17.0.4.1+1)
# Java VM: OpenJDK 64-Bit Server VM Temurin-17.0.4.1+1 (17.0.4.1+1, mixed mode, tiered, compressed oops, compressed class ptrs, parallel gc, windows-amd64)
GC Precious Log:
 CPUs: 8 total, 8 available
 Memory: 16317M
 Large Page Support: Disabled
 NUMA Support: Disabled
 Compressed Oops: Enabled (32-bit)
 Alignments: Space 512K, Generation 512K, Heap 2M
 Heap Min Capacity: 100M
 Heap Initial Capacity: 100M
 Heap Max Capacity: 1G
 Pre-touch: Disabled
 Parallel Workers: 8
Heap:
 PSYoungGen      total 3072K, used 2592K [0x00000000eab00000, 0x00000000eaf80000, 0x0000000100000000)
  eden space 1536K, 100% used [0x00000000eab00000,0x00000000eac80000,0x00000000eac80000)
  from space 1536K, 68% used [0x00000000eae00000,0x00000000eaf08000,0x00000000eaf80000)
  to   space 1536K, 97% used [0x00000000eac80000,0x00000000eadf8000,0x00000000eae00000)
 ParOldGen       total 159744K, used 150074K [0x00000000c0000000, 0x00000000c9c00000, 0x00000000eab00000)
  object space 159744K, 93% used [0x00000000c0000000,0x00000000c928e940,0x00000000c9c00000)
 Metaspace       used 83826K, committed 85056K, reserved 1130496K
  class space    used 8672K, committed 9216K, reserved 1048576K
GC Heap History (20 events):
Event: 222.773 GC heap after
{Heap after GC invocations=648 (full 16):
 PSYoungGen      total 3584K, used 409K [0x00000000eab00000, 0x00000000eb000000, 0x0000000100000000)
  eden space 3072K, 0% used [0x00000000eab00000,0x00000000eab00000,0x00000000eae00000)
  from space 512K, 79% used [0x00000000eae00000,0x00000000eae66410,0x00000000eae80000)
  to   space 1024K, 0% used [0x00000000eaf00000,0x00000000eaf00000,0x00000000eb000000)
 ParOldGen       total 159744K, used 141601K [0x00000000c0000000, 0x00000000c9c00000, 0x00000000eab00000)
  object space 159744K, 88% used [0x00000000c0000000,0x00000000c8a486f8,0x00000000c9c00000)
 Metaspace       used 83805K, committed 85056K, reserved 1130496K
  class space    used 8672K, committed 9216K, reserved 1048576K
}
Event: 222.780 GC heap before
{Heap before GC invocations=649 (full 16):
 PSYoungGen      total 3584K, used 3481K [0x00000000eab00000, 0x00000000eb000000, 0x0000000100000000)
  eden space 3072K, 100% used [0x00000000eab00000,0x00000000eae00000,0x00000000eae00000)
  from space 512K, 79% used [0x00000000eae00000,0x00000000eae66410,0x00000000eae80000)
  to   space 1024K, 0% used [0x00000000eaf00000,0x00000000eaf00000,0x00000000eb000000)
 ParOldGen       total 159744K, used 141601K [0x00000000c0000000, 0x00000000c9c00000, 0x00000000eab00000)
  object space 159744K, 88% used [0x00000000c0000000,0x00000000c8a486f8,0x00000000c9c00000)
 Metaspace       used 83805K, committed 85056K, reserved 1130496K
  class space    used 8672K, committed 9216K, reserved 1048576K
}
Event: 222.781 GC heap after
{Heap after GC invocations=649 (full 16):
 PSYoungGen      total 3584K, used 992K [0x00000000eab00000, 0x00000000eb100000, 0x0000000100000000)
  eden space 2560K, 0% used [0x00000000eab00000,0x00000000eab00000,0x00000000ead80000)
  from space 1024K, 96% used [0x00000000eaf00000,0x00000000eaff8000,0x00000000eb000000)
  to   space 1536K, 0% used [0x00000000ead80000,0x00000000ead80000,0x00000000eaf00000)
 ParOldGen       total 159744K, used 141858K [0x00000000c0000000, 0x00000000c9c00000, 0x00000000eab00000)
  object space 159744K, 88% used [0x00000000c0000000,0x00000000c8a88b18,0x00000000c9c00000)
 Metaspace       used 83805K, committed 85056K, reserved 1130496K
  class space    used 8672K, committed 9216K, reserved 1048576K
}
Event: 222.789 GC heap before
{Heap before GC invocations=650 (full 16):
 PSYoungGen      total 3584K, used 3552K [0x00000000eab00000, 0x00000000eb100000, 0x0000000100000000)
  eden space 2560K, 100% used [0x00000000eab00000,0x00000000ead80000,0x00000000ead80000)
  from space 1024K, 96% used [0x00000000eaf00000,0x00000000eaff8000,0x00000000eb000000)
  to   space 1536K, 0% used [0x00000000ead80000,0x00000000ead80000,0x00000000eaf00000)
 ParOldGen       total 159744K, used 141858K [0x00000000c0000000, 0x00000000c9c00000, 0x00000000eab00000)
  object space 159744K, 88% used [0x00000000c0000000,0x00000000c8a88b18,0x00000000c9c00000)
 Metaspace       used 83808K, committed 85056K, reserved 1130496K
  class space    used 8672K, committed 9216K, reserved 1048576K
}
Event: 222.790 GC heap after
{Heap after GC invocations=650 (full 16):
 PSYoungGen      total 3584K, used 841K [0x00000000eab00000, 0x00000000eaf80000, 0x0000000100000000)
  eden space 2560K, 0% used [0x00000000eab00000,0x00000000eab00000,0x00000000ead80000)
  from space 1024K, 82% used [0x00000000ead80000,0x00000000eae52400,0x00000000eae80000)
  to   space 1024K, 0% used [0x00000000eae80000,0x00000000eae80000,0x00000000eaf80000)
 ParOldGen       total 159744K, used 142760K [0x00000000c0000000, 0x00000000c9c00000, 0x00000000eab00000)
  object space 159744K, 89% used [0x00000000c0000000,0x00000000c8b6a298,0x00000000c9c00000)
 Metaspace       used 83808K, committed 85056K, reserved 1130496K
  class space    used 8672K, committed 9216K, reserved 1048576K
}
Event: 222.797 GC heap before
{Heap before GC invocations=651 (full 16):
 PSYoungGen      total 3584K, used 3401K [0x00000000eab00000, 0x00000000eaf80000, 0x0000000100000000)
  eden space 2560K, 100% used [0x00000000eab00000,0x00000000ead80000,0x00000000ead80000)
  from space 1024K, 82% used [0x00000000ead80000,0x00000000eae52400,0x00000000eae80000)
  to   space 1024K, 0% used [0x00000000eae80000,0x00000000eae80000,0x00000000eaf80000)
 ParOldGen       total 159744K, used 142760K [0x00000000c0000000, 0x00000000c9c00000, 0x00000000eab00000)
  object space 159744K, 89% used [0x00000000c0000000,0x00000000c8b6a298,0x00000000c9c00000)
 Metaspace       used 83819K, committed 85056K, reserved 1130496K
  class space    used 8672K, committed 9216K, reserved 1048576K
}
Event: 222.797 GC heap after
{Heap after GC invocations=651 (full 16):
 PSYoungGen      total 3584K, used 713K [0x00000000eab00000, 0x00000000eaf80000, 0x0000000100000000)
  eden space 2560K, 0% used [0x00000000eab00000,0x00000000eab00000,0x00000000ead80000)
  from space 1024K, 69% used [0x00000000eae80000,0x00000000eaf32400,0x00000000eaf80000)
  to   space 1024K, 0% used [0x00000000ead80000,0x00000000ead80000,0x00000000eae80000)
 ParOldGen       total 159744K, used 143489K [0x00000000c0000000, 0x00000000c9c00000, 0x00000000eab00000)
  object space 159744K, 89% used [0x00000000c0000000,0x00000000c8c206b8,0x00000000c9c00000)
 Metaspace       used 83819K, committed 85056K, reserved 1130496K
  class space    used 8672K, committed 9216K, reserved 1048576K
}
Event: 222.802 GC heap before
{Heap before GC invocations=652 (full 16):
 PSYoungGen      total 3584K, used 3273K [0x00000000eab00000, 0x00000000eaf80000, 0x0000000100000000)
  eden space 2560K, 100% used [0x00000000eab00000,0x00000000ead80000,0x00000000ead80000)
  from space 1024K, 69% used [0x00000000eae80000,0x00000000eaf32400,0x00000000eaf80000)
  to   space 1024K, 0% used [0x00000000ead80000,0x00000000ead80000,0x00000000eae80000)
 ParOldGen       total 159744K, used 143489K [0x00000000c0000000, 0x00000000c9c00000, 0x00000000eab00000)
  object space 159744K, 89% used [0x00000000c0000000,0x00000000c8c206b8,0x00000000c9c00000)
 Metaspace       used 83819K, committed 85056K, reserved 1130496K
  class space    used 8672K, committed 9216K, reserved 1048576K
}
Event: 222.803 GC heap after
{Heap after GC invocations=652 (full 16):
 PSYoungGen      total 3584K, used 816K [0x00000000eab00000, 0x00000000eaf80000, 0x0000000100000000)
  eden space 2560K, 0% used [0x00000000eab00000,0x00000000eab00000,0x00000000ead80000)
  from space 1024K, 79% used [0x00000000ead80000,0x00000000eae4c010,0x00000000eae80000)
  to   space 1024K, 0% used [0x00000000eae80000,0x00000000eae80000,0x00000000eaf80000)
 ParOldGen       total 159744K, used 144144K [0x00000000c0000000, 0x00000000c9c00000, 0x00000000eab00000)
  object space 159744K, 90% used [0x00000000c0000000,0x00000000c8cc4238,0x00000000c9c00000)
 Metaspace       used 83819K, committed 85056K, reserved 1130496K
  class space    used 8672K, committed 9216K, reserved 1048576K
}
Event: 222.913 GC heap before
{Heap before GC invocations=653 (full 16):
 PSYoungGen      total 3584K, used 3376K [0x00000000eab00000, 0x00000000eaf80000, 0x0000000100000000)
  eden space 2560K, 100% used [0x00000000eab00000,0x00000000ead80000,0x00000000ead80000)
  from space 1024K, 79% used [0x00000000ead80000,0x00000000eae4c010,0x00000000eae80000)
  to   space 1024K, 0% used [0x00000000eae80000,0x00000000eae80000,0x00000000eaf80000)
 ParOldGen       total 159744K, used 144144K [0x00000000c0000000, 0x00000000c9c00000, 0x00000000eab00000)
  object space 159744K, 90% used [0x00000000c0000000,0x00000000c8cc4238,0x00000000c9c00000)
 Metaspace       used 83823K, committed 85056K, reserved 1130496K
  class space    used 8672K, committed 9216K, reserved 1048576K
}
Event: 222.914 GC heap after
{Heap after GC invocations=653 (full 16):
 PSYoungGen      total 3584K, used 985K [0x00000000eab00000, 0x00000000eaf80000, 0x0000000100000000)
  eden space 2560K, 0% used [0x00000000eab00000,0x00000000eab00000,0x00000000ead80000)
  from space 1024K, 96% used [0x00000000eae80000,0x00000000eaf76410,0x00000000eaf80000)
  to   space 1024K, 0% used [0x00000000ead80000,0x00000000ead80000,0x00000000eae80000)
 ParOldGen       total 159744K, used 144936K [0x00000000c0000000, 0x00000000c9c00000, 0x00000000eab00000)
  object space 159744K, 90% used [0x00000000c0000000,0x00000000c8d8a258,0x00000000c9c00000)
 Metaspace       used 83823K, committed 85056K, reserved 1130496K
  class space    used 8672K, committed 9216K, reserved 1048576K
}
Event: 223.083 GC heap before
{Heap before GC invocations=654 (full 16):
 PSYoungGen      total 3584K, used 3545K [0x00000000eab00000, 0x00000000eaf80000, 0x0000000100000000)
  eden space 2560K, 99% used [0x00000000eab00000,0x00000000ead7fff0,0x00000000ead80000)
  from space 1024K, 96% used [0x00000000eae80000,0x00000000eaf76410,0x00000000eaf80000)
  to   space 1024K, 0% used [0x00000000ead80000,0x00000000ead80000,0x00000000eae80000)
 ParOldGen       total 159744K, used 144936K [0x00000000c0000000, 0x00000000c9c00000, 0x00000000eab00000)
  object space 159744K, 90% used [0x00000000c0000000,0x00000000c8d8a258,0x00000000c9c00000)
 Metaspace       used 83824K, committed 85056K, reserved 1130496K
  class space    used 8672K, committed 9216K, reserved 1048576K
}
Event: 223.084 GC heap after
{Heap after GC invocations=654 (full 16):
 PSYoungGen      total 3584K, used 666K [0x00000000eab00000, 0x00000000eaf80000, 0x0000000100000000)
  eden space 2560K, 0% used [0x00000000eab00000,0x00000000eab00000,0x00000000ead80000)
  from space 1024K, 65% used [0x00000000ead80000,0x00000000eae26900,0x00000000eae80000)
  to   space 1024K, 0% used [0x00000000eae80000,0x00000000eae80000,0x00000000eaf80000)
 ParOldGen       total 159744K, used 145820K [0x00000000c0000000, 0x00000000c9c00000, 0x00000000eab00000)
  object space 159744K, 91% used [0x00000000c0000000,0x00000000c8e67010,0x00000000c9c00000)
 Metaspace       used 83824K, committed 85056K, reserved 1130496K
  class space    used 8672K, committed 9216K, reserved 1048576K
}
Event: 223.085 GC heap before
{Heap before GC invocations=655 (full 16):
 PSYoungGen      total 3584K, used 3226K [0x00000000eab00000, 0x00000000eaf80000, 0x0000000100000000)
  eden space 2560K, 100% used [0x00000000eab00000,0x00000000ead80000,0x00000000ead80000)
  from space 1024K, 65% used [0x00000000ead80000,0x00000000eae26900,0x00000000eae80000)
  to   space 1024K, 0% used [0x00000000eae80000,0x00000000eae80000,0x00000000eaf80000)
 ParOldGen       total 159744K, used 145820K [0x00000000c0000000, 0x00000000c9c00000, 0x00000000eab00000)
  object space 159744K, 91% used [0x00000000c0000000,0x00000000c8e67010,0x00000000c9c00000)
 Metaspace       used 83824K, committed 85056K, reserved 1130496K
  class space    used 8672K, committed 9216K, reserved 1048576K
}
Event: 223.086 GC heap after
{Heap after GC invocations=655 (full 16):
 PSYoungGen      total 2048K, used 1009K [0x00000000eab00000, 0x00000000eb280000, 0x0000000100000000)
  eden space 1024K, 0% used [0x00000000eab00000,0x00000000eab00000,0x00000000eac00000)
  from space 1024K, 98% used [0x00000000eae80000,0x00000000eaf7c730,0x00000000eaf80000)
  to   space 2560K, 0% used [0x00000000eac00000,0x00000000eac00000,0x00000000eae80000)
 ParOldGen       total 159744K, used 147048K [0x00000000c0000000, 0x00000000c9c00000, 0x00000000eab00000)
  object space 159744K, 92% used [0x00000000c0000000,0x00000000c8f9a210,0x00000000c9c00000)
 Metaspace       used 83824K, committed 85056K, reserved 1130496K
  class space    used 8672K, committed 9216K, reserved 1048576K
}
Event: 223.087 GC heap before
{Heap before GC invocations=656 (full 16):
 PSYoungGen      total 2048K, used 2033K [0x00000000eab00000, 0x00000000eb280000, 0x0000000100000000)
  eden space 1024K, 100% used [0x00000000eab00000,0x00000000eac00000,0x00000000eac00000)
  from space 1024K, 98% used [0x00000000eae80000,0x00000000eaf7c730,0x00000000eaf80000)
  to   space 2560K, 0% used [0x00000000eac00000,0x00000000eac00000,0x00000000eae80000)
 ParOldGen       total 159744K, used 147048K [0x00000000c0000000, 0x00000000c9c00000, 0x00000000eab00000)
  object space 159744K, 92% used [0x00000000c0000000,0x00000000c8f9a210,0x00000000c9c00000)
 Metaspace       used 83826K, committed 85056K, reserved 1130496K
  class space    used 8672K, committed 9216K, reserved 1048576K
}
Event: 223.088 GC heap after
{Heap after GC invocations=656 (full 16):
 PSYoungGen      total 2560K, used 1088K [0x00000000eab00000, 0x00000000eaf80000, 0x0000000100000000)
  eden space 1024K, 0% used [0x00000000eab00000,0x00000000eab00000,0x00000000eac00000)
  from space 1536K, 70% used [0x00000000eac00000,0x00000000ead10000,0x00000000ead80000)
  to   space 1536K, 0% used [0x00000000eae00000,0x00000000eae00000,0x00000000eaf80000)
 ParOldGen       total 159744K, used 148082K [0x00000000c0000000, 0x00000000c9c00000, 0x00000000eab00000)
  object space 159744K, 92% used [0x00000000c0000000,0x00000000c909c940,0x00000000c9c00000)
 Metaspace       used 83826K, committed 85056K, reserved 1130496K
  class space    used 8672K, committed 9216K, reserved 1048576K
}
Event: 223.090 GC heap before
{Heap before GC invocations=657 (full 16):
 PSYoungGen      total 2560K, used 2112K [0x00000000eab00000, 0x00000000eaf80000, 0x0000000100000000)
  eden space 1024K, 100% used [0x00000000eab00000,0x00000000eac00000,0x00000000eac00000)
  from space 1536K, 70% used [0x00000000eac00000,0x00000000ead10000,0x00000000ead80000)
  to   space 1536K, 0% used [0x00000000eae00000,0x00000000eae00000,0x00000000eaf80000)
 ParOldGen       total 159744K, used 148082K [0x00000000c0000000, 0x00000000c9c00000, 0x00000000eab00000)
  object space 159744K, 92% used [0x00000000c0000000,0x00000000c909c940,0x00000000c9c00000)
 Metaspace       used 83826K, committed 85056K, reserved 1130496K
  class space    used 8672K, committed 9216K, reserved 1048576K
}
Event: 223.091 GC heap after
{Heap after GC invocations=657 (full 16):
 PSYoungGen      total 3072K, used 1056K [0x00000000eab00000, 0x00000000eaf80000, 0x0000000100000000)
  eden space 1536K, 0% used [0x00000000eab00000,0x00000000eab00000,0x00000000eac80000)
  from space 1536K, 68% used [0x00000000eae00000,0x00000000eaf08000,0x00000000eaf80000)
  to   space 1536K, 0% used [0x00000000eac80000,0x00000000eac80000,0x00000000eae00000)
 ParOldGen       total 159744K, used 149074K [0x00000000c0000000, 0x00000000c9c00000, 0x00000000eab00000)
  object space 159744K, 93% used [0x00000000c0000000,0x00000000c9194940,0x00000000c9c00000)
 Metaspace       used 83826K, committed 85056K, reserved 1130496K
  class space    used 8672K, committed 9216K, reserved 1048576K
}
Event: 223.094 GC heap before
{Heap before GC invocations=658 (full 16):
 PSYoungGen      total 3072K, used 2592K [0x00000000eab00000, 0x00000000eaf80000, 0x0000000100000000)
  eden space 1536K, 100% used [0x00000000eab00000,0x00000000eac80000,0x00000000eac80000)
  from space 1536K, 68% used [0x00000000eae00000,0x00000000eaf08000,0x00000000eaf80000)
  to   space 1536K, 0% used [0x00000000eac80000,0x00000000eac80000,0x00000000eae00000)
 ParOldGen       total 159744K, used 149074K [0x00000000c0000000, 0x00000000c9c00000, 0x00000000eab00000)
  object space 159744K, 93% used [0x00000000c0000000,0x00000000c9194940,0x00000000c9c00000)
 Metaspace       used 83826K, committed 85056K, reserved 1130496K
  class space    used 8672K, committed 9216K, reserved 1048576K
}

