# JRE version: OpenJDK Runtime Environment Temurin-17.0.4.1+1 (17.0.4.1+1) (build 17.0.4.1+1)
# Java VM: OpenJDK 64-Bit Server VM Temurin-17.0.4.1+1 (17.0.4.1+1, mixed mode, tiered, compressed oops, compressed class ptrs, parallel gc, windows-amd64)
GC Precious Log:
 CPUs: 8 total, 8 available
 Memory: 16317M
 Large Page Support: Disabled
 NUMA Support: Disabled
 Compressed Oops: Enabled (32-bit)
 Alignments: Space 512K, Generation 512K, Heap 2M
 Heap Min Capacity: 100M
 Heap Initial Capacity: 100M
 Heap Max Capacity: 1G
 Pre-touch: Disabled
 Parallel Workers: 8
Heap:
 PSYoungGen      total 2560K, used 2560K [0x00000000eab00000, 0x00000000eb580000, 0x0000000100000000)
  eden space 512K, 100% used [0x00000000eab00000,0x00000000eab80000,0x00000000eab80000)
  from space 2048K, 100% used [0x00000000eaf80000,0x00000000eb180000,0x00000000eb180000)
  to   space 4096K, 14% used [0x00000000eab80000,0x00000000eac10000,0x00000000eaf80000)
 ParOldGen       total 326656K, used 312225K [0x00000000c0000000, 0x00000000d3f00000, 0x00000000eab00000)
  object space 326656K, 95% used [0x00000000c0000000,0x00000000d30e8450,0x00000000d3f00000)
 Metaspace       used 106177K, committed 107584K, reserved 1146880K
  class space    used 10492K, committed 11072K, reserved 1048576K
GC Heap History (20 events):
Event: 6927.941 GC heap after
{Heap after GC invocations=17770 (full 382):
 PSYoungGen      total 3584K, used 1568K [0x00000000eab00000, 0x00000000eb080000, 0x0000000100000000)
  eden space 1536K, 0% used [0x00000000eab00000,0x00000000eab00000,0x00000000eac80000)
  from space 2048K, 76% used [0x00000000eac80000,0x00000000eae08000,0x00000000eae80000)
  to   space 2048K, 0% used [0x00000000eae80000,0x00000000eae80000,0x00000000eb080000)
 ParOldGen       total 326656K, used 299825K [0x00000000c0000000, 0x00000000d3f00000, 0x00000000eab00000)
  object space 326656K, 91% used [0x00000000c0000000,0x00000000d24cc4e0,0x00000000d3f00000)
 Metaspace       used 106177K, committed 107584K, reserved 1146880K
  class space    used 10492K, committed 11072K, reserved 1048576K
}
Event: 6927.943 GC heap before
{Heap before GC invocations=17771 (full 382):
 PSYoungGen      total 3584K, used 3104K [0x00000000eab00000, 0x00000000eb080000, 0x0000000100000000)
  eden space 1536K, 100% used [0x00000000eab00000,0x00000000eac80000,0x00000000eac80000)
  from space 2048K, 76% used [0x00000000eac80000,0x00000000eae08000,0x00000000eae80000)
  to   space 2048K, 0% used [0x00000000eae80000,0x00000000eae80000,0x00000000eb080000)
 ParOldGen       total 326656K, used 299825K [0x00000000c0000000, 0x00000000d3f00000, 0x00000000eab00000)
  object space 326656K, 91% used [0x00000000c0000000,0x00000000d24cc4e0,0x00000000d3f00000)
 Metaspace       used 106177K, committed 107584K, reserved 1146880K
  class space    used 10492K, committed 11072K, reserved 1048576K
}
Event: 6927.945 GC heap after
{Heap after GC invocations=17771 (full 382):
 PSYoungGen      total 3584K, used 1600K [0x00000000eab00000, 0x00000000eb100000, 0x0000000100000000)
  eden space 1536K, 0% used [0x00000000eab00000,0x00000000eab00000,0x00000000eac80000)
  from space 2048K, 78% used [0x00000000eae80000,0x00000000eb010000,0x00000000eb080000)
  to   space 2048K, 0% used [0x00000000eac80000,0x00000000eac80000,0x00000000eae80000)
 ParOldGen       total 326656K, used 301313K [0x00000000c0000000, 0x00000000d3f00000, 0x00000000eab00000)
  object space 326656K, 92% used [0x00000000c0000000,0x00000000d26404e0,0x00000000d3f00000)
 Metaspace       used 106177K, committed 107584K, reserved 1146880K
  class space    used 10492K, committed 11072K, reserved 1048576K
}
Event: 6927.947 GC heap before
{Heap before GC invocations=17772 (full 382):
 PSYoungGen      total 3584K, used 3136K [0x00000000eab00000, 0x00000000eb100000, 0x0000000100000000)
  eden space 1536K, 100% used [0x00000000eab00000,0x00000000eac80000,0x00000000eac80000)
  from space 2048K, 78% used [0x00000000eae80000,0x00000000eb010000,0x00000000eb080000)
  to   space 2048K, 0% used [0x00000000eac80000,0x00000000eac80000,0x00000000eae80000)
 ParOldGen       total 326656K, used 301313K [0x00000000c0000000, 0x00000000d3f00000, 0x00000000eab00000)
  object space 326656K, 92% used [0x00000000c0000000,0x00000000d26404e0,0x00000000d3f00000)
 Metaspace       used 106177K, committed 107584K, reserved 1146880K
  class space    used 10492K, committed 11072K, reserved 1048576K
}
Event: 6927.948 GC heap after
{Heap after GC invocations=17772 (full 382):
 PSYoungGen      total 3584K, used 768K [0x00000000eab00000, 0x00000000eb000000, 0x0000000100000000)
  eden space 1536K, 0% used [0x00000000eab00000,0x00000000eab00000,0x00000000eac80000)
  from space 2048K, 37% used [0x00000000eac80000,0x00000000ead40000,0x00000000eae80000)
  to   space 1536K, 0% used [0x00000000eae80000,0x00000000eae80000,0x00000000eb000000)
 ParOldGen       total 326656K, used 302825K [0x00000000c0000000, 0x00000000d3f00000, 0x00000000eab00000)
  object space 326656K, 92% used [0x00000000c0000000,0x00000000d27ba4e0,0x00000000d3f00000)
 Metaspace       used 106177K, committed 107584K, reserved 1146880K
  class space    used 10492K, committed 11072K, reserved 1048576K
}
Event: 6927.951 GC heap before
{Heap before GC invocations=17773 (full 382):
 PSYoungGen      total 3584K, used 2304K [0x00000000eab00000, 0x00000000eb000000, 0x0000000100000000)
  eden space 1536K, 100% used [0x00000000eab00000,0x00000000eac80000,0x00000000eac80000)
  from space 2048K, 37% used [0x00000000eac80000,0x00000000ead40000,0x00000000eae80000)
  to   space 1536K, 0% used [0x00000000eae80000,0x00000000eae80000,0x00000000eb000000)
 ParOldGen       total 326656K, used 302825K [0x00000000c0000000, 0x00000000d3f00000, 0x00000000eab00000)
  object space 326656K, 92% used [0x00000000c0000000,0x00000000d27ba4e0,0x00000000d3f00000)
 Metaspace       used 106177K, committed 107584K, reserved 1146880K
  class space    used 10492K, committed 11072K, reserved 1048576K
}
Event: 6927.951 GC heap after
{Heap after GC invocations=17773 (full 382):
 PSYoungGen      total 2560K, used 256K [0x00000000eab00000, 0x00000000eaf00000, 0x0000000100000000)
  eden space 2048K, 0% used [0x00000000eab00000,0x00000000eab00000,0x00000000ead00000)
  from space 512K, 50% used [0x00000000eae80000,0x00000000eaec0000,0x00000000eaf00000)
  to   space 512K, 0% used [0x00000000eae00000,0x00000000eae00000,0x00000000eae80000)
 ParOldGen       total 326656K, used 303498K [0x00000000c0000000, 0x00000000d3f00000, 0x00000000eab00000)
  object space 326656K, 92% used [0x00000000c0000000,0x00000000d28629f0,0x00000000d3f00000)
 Metaspace       used 106177K, committed 107584K, reserved 1146880K
  class space    used 10492K, committed 11072K, reserved 1048576K
}
Event: 6927.955 GC heap before
{Heap before GC invocations=17774 (full 382):
 PSYoungGen      total 2560K, used 2303K [0x00000000eab00000, 0x00000000eaf00000, 0x0000000100000000)
  eden space 2048K, 99% used [0x00000000eab00000,0x00000000eacfffe8,0x00000000ead00000)
  from space 512K, 50% used [0x00000000eae80000,0x00000000eaec0000,0x00000000eaf00000)
  to   space 512K, 0% used [0x00000000eae00000,0x00000000eae00000,0x00000000eae80000)
 ParOldGen       total 326656K, used 303498K [0x00000000c0000000, 0x00000000d3f00000, 0x00000000eab00000)
  object space 326656K, 92% used [0x00000000c0000000,0x00000000d28629f0,0x00000000d3f00000)
 Metaspace       used 106177K, committed 107584K, reserved 1146880K
  class space    used 10492K, committed 11072K, reserved 1048576K
}
Event: 6927.955 GC heap after
{Heap after GC invocations=17774 (full 382):
 PSYoungGen      total 3072K, used 510K [0x00000000eab00000, 0x00000000eaf80000, 0x0000000100000000)
  eden space 2560K, 0% used [0x00000000eab00000,0x00000000eab00000,0x00000000ead80000)
  from space 512K, 99% used [0x00000000eae00000,0x00000000eae7f800,0x00000000eae80000)
  to   space 1024K, 0% used [0x00000000eae80000,0x00000000eae80000,0x00000000eaf80000)
 ParOldGen       total 326656K, used 303751K [0x00000000c0000000, 0x00000000d3f00000, 0x00000000eab00000)
  object space 326656K, 92% used [0x00000000c0000000,0x00000000d28a1df0,0x00000000d3f00000)
 Metaspace       used 106177K, committed 107584K, reserved 1146880K
  class space    used 10492K, committed 11072K, reserved 1048576K
}
Event: 6927.959 GC heap before
{Heap before GC invocations=17775 (full 382):
 PSYoungGen      total 3072K, used 3070K [0x00000000eab00000, 0x00000000eaf80000, 0x0000000100000000)
  eden space 2560K, 100% used [0x00000000eab00000,0x00000000ead80000,0x00000000ead80000)
  from space 512K, 99% used [0x00000000eae00000,0x00000000eae7f800,0x00000000eae80000)
  to   space 1024K, 0% used [0x00000000eae80000,0x00000000eae80000,0x00000000eaf80000)
 ParOldGen       total 326656K, used 303751K [0x00000000c0000000, 0x00000000d3f00000, 0x00000000eab00000)
  object space 326656K, 92% used [0x00000000c0000000,0x00000000d28a1df0,0x00000000d3f00000)
 Metaspace       used 106177K, committed 107584K, reserved 1146880K
  class space    used 10492K, committed 11072K, reserved 1048576K
}
Event: 6927.960 GC heap after
{Heap after GC invocations=17775 (full 382):
 PSYoungGen      total 2560K, used 1009K [0x00000000eab00000, 0x00000000eb200000, 0x0000000100000000)
  eden space 1536K, 0% used [0x00000000eab00000,0x00000000eab00000,0x00000000eac80000)
  from space 1024K, 98% used [0x00000000eae80000,0x00000000eaf7c730,0x00000000eaf80000)
  to   space 2048K, 0% used [0x00000000eac80000,0x00000000eac80000,0x00000000eae80000)
 ParOldGen       total 326656K, used 304381K [0x00000000c0000000, 0x00000000d3f00000, 0x00000000eab00000)
  object space 326656K, 93% used [0x00000000c0000000,0x00000000d293f5f0,0x00000000d3f00000)
 Metaspace       used 106177K, committed 107584K, reserved 1146880K
  class space    used 10492K, committed 11072K, reserved 1048576K
}
Event: 6927.962 GC heap before
{Heap before GC invocations=17776 (full 382):
 PSYoungGen      total 2560K, used 2545K [0x00000000eab00000, 0x00000000eb200000, 0x0000000100000000)
  eden space 1536K, 100% used [0x00000000eab00000,0x00000000eac80000,0x00000000eac80000)
  from space 1024K, 98% used [0x00000000eae80000,0x00000000eaf7c730,0x00000000eaf80000)
  to   space 2048K, 0% used [0x00000000eac80000,0x00000000eac80000,0x00000000eae80000)
 ParOldGen       total 326656K, used 304381K [0x00000000c0000000, 0x00000000d3f00000, 0x00000000eab00000)
  object space 326656K, 93% used [0x00000000c0000000,0x00000000d293f5f0,0x00000000d3f00000)
 Metaspace       used 106177K, committed 107584K, reserved 1146880K
  class space    used 10492K, committed 11072K, reserved 1048576K
}
Event: 6927.963 GC heap after
{Heap after GC invocations=17776 (full 382):
 PSYoungGen      total 3584K, used 1632K [0x00000000eab00000, 0x00000000eb100000, 0x0000000100000000)
  eden space 1536K, 0% used [0x00000000eab00000,0x00000000eab00000,0x00000000eac80000)
  from space 2048K, 79% used [0x00000000eac80000,0x00000000eae18000,0x00000000eae80000)
  to   space 2048K, 0% used [0x00000000eaf00000,0x00000000eaf00000,0x00000000eb100000)
 ParOldGen       total 326656K, used 305431K [0x00000000c0000000, 0x00000000d3f00000, 0x00000000eab00000)
  object space 326656K, 93% used [0x00000000c0000000,0x00000000d2a45d20,0x00000000d3f00000)
 Metaspace       used 106177K, committed 107584K, reserved 1146880K
  class space    used 10492K, committed 11072K, reserved 1048576K
}
Event: 6927.965 GC heap before
{Heap before GC invocations=17777 (full 382):
 PSYoungGen      total 3584K, used 3168K [0x00000000eab00000, 0x00000000eb100000, 0x0000000100000000)
  eden space 1536K, 100% used [0x00000000eab00000,0x00000000eac80000,0x00000000eac80000)
  from space 2048K, 79% used [0x00000000eac80000,0x00000000eae18000,0x00000000eae80000)
  to   space 2048K, 0% used [0x00000000eaf00000,0x00000000eaf00000,0x00000000eb100000)
 ParOldGen       total 326656K, used 305431K [0x00000000c0000000, 0x00000000d3f00000, 0x00000000eab00000)
  object space 326656K, 93% used [0x00000000c0000000,0x00000000d2a45d20,0x00000000d3f00000)
 Metaspace       used 106177K, committed 107584K, reserved 1146880K
  class space    used 10492K, committed 11072K, reserved 1048576K
}
Event: 6927.966 GC heap after
{Heap after GC invocations=17777 (full 382):
 PSYoungGen      total 4096K, used 1600K [0x00000000eab00000, 0x00000000eb100000, 0x0000000100000000)
  eden space 2048K, 0% used [0x00000000eab00000,0x00000000eab00000,0x00000000ead00000)
  from space 2048K, 78% used [0x00000000eaf00000,0x00000000eb090000,0x00000000eb100000)
  to   space 2048K, 0% used [0x00000000ead00000,0x00000000ead00000,0x00000000eaf00000)
 ParOldGen       total 326656K, used 306959K [0x00000000c0000000, 0x00000000d3f00000, 0x00000000eab00000)
  object space 326656K, 93% used [0x00000000c0000000,0x00000000d2bc3d20,0x00000000d3f00000)
 Metaspace       used 106177K, committed 107584K, reserved 1146880K
  class space    used 10492K, committed 11072K, reserved 1048576K
}
Event: 6927.970 GC heap before
{Heap before GC invocations=17778 (full 382):
 PSYoungGen      total 4096K, used 3648K [0x00000000eab00000, 0x00000000eb100000, 0x0000000100000000)
  eden space 2048K, 100% used [0x00000000eab00000,0x00000000ead00000,0x00000000ead00000)
  from space 2048K, 78% used [0x00000000eaf00000,0x00000000eb090000,0x00000000eb100000)
  to   space 2048K, 0% used [0x00000000ead00000,0x00000000ead00000,0x00000000eaf00000)
 ParOldGen       total 326656K, used 306959K [0x00000000c0000000, 0x00000000d3f00000, 0x00000000eab00000)
  object space 326656K, 93% used [0x00000000c0000000,0x00000000d2bc3d20,0x00000000d3f00000)
 Metaspace       used 106177K, committed 107584K, reserved 1146880K
  class space    used 10492K, committed 11072K, reserved 1048576K
}
Event: 6927.971 GC heap after
{Heap after GC invocations=17778 (full 382):
 PSYoungGen      total 4096K, used 1777K [0x00000000eab00000, 0x00000000eb180000, 0x0000000100000000)
  eden space 2048K, 0% used [0x00000000eab00000,0x00000000eab00000,0x00000000ead00000)
  from space 2048K, 86% used [0x00000000ead00000,0x00000000eaebc730,0x00000000eaf00000)
  to   space 2048K, 0% used [0x00000000eaf80000,0x00000000eaf80000,0x00000000eb180000)
 ParOldGen       total 326656K, used 308503K [0x00000000c0000000, 0x00000000d3f00000, 0x00000000eab00000)
  object space 326656K, 94% used [0x00000000c0000000,0x00000000d2d45d20,0x00000000d3f00000)
 Metaspace       used 106177K, committed 107584K, reserved 1146880K
  class space    used 10492K, committed 11072K, reserved 1048576K
}
Event: 6927.974 GC heap before
{Heap before GC invocations=17779 (full 382):
 PSYoungGen      total 4096K, used 3825K [0x00000000eab00000, 0x00000000eb180000, 0x0000000100000000)
  eden space 2048K, 99% used [0x00000000eab00000,0x00000000eacfffb8,0x00000000ead00000)
  from space 2048K, 86% used [0x00000000ead00000,0x00000000eaebc730,0x00000000eaf00000)
  to   space 2048K, 0% used [0x00000000eaf80000,0x00000000eaf80000,0x00000000eb180000)
 ParOldGen       total 326656K, used 308503K [0x00000000c0000000, 0x00000000d3f00000, 0x00000000eab00000)
  object space 326656K, 94% used [0x00000000c0000000,0x00000000d2d45d20,0x00000000d3f00000)
 Metaspace       used 106177K, committed 107584K, reserved 1146880K
  class space    used 10492K, committed 11072K, reserved 1048576K
}
Event: 6927.975 GC heap after
{Heap after GC invocations=17779 (full 382):
 PSYoungGen      total 2560K, used 2048K [0x00000000eab00000, 0x00000000eb580000, 0x0000000100000000)
  eden space 512K, 0% used [0x00000000eab00000,0x00000000eab00000,0x00000000eab80000)
  from space 2048K, 100% used [0x00000000eaf80000,0x00000000eb180000,0x00000000eb180000)
  to   space 4096K, 0% used [0x00000000eab80000,0x00000000eab80000,0x00000000eaf80000)
 ParOldGen       total 326656K, used 310169K [0x00000000c0000000, 0x00000000d3f00000, 0x00000000eab00000)
  object space 326656K, 94% used [0x00000000c0000000,0x00000000d2ee6450,0x00000000d3f00000)
 Metaspace       used 106177K, committed 107584K, reserved 1146880K
  class space    used 10492K, committed 11072K, reserved 1048576K
}
Event: 6927.976 GC heap before
{Heap before GC invocations=17780 (full 382):
 PSYoungGen      total 2560K, used 2560K [0x00000000eab00000, 0x00000000eb580000, 0x0000000100000000)
  eden space 512K, 100% used [0x00000000eab00000,0x00000000eab80000,0x00000000eab80000)
  from space 2048K, 100% used [0x00000000eaf80000,0x00000000eb180000,0x00000000eb180000)
  to   space 4096K, 0% used [0x00000000eab80000,0x00000000eab80000,0x00000000eaf80000)
 ParOldGen       total 326656K, used 310169K [0x00000000c0000000, 0x00000000d3f00000, 0x00000000eab00000)
  object space 326656K, 94% used [0x00000000c0000000,0x00000000d2ee6450,0x00000000d3f00000)
 Metaspace       used 106177K, committed 107584K, reserved 1146880K
  class space    used 10492K, committed 11072K, reserved 1048576K
}

