# JRE version: OpenJDK Runtime Environment Temurin-17.0.4.1+1 (17.0.4.1+1) (build 17.0.4.1+1)
# Java VM: OpenJDK 64-Bit Server VM Temurin-17.0.4.1+1 (17.0.4.1+1, mixed mode, tiered, compressed oops, compressed class ptrs, parallel gc, windows-amd64)
GC Precious Log:
 CPUs: 8 total, 8 available
 Memory: 16317M
 Large Page Support: Disabled
 NUMA Support: Disabled
 Compressed Oops: Enabled (32-bit)
 Alignments: Space 512K, Generation 512K, Heap 2M
 Heap Min Capacity: 100M
 Heap Initial Capacity: 100M
 Heap Max Capacity: 1G
 Pre-touch: Disabled
 Parallel Workers: 8
Heap:
 PSYoungGen      total 19456K, used 18831K [0x00000000eab00000, 0x00000000ecb00000, 0x0000000100000000)
  eden space 9216K, 97% used [0x00000000eab00000,0x00000000eb3cbfe8,0x00000000eb400000)
  from space 10240K, 95% used [0x00000000ebe80000,0x00000000ec818000,0x00000000ec880000)
  to   space 10752K, 80% used [0x00000000eb400000,0x00000000ebc79000,0x00000000ebe80000)
 ParOldGen       total 162304K, used 155855K [0x00000000c0000000, 0x00000000c9e80000, 0x00000000eab00000)
  object space 162304K, 96% used [0x00000000c0000000,0x00000000c9833f48,0x00000000c9e80000)
 Metaspace       used 87084K, committed 88320K, reserved 1130496K
  class space    used 8240K, committed 8768K, reserved 1048576K
GC Heap History (20 events):
Event: 1059.357 GC heap after
{Heap after GC invocations=15112 (full 350):
 PSYoungGen      total 8704K, used 1120K [0x00000000eab00000, 0x00000000eb600000, 0x0000000100000000)
  eden space 5120K, 0% used [0x00000000eab00000,0x00000000eab00000,0x00000000eb000000)
  from space 3584K, 31% used [0x00000000eb080000,0x00000000eb198000,0x00000000eb400000)
  to   space 2048K, 0% used [0x00000000eb400000,0x00000000eb400000,0x00000000eb600000)
 ParOldGen       total 162304K, used 125113K [0x00000000c0000000, 0x00000000c9e80000, 0x00000000eab00000)
  object space 162304K, 77% used [0x00000000c0000000,0x00000000c7a2e7f8,0x00000000c9e80000)
 Metaspace       used 87079K, committed 88320K, reserved 1130496K
  class space    used 8240K, committed 8768K, reserved 1048576K
}
Event: 1059.367 GC heap before
{Heap before GC invocations=15113 (full 350):
 PSYoungGen      total 8704K, used 6240K [0x00000000eab00000, 0x00000000eb600000, 0x0000000100000000)
  eden space 5120K, 100% used [0x00000000eab00000,0x00000000eb000000,0x00000000eb000000)
  from space 3584K, 31% used [0x00000000eb080000,0x00000000eb198000,0x00000000eb400000)
  to   space 2048K, 0% used [0x00000000eb400000,0x00000000eb400000,0x00000000eb600000)
 ParOldGen       total 162304K, used 125113K [0x00000000c0000000, 0x00000000c9e80000, 0x00000000eab00000)
  object space 162304K, 77% used [0x00000000c0000000,0x00000000c7a2e7f8,0x00000000c9e80000)
 Metaspace       used 87079K, committed 88320K, reserved 1130496K
  class space    used 8240K, committed 8768K, reserved 1048576K
}
Event: 1059.368 GC heap after
{Heap after GC invocations=15113 (full 350):
 PSYoungGen      total 7680K, used 1425K [0x00000000eab00000, 0x00000000eb580000, 0x0000000100000000)
  eden space 6144K, 0% used [0x00000000eab00000,0x00000000eab00000,0x00000000eb100000)
  from space 1536K, 92% used [0x00000000eb400000,0x00000000eb564610,0x00000000eb580000)
  to   space 1536K, 0% used [0x00000000eb280000,0x00000000eb280000,0x00000000eb400000)
 ParOldGen       total 162304K, used 126118K [0x00000000c0000000, 0x00000000c9e80000, 0x00000000eab00000)
  object space 162304K, 77% used [0x00000000c0000000,0x00000000c7b29868,0x00000000c9e80000)
 Metaspace       used 87079K, committed 88320K, reserved 1130496K
  class space    used 8240K, committed 8768K, reserved 1048576K
}
Event: 1059.384 GC heap before
{Heap before GC invocations=15114 (full 350):
 PSYoungGen      total 7680K, used 7569K [0x00000000eab00000, 0x00000000eb580000, 0x0000000100000000)
  eden space 6144K, 100% used [0x00000000eab00000,0x00000000eb100000,0x00000000eb100000)
  from space 1536K, 92% used [0x00000000eb400000,0x00000000eb564610,0x00000000eb580000)
  to   space 1536K, 0% used [0x00000000eb280000,0x00000000eb280000,0x00000000eb400000)
 ParOldGen       total 162304K, used 126118K [0x00000000c0000000, 0x00000000c9e80000, 0x00000000eab00000)
  object space 162304K, 77% used [0x00000000c0000000,0x00000000c7b29868,0x00000000c9e80000)
 Metaspace       used 87079K, committed 88320K, reserved 1130496K
  class space    used 8240K, committed 8768K, reserved 1048576K
}
Event: 1059.385 GC heap after
{Heap after GC invocations=15114 (full 350):
 PSYoungGen      total 8704K, used 1506K [0x00000000eab00000, 0x00000000eb900000, 0x0000000100000000)
  eden space 7168K, 0% used [0x00000000eab00000,0x00000000eab00000,0x00000000eb200000)
  from space 1536K, 98% used [0x00000000eb280000,0x00000000eb3f8810,0x00000000eb400000)
  to   space 3584K, 0% used [0x00000000eb580000,0x00000000eb580000,0x00000000eb900000)
 ParOldGen       total 162304K, used 127827K [0x00000000c0000000, 0x00000000c9e80000, 0x00000000eab00000)
  object space 162304K, 78% used [0x00000000c0000000,0x00000000c7cd4eb8,0x00000000c9e80000)
 Metaspace       used 87079K, committed 88320K, reserved 1130496K
  class space    used 8240K, committed 8768K, reserved 1048576K
}
Event: 1062.456 GC heap before
{Heap before GC invocations=15115 (full 350):
 PSYoungGen      total 8704K, used 8674K [0x00000000eab00000, 0x00000000eb900000, 0x0000000100000000)
  eden space 7168K, 100% used [0x00000000eab00000,0x00000000eb200000,0x00000000eb200000)
  from space 1536K, 98% used [0x00000000eb280000,0x00000000eb3f8810,0x00000000eb400000)
  to   space 3584K, 0% used [0x00000000eb580000,0x00000000eb580000,0x00000000eb900000)
 ParOldGen       total 162304K, used 127827K [0x00000000c0000000, 0x00000000c9e80000, 0x00000000eab00000)
  object space 162304K, 78% used [0x00000000c0000000,0x00000000c7cd4eb8,0x00000000c9e80000)
 Metaspace       used 87080K, committed 88320K, reserved 1130496K
  class space    used 8240K, committed 8768K, reserved 1048576K
}
Event: 1062.457 GC heap after
{Heap after GC invocations=15115 (full 350):
 PSYoungGen      total 9728K, used 708K [0x00000000eab00000, 0x00000000eb700000, 0x0000000100000000)
  eden space 8192K, 0% used [0x00000000eab00000,0x00000000eab00000,0x00000000eb300000)
  from space 1536K, 46% used [0x00000000eb580000,0x00000000eb631138,0x00000000eb700000)
  to   space 2048K, 0% used [0x00000000eb300000,0x00000000eb300000,0x00000000eb500000)
 ParOldGen       total 162304K, used 129357K [0x00000000c0000000, 0x00000000c9e80000, 0x00000000eab00000)
  object space 162304K, 79% used [0x00000000c0000000,0x00000000c7e536f8,0x00000000c9e80000)
 Metaspace       used 87080K, committed 88320K, reserved 1130496K
  class space    used 8240K, committed 8768K, reserved 1048576K
}
Event: 1062.466 GC heap before
{Heap before GC invocations=15116 (full 350):
 PSYoungGen      total 9728K, used 8900K [0x00000000eab00000, 0x00000000eb700000, 0x0000000100000000)
  eden space 8192K, 100% used [0x00000000eab00000,0x00000000eb300000,0x00000000eb300000)
  from space 1536K, 46% used [0x00000000eb580000,0x00000000eb631138,0x00000000eb700000)
  to   space 2048K, 0% used [0x00000000eb300000,0x00000000eb300000,0x00000000eb500000)
 ParOldGen       total 162304K, used 129357K [0x00000000c0000000, 0x00000000c9e80000, 0x00000000eab00000)
  object space 162304K, 79% used [0x00000000c0000000,0x00000000c7e536f8,0x00000000c9e80000)
 Metaspace       used 87080K, committed 88320K, reserved 1130496K
  class space    used 8240K, committed 8768K, reserved 1048576K
}
Event: 1062.467 GC heap after
{Heap after GC invocations=15116 (full 350):
 PSYoungGen      total 10240K, used 2016K [0x00000000eab00000, 0x00000000ebb80000, 0x0000000100000000)
  eden space 8192K, 0% used [0x00000000eab00000,0x00000000eab00000,0x00000000eb300000)
  from space 2048K, 98% used [0x00000000eb300000,0x00000000eb4f8020,0x00000000eb500000)
  to   space 3584K, 0% used [0x00000000eb800000,0x00000000eb800000,0x00000000ebb80000)
 ParOldGen       total 162304K, used 130428K [0x00000000c0000000, 0x00000000c9e80000, 0x00000000eab00000)
  object space 162304K, 80% used [0x00000000c0000000,0x00000000c7f5f1b8,0x00000000c9e80000)
 Metaspace       used 87080K, committed 88320K, reserved 1130496K
  class space    used 8240K, committed 8768K, reserved 1048576K
}
Event: 1062.481 GC heap before
{Heap before GC invocations=15117 (full 350):
 PSYoungGen      total 10240K, used 10208K [0x00000000eab00000, 0x00000000ebb80000, 0x0000000100000000)
  eden space 8192K, 100% used [0x00000000eab00000,0x00000000eb300000,0x00000000eb300000)
  from space 2048K, 98% used [0x00000000eb300000,0x00000000eb4f8020,0x00000000eb500000)
  to   space 3584K, 0% used [0x00000000eb800000,0x00000000eb800000,0x00000000ebb80000)
 ParOldGen       total 162304K, used 130428K [0x00000000c0000000, 0x00000000c9e80000, 0x00000000eab00000)
  object space 162304K, 80% used [0x00000000c0000000,0x00000000c7f5f1b8,0x00000000c9e80000)
 Metaspace       used 87080K, committed 88320K, reserved 1130496K
  class space    used 8240K, committed 8768K, reserved 1048576K
}
Event: 1062.483 GC heap after
{Heap after GC invocations=15117 (full 350):
 PSYoungGen      total 12288K, used 2457K [0x00000000eab00000, 0x00000000eba80000, 0x0000000100000000)
  eden space 9728K, 0% used [0x00000000eab00000,0x00000000eab00000,0x00000000eb480000)
  from space 2560K, 95% used [0x00000000eb800000,0x00000000eba66410,0x00000000eba80000)
  to   space 3072K, 0% used [0x00000000eb480000,0x00000000eb480000,0x00000000eb780000)
 ParOldGen       total 162304K, used 132475K [0x00000000c0000000, 0x00000000c9e80000, 0x00000000eab00000)
  object space 162304K, 81% used [0x00000000c0000000,0x00000000c815ef08,0x00000000c9e80000)
 Metaspace       used 87080K, committed 88320K, reserved 1130496K
  class space    used 8240K, committed 8768K, reserved 1048576K
}
Event: 1062.669 GC heap before
{Heap before GC invocations=15118 (full 350):
 PSYoungGen      total 12288K, used 12185K [0x00000000eab00000, 0x00000000eba80000, 0x0000000100000000)
  eden space 9728K, 100% used [0x00000000eab00000,0x00000000eb480000,0x00000000eb480000)
  from space 2560K, 95% used [0x00000000eb800000,0x00000000eba66410,0x00000000eba80000)
  to   space 3072K, 0% used [0x00000000eb480000,0x00000000eb480000,0x00000000eb780000)
 ParOldGen       total 162304K, used 132475K [0x00000000c0000000, 0x00000000c9e80000, 0x00000000eab00000)
  object space 162304K, 81% used [0x00000000c0000000,0x00000000c815ef08,0x00000000c9e80000)
 Metaspace       used 87080K, committed 88320K, reserved 1130496K
  class space    used 8240K, committed 8768K, reserved 1048576K
}
Event: 1062.671 GC heap after
{Heap after GC invocations=15118 (full 350):
 PSYoungGen      total 12800K, used 2808K [0x00000000eab00000, 0x00000000eba80000, 0x0000000100000000)
  eden space 9728K, 0% used [0x00000000eab00000,0x00000000eab00000,0x00000000eb480000)
  from space 3072K, 91% used [0x00000000eb480000,0x00000000eb73e3b8,0x00000000eb780000)
  to   space 3072K, 0% used [0x00000000eb780000,0x00000000eb780000,0x00000000eba80000)
 ParOldGen       total 162304K, used 134793K [0x00000000c0000000, 0x00000000c9e80000, 0x00000000eab00000)
  object space 162304K, 83% used [0x00000000c0000000,0x00000000c83a2570,0x00000000c9e80000)
 Metaspace       used 87080K, committed 88320K, reserved 1130496K
  class space    used 8240K, committed 8768K, reserved 1048576K
}
Event: 1062.706 GC heap before
{Heap before GC invocations=15119 (full 350):
 PSYoungGen      total 12800K, used 12536K [0x00000000eab00000, 0x00000000eba80000, 0x0000000100000000)
  eden space 9728K, 100% used [0x00000000eab00000,0x00000000eb480000,0x00000000eb480000)
  from space 3072K, 91% used [0x00000000eb480000,0x00000000eb73e3b8,0x00000000eb780000)
  to   space 3072K, 0% used [0x00000000eb780000,0x00000000eb780000,0x00000000eba80000)
 ParOldGen       total 162304K, used 134793K [0x00000000c0000000, 0x00000000c9e80000, 0x00000000eab00000)
  object space 162304K, 83% used [0x00000000c0000000,0x00000000c83a2570,0x00000000c9e80000)
 Metaspace       used 87080K, committed 88320K, reserved 1130496K
  class space    used 8240K, committed 8768K, reserved 1048576K
}
Event: 1062.707 GC heap after
{Heap after GC invocations=15119 (full 350):
 PSYoungGen      total 10752K, used 768K [0x00000000eab00000, 0x00000000eb880000, 0x0000000100000000)
  eden space 9728K, 0% used [0x00000000eab00000,0x00000000eab00000,0x00000000eb480000)
  from space 1024K, 75% used [0x00000000eb780000,0x00000000eb840000,0x00000000eb880000)
  to   space 1536K, 0% used [0x00000000eb580000,0x00000000eb580000,0x00000000eb700000)
 ParOldGen       total 162304K, used 137488K [0x00000000c0000000, 0x00000000c9e80000, 0x00000000eab00000)
  object space 162304K, 84% used [0x00000000c0000000,0x00000000c86441e8,0x00000000c9e80000)
 Metaspace       used 87080K, committed 88320K, reserved 1130496K
  class space    used 8240K, committed 8768K, reserved 1048576K
}
Event: 1062.761 GC heap before
{Heap before GC invocations=15120 (full 350):
 PSYoungGen      total 10752K, used 10496K [0x00000000eab00000, 0x00000000eb880000, 0x0000000100000000)
  eden space 9728K, 100% used [0x00000000eab00000,0x00000000eb480000,0x00000000eb480000)
  from space 1024K, 75% used [0x00000000eb780000,0x00000000eb840000,0x00000000eb880000)
  to   space 1536K, 0% used [0x00000000eb580000,0x00000000eb580000,0x00000000eb700000)
 ParOldGen       total 162304K, used 137488K [0x00000000c0000000, 0x00000000c9e80000, 0x00000000eab00000)
  object space 162304K, 84% used [0x00000000c0000000,0x00000000c86441e8,0x00000000c9e80000)
 Metaspace       used 87084K, committed 88320K, reserved 1130496K
  class space    used 8240K, committed 8768K, reserved 1048576K
}
Event: 1062.764 GC heap after
{Heap after GC invocations=15120 (full 350):
 PSYoungGen      total 11264K, used 1536K [0x00000000eab00000, 0x00000000ec880000, 0x0000000100000000)
  eden space 9728K, 0% used [0x00000000eab00000,0x00000000eab00000,0x00000000eb480000)
  from space 1536K, 100% used [0x00000000eb580000,0x00000000eb700000,0x00000000eb700000)
  to   space 10240K, 0% used [0x00000000ebe80000,0x00000000ebe80000,0x00000000ec880000)
 ParOldGen       total 162304K, used 144494K [0x00000000c0000000, 0x00000000c9e80000, 0x00000000eab00000)
  object space 162304K, 89% used [0x00000000c0000000,0x00000000c8d1b928,0x00000000c9e80000)
 Metaspace       used 87084K, committed 88320K, reserved 1130496K
  class space    used 8240K, committed 8768K, reserved 1048576K
}
Event: 1062.793 GC heap before
{Heap before GC invocations=15121 (full 350):
 PSYoungGen      total 11264K, used 11264K [0x00000000eab00000, 0x00000000ec880000, 0x0000000100000000)
  eden space 9728K, 100% used [0x00000000eab00000,0x00000000eb480000,0x00000000eb480000)
  from space 1536K, 100% used [0x00000000eb580000,0x00000000eb700000,0x00000000eb700000)
  to   space 10240K, 0% used [0x00000000ebe80000,0x00000000ebe80000,0x00000000ec880000)
 ParOldGen       total 162304K, used 144494K [0x00000000c0000000, 0x00000000c9e80000, 0x00000000eab00000)
  object space 162304K, 89% used [0x00000000c0000000,0x00000000c8d1b928,0x00000000c9e80000)
 Metaspace       used 87084K, committed 88320K, reserved 1130496K
  class space    used 8240K, committed 8768K, reserved 1048576K
}
Event: 1062.805 GC heap after
{Heap after GC invocations=15121 (full 350):
 PSYoungGen      total 19456K, used 9824K [0x00000000eab00000, 0x00000000ecb00000, 0x0000000100000000)
  eden space 9216K, 0% used [0x00000000eab00000,0x00000000eab00000,0x00000000eb400000)
  from space 10240K, 95% used [0x00000000ebe80000,0x00000000ec818000,0x00000000ec880000)
  to   space 10752K, 0% used [0x00000000eb400000,0x00000000eb400000,0x00000000ebe80000)
 ParOldGen       total 162304K, used 146071K [0x00000000c0000000, 0x00000000c9e80000, 0x00000000eab00000)
  object space 162304K, 89% used [0x00000000c0000000,0x00000000c8ea5f48,0x00000000c9e80000)
 Metaspace       used 87084K, committed 88320K, reserved 1130496K
  class space    used 8240K, committed 8768K, reserved 1048576K
}
Event: 1062.852 GC heap before
{Heap before GC invocations=15122 (full 350):
 PSYoungGen      total 19456K, used 18831K [0x00000000eab00000, 0x00000000ecb00000, 0x0000000100000000)
  eden space 9216K, 97% used [0x00000000eab00000,0x00000000eb3cbfe8,0x00000000eb400000)
  from space 10240K, 95% used [0x00000000ebe80000,0x00000000ec818000,0x00000000ec880000)
  to   space 10752K, 0% used [0x00000000eb400000,0x00000000eb400000,0x00000000ebe80000)
 ParOldGen       total 162304K, used 146071K [0x00000000c0000000, 0x00000000c9e80000, 0x00000000eab00000)
  object space 162304K, 89% used [0x00000000c0000000,0x00000000c8ea5f48,0x00000000c9e80000)
 Metaspace       used 87084K, committed 88320K, reserved 1130496K
  class space    used 8240K, committed 8768K, reserved 1048576K
}

