# JRE version: OpenJDK Runtime Environment Temurin-17.0.4.1+1 (17.0.4.1+1) (build 17.0.4.1+1)
# Java VM: OpenJDK 64-Bit Server VM Temurin-17.0.4.1+1 (17.0.4.1+1, mixed mode, tiered, compressed oops, compressed class ptrs, parallel gc, windows-amd64)
GC Precious Log:
 CPUs: 8 total, 8 available
 Memory: 16317M
 Large Page Support: Disabled
 NUMA Support: Disabled
 Compressed Oops: Enabled (32-bit)
 Alignments: Space 512K, Generation 512K, Heap 2M
 Heap Min Capacity: 100M
 Heap Initial Capacity: 100M
 Heap Max Capacity: 1G
 Pre-touch: Disabled
 Parallel Workers: 8
Heap:
 PSYoungGen      total 9728K, used 9309K [0x00000000eab00000, 0x00000000eb680000, 0x0000000100000000)
  eden space 7680K, 100% used [0x00000000eab00000,0x00000000eb280000,0x00000000eb280000)
  from space 2048K, 79% used [0x00000000eb280000,0x00000000eb417600,0x00000000eb480000)
  to   space 2048K, 56% used [0x00000000eb480000,0x00000000eb5a2400,0x00000000eb680000)
 ParOldGen       total 346112K, used 335190K [0x00000000c0000000, 0x00000000d5200000, 0x00000000eab00000)
  object space 346112K, 96% used [0x00000000c0000000,0x00000000d4755860,0x00000000d5200000)
 Metaspace       used 92851K, committed 94016K, reserved 1138688K
  class space    used 9002K, committed 9472K, reserved 1048576K
GC Heap History (20 events):
Event: 3026.391 GC heap after
{Heap after GC invocations=7884 (full 166):
 PSYoungGen      total 4096K, used 1655K [0x00000000eab00000, 0x00000000eb200000, 0x0000000100000000)
  eden space 2048K, 0% used [0x00000000eab00000,0x00000000eab00000,0x00000000ead00000)
  from space 2048K, 80% used [0x00000000eb000000,0x00000000eb19dfa0,0x00000000eb200000)
  to   space 2048K, 0% used [0x00000000eae00000,0x00000000eae00000,0x00000000eb000000)
 ParOldGen       total 346112K, used 315582K [0x00000000c0000000, 0x00000000d5200000, 0x00000000eab00000)
  object space 346112K, 91% used [0x00000000c0000000,0x00000000d342fab0,0x00000000d5200000)
 Metaspace       used 92848K, committed 94016K, reserved 1138688K
  class space    used 9002K, committed 9472K, reserved 1048576K
}
Event: 3026.394 GC heap before
{Heap before GC invocations=7885 (full 166):
 PSYoungGen      total 4096K, used 3703K [0x00000000eab00000, 0x00000000eb200000, 0x0000000100000000)
  eden space 2048K, 100% used [0x00000000eab00000,0x00000000ead00000,0x00000000ead00000)
  from space 2048K, 80% used [0x00000000eb000000,0x00000000eb19dfa0,0x00000000eb200000)
  to   space 2048K, 0% used [0x00000000eae00000,0x00000000eae00000,0x00000000eb000000)
 ParOldGen       total 346112K, used 315582K [0x00000000c0000000, 0x00000000d5200000, 0x00000000eab00000)
  object space 346112K, 91% used [0x00000000c0000000,0x00000000d342fab0,0x00000000d5200000)
 Metaspace       used 92848K, committed 94016K, reserved 1138688K
  class space    used 9002K, committed 9472K, reserved 1048576K
}
Event: 3026.396 GC heap after
{Heap after GC invocations=7885 (full 166):
 PSYoungGen      total 4608K, used 2048K [0x00000000eab00000, 0x00000000eb580000, 0x0000000100000000)
  eden space 2560K, 0% used [0x00000000eab00000,0x00000000eab00000,0x00000000ead80000)
  from space 2048K, 100% used [0x00000000eae00000,0x00000000eb000000,0x00000000eb000000)
  to   space 4096K, 0% used [0x00000000eb180000,0x00000000eb180000,0x00000000eb580000)
 ParOldGen       total 346112K, used 317158K [0x00000000c0000000, 0x00000000d5200000, 0x00000000eab00000)
  object space 346112K, 91% used [0x00000000c0000000,0x00000000d35b9a50,0x00000000d5200000)
 Metaspace       used 92848K, committed 94016K, reserved 1138688K
  class space    used 9002K, committed 9472K, reserved 1048576K
}
Event: 3026.399 GC heap before
{Heap before GC invocations=7886 (full 166):
 PSYoungGen      total 4608K, used 4608K [0x00000000eab00000, 0x00000000eb580000, 0x0000000100000000)
  eden space 2560K, 100% used [0x00000000eab00000,0x00000000ead80000,0x00000000ead80000)
  from space 2048K, 100% used [0x00000000eae00000,0x00000000eb000000,0x00000000eb000000)
  to   space 4096K, 0% used [0x00000000eb180000,0x00000000eb180000,0x00000000eb580000)
 ParOldGen       total 346112K, used 317158K [0x00000000c0000000, 0x00000000d5200000, 0x00000000eab00000)
  object space 346112K, 91% used [0x00000000c0000000,0x00000000d35b9a50,0x00000000d5200000)
 Metaspace       used 92848K, committed 94016K, reserved 1138688K
  class space    used 9002K, committed 9472K, reserved 1048576K
}
Event: 3026.402 GC heap after
{Heap after GC invocations=7886 (full 166):
 PSYoungGen      total 6144K, used 2624K [0x00000000eab00000, 0x00000000eb480000, 0x0000000100000000)
  eden space 3072K, 0% used [0x00000000eab00000,0x00000000eab00000,0x00000000eae00000)
  from space 3072K, 85% used [0x00000000eb180000,0x00000000eb410000,0x00000000eb480000)
  to   space 3072K, 0% used [0x00000000eae80000,0x00000000eae80000,0x00000000eb180000)
 ParOldGen       total 346112K, used 319182K [0x00000000c0000000, 0x00000000d5200000, 0x00000000eab00000)
  object space 346112K, 92% used [0x00000000c0000000,0x00000000d37b3a50,0x00000000d5200000)
 Metaspace       used 92848K, committed 94016K, reserved 1138688K
  class space    used 9002K, committed 9472K, reserved 1048576K
}
Event: 3026.404 GC heap before
{Heap before GC invocations=7887 (full 166):
 PSYoungGen      total 6144K, used 5696K [0x00000000eab00000, 0x00000000eb480000, 0x0000000100000000)
  eden space 3072K, 100% used [0x00000000eab00000,0x00000000eae00000,0x00000000eae00000)
  from space 3072K, 85% used [0x00000000eb180000,0x00000000eb410000,0x00000000eb480000)
  to   space 3072K, 0% used [0x00000000eae80000,0x00000000eae80000,0x00000000eb180000)
 ParOldGen       total 346112K, used 319182K [0x00000000c0000000, 0x00000000d5200000, 0x00000000eab00000)
  object space 346112K, 92% used [0x00000000c0000000,0x00000000d37b3a50,0x00000000d5200000)
 Metaspace       used 92848K, committed 94016K, reserved 1138688K
  class space    used 9002K, committed 9472K, reserved 1048576K
}
Event: 3026.407 GC heap after
{Heap after GC invocations=7887 (full 166):
 PSYoungGen      total 6656K, used 2329K [0x00000000eab00000, 0x00000000eb400000, 0x0000000100000000)
  eden space 3584K, 0% used [0x00000000eab00000,0x00000000eab00000,0x00000000eae80000)
  from space 3072K, 75% used [0x00000000eae80000,0x00000000eb0c6410,0x00000000eb180000)
  to   space 2560K, 0% used [0x00000000eb180000,0x00000000eb180000,0x00000000eb400000)
 ParOldGen       total 346112K, used 321758K [0x00000000c0000000, 0x00000000d5200000, 0x00000000eab00000)
  object space 346112K, 92% used [0x00000000c0000000,0x00000000d3a37a50,0x00000000d5200000)
 Metaspace       used 92848K, committed 94016K, reserved 1138688K
  class space    used 9002K, committed 9472K, reserved 1048576K
}
Event: 3026.410 GC heap before
{Heap before GC invocations=7888 (full 166):
 PSYoungGen      total 6656K, used 5913K [0x00000000eab00000, 0x00000000eb400000, 0x0000000100000000)
  eden space 3584K, 100% used [0x00000000eab00000,0x00000000eae80000,0x00000000eae80000)
  from space 3072K, 75% used [0x00000000eae80000,0x00000000eb0c6410,0x00000000eb180000)
  to   space 2560K, 0% used [0x00000000eb180000,0x00000000eb180000,0x00000000eb400000)
 ParOldGen       total 346112K, used 321758K [0x00000000c0000000, 0x00000000d5200000, 0x00000000eab00000)
  object space 346112K, 92% used [0x00000000c0000000,0x00000000d3a37a50,0x00000000d5200000)
 Metaspace       used 92848K, committed 94016K, reserved 1138688K
  class space    used 9002K, committed 9472K, reserved 1048576K
}
Event: 3026.412 GC heap after
{Heap after GC invocations=7888 (full 166):
 PSYoungGen      total 6144K, used 2528K [0x00000000eab00000, 0x00000000eb580000, 0x0000000100000000)
  eden space 3584K, 0% used [0x00000000eab00000,0x00000000eab00000,0x00000000eae80000)
  from space 2560K, 98% used [0x00000000eb180000,0x00000000eb3f8000,0x00000000eb400000)
  to   space 3072K, 0% used [0x00000000eae80000,0x00000000eae80000,0x00000000eb180000)
 ParOldGen       total 346112K, used 324056K [0x00000000c0000000, 0x00000000d5200000, 0x00000000eab00000)
  object space 346112K, 93% used [0x00000000c0000000,0x00000000d3c76120,0x00000000d5200000)
 Metaspace       used 92848K, committed 94016K, reserved 1138688K
  class space    used 9002K, committed 9472K, reserved 1048576K
}
Event: 3026.416 GC heap before
{Heap before GC invocations=7889 (full 166):
 PSYoungGen      total 6144K, used 6112K [0x00000000eab00000, 0x00000000eb580000, 0x0000000100000000)
  eden space 3584K, 100% used [0x00000000eab00000,0x00000000eae80000,0x00000000eae80000)
  from space 2560K, 98% used [0x00000000eb180000,0x00000000eb3f8000,0x00000000eb400000)
  to   space 3072K, 0% used [0x00000000eae80000,0x00000000eae80000,0x00000000eb180000)
 ParOldGen       total 346112K, used 324056K [0x00000000c0000000, 0x00000000d5200000, 0x00000000eab00000)
  object space 346112K, 93% used [0x00000000c0000000,0x00000000d3c76120,0x00000000d5200000)
 Metaspace       used 92848K, committed 94016K, reserved 1138688K
  class space    used 9002K, committed 9472K, reserved 1048576K
}
Event: 3026.418 GC heap after
{Heap after GC invocations=7889 (full 166):
 PSYoungGen      total 6656K, used 1882K [0x00000000eab00000, 0x00000000eb480000, 0x0000000100000000)
  eden space 3584K, 0% used [0x00000000eab00000,0x00000000eab00000,0x00000000eae80000)
  from space 3072K, 61% used [0x00000000eae80000,0x00000000eb056910,0x00000000eb180000)
  to   space 2560K, 0% used [0x00000000eb200000,0x00000000eb200000,0x00000000eb480000)
 ParOldGen       total 346112K, used 326456K [0x00000000c0000000, 0x00000000d5200000, 0x00000000eab00000)
  object space 346112K, 94% used [0x00000000c0000000,0x00000000d3ece120,0x00000000d5200000)
 Metaspace       used 92848K, committed 94016K, reserved 1138688K
  class space    used 9002K, committed 9472K, reserved 1048576K
}
Event: 3026.423 GC heap before
{Heap before GC invocations=7890 (full 166):
 PSYoungGen      total 6656K, used 5466K [0x00000000eab00000, 0x00000000eb480000, 0x0000000100000000)
  eden space 3584K, 100% used [0x00000000eab00000,0x00000000eae80000,0x00000000eae80000)
  from space 3072K, 61% used [0x00000000eae80000,0x00000000eb056910,0x00000000eb180000)
  to   space 2560K, 0% used [0x00000000eb200000,0x00000000eb200000,0x00000000eb480000)
 ParOldGen       total 346112K, used 326456K [0x00000000c0000000, 0x00000000d5200000, 0x00000000eab00000)
  object space 346112K, 94% used [0x00000000c0000000,0x00000000d3ece120,0x00000000d5200000)
 Metaspace       used 92848K, committed 94016K, reserved 1138688K
  class space    used 9002K, committed 9472K, reserved 1048576K
}
Event: 3026.425 GC heap after
{Heap after GC invocations=7890 (full 166):
 PSYoungGen      total 6656K, used 1994K [0x00000000eab00000, 0x00000000eb400000, 0x0000000100000000)
  eden space 4608K, 0% used [0x00000000eab00000,0x00000000eab00000,0x00000000eaf80000)
  from space 2048K, 97% used [0x00000000eb200000,0x00000000eb3f2910,0x00000000eb400000)
  to   space 2048K, 0% used [0x00000000eb000000,0x00000000eb000000,0x00000000eb200000)
 ParOldGen       total 346112K, used 327916K [0x00000000c0000000, 0x00000000d5200000, 0x00000000eab00000)
  object space 346112K, 94% used [0x00000000c0000000,0x00000000d403b340,0x00000000d5200000)
 Metaspace       used 92848K, committed 94016K, reserved 1138688K
  class space    used 9002K, committed 9472K, reserved 1048576K
}
Event: 3026.430 GC heap before
{Heap before GC invocations=7891 (full 166):
 PSYoungGen      total 6656K, used 6602K [0x00000000eab00000, 0x00000000eb400000, 0x0000000100000000)
  eden space 4608K, 100% used [0x00000000eab00000,0x00000000eaf80000,0x00000000eaf80000)
  from space 2048K, 97% used [0x00000000eb200000,0x00000000eb3f2910,0x00000000eb400000)
  to   space 2048K, 0% used [0x00000000eb000000,0x00000000eb000000,0x00000000eb200000)
 ParOldGen       total 346112K, used 327916K [0x00000000c0000000, 0x00000000d5200000, 0x00000000eab00000)
  object space 346112K, 94% used [0x00000000c0000000,0x00000000d403b340,0x00000000d5200000)
 Metaspace       used 92848K, committed 94016K, reserved 1138688K
  class space    used 9002K, committed 9472K, reserved 1048576K
}
Event: 3026.431 GC heap after
{Heap after GC invocations=7891 (full 166):
 PSYoungGen      total 7168K, used 2025K [0x00000000eab00000, 0x00000000ebb80000, 0x0000000100000000)
  eden space 5120K, 0% used [0x00000000eab00000,0x00000000eab00000,0x00000000eb000000)
  from space 2048K, 98% used [0x00000000eb000000,0x00000000eb1fa400,0x00000000eb200000)
  to   space 5632K, 0% used [0x00000000eb600000,0x00000000eb600000,0x00000000ebb80000)
 ParOldGen       total 346112K, used 330585K [0x00000000c0000000, 0x00000000d5200000, 0x00000000eab00000)
  object space 346112K, 95% used [0x00000000c0000000,0x00000000d42d65a0,0x00000000d5200000)
 Metaspace       used 92848K, committed 94016K, reserved 1138688K
  class space    used 9002K, committed 9472K, reserved 1048576K
}
Event: 3026.440 GC heap before
{Heap before GC invocations=7892 (full 166):
 PSYoungGen      total 7168K, used 7145K [0x00000000eab00000, 0x00000000ebb80000, 0x0000000100000000)
  eden space 5120K, 100% used [0x00000000eab00000,0x00000000eb000000,0x00000000eb000000)
  from space 2048K, 98% used [0x00000000eb000000,0x00000000eb1fa400,0x00000000eb200000)
  to   space 5632K, 0% used [0x00000000eb600000,0x00000000eb600000,0x00000000ebb80000)
 ParOldGen       total 346112K, used 330585K [0x00000000c0000000, 0x00000000d5200000, 0x00000000eab00000)
  object space 346112K, 95% used [0x00000000c0000000,0x00000000d42d65a0,0x00000000d5200000)
 Metaspace       used 92851K, committed 94016K, reserved 1138688K
  class space    used 9002K, committed 9472K, reserved 1048576K
}
Event: 3026.442 GC heap after
{Heap after GC invocations=7892 (full 166):
 PSYoungGen      total 7680K, used 1220K [0x00000000eab00000, 0x00000000eb780000, 0x0000000100000000)
  eden space 6144K, 0% used [0x00000000eab00000,0x00000000eab00000,0x00000000eb100000)
  from space 1536K, 79% used [0x00000000eb600000,0x00000000eb731210,0x00000000eb780000)
  to   space 2560K, 0% used [0x00000000eb280000,0x00000000eb280000,0x00000000eb500000)
 ParOldGen       total 346112K, used 332631K [0x00000000c0000000, 0x00000000d5200000, 0x00000000eab00000)
  object space 346112K, 96% used [0x00000000c0000000,0x00000000d44d5cc0,0x00000000d5200000)
 Metaspace       used 92851K, committed 94016K, reserved 1138688K
  class space    used 9002K, committed 9472K, reserved 1048576K
}
Event: 3026.452 GC heap before
{Heap before GC invocations=7893 (full 166):
 PSYoungGen      total 7680K, used 7364K [0x00000000eab00000, 0x00000000eb780000, 0x0000000100000000)
  eden space 6144K, 100% used [0x00000000eab00000,0x00000000eb100000,0x00000000eb100000)
  from space 1536K, 79% used [0x00000000eb600000,0x00000000eb731210,0x00000000eb780000)
  to   space 2560K, 0% used [0x00000000eb280000,0x00000000eb280000,0x00000000eb500000)
 ParOldGen       total 346112K, used 332631K [0x00000000c0000000, 0x00000000d5200000, 0x00000000eab00000)
  object space 346112K, 96% used [0x00000000c0000000,0x00000000d44d5cc0,0x00000000d5200000)
 Metaspace       used 92851K, committed 94016K, reserved 1138688K
  class space    used 9002K, committed 9472K, reserved 1048576K
}
Event: 3026.455 GC heap after
{Heap after GC invocations=7893 (full 166):
 PSYoungGen      total 9728K, used 1629K [0x00000000eab00000, 0x00000000eb680000, 0x0000000100000000)
  eden space 7680K, 0% used [0x00000000eab00000,0x00000000eab00000,0x00000000eb280000)
  from space 2048K, 79% used [0x00000000eb280000,0x00000000eb417600,0x00000000eb480000)
  to   space 2048K, 0% used [0x00000000eb480000,0x00000000eb480000,0x00000000eb680000)
 ParOldGen       total 346112K, used 333696K [0x00000000c0000000, 0x00000000d5200000, 0x00000000eab00000)
  object space 346112K, 96% used [0x00000000c0000000,0x00000000d45e0200,0x00000000d5200000)
 Metaspace       used 92851K, committed 94016K, reserved 1138688K
  class space    used 9002K, committed 9472K, reserved 1048576K
}
Event: 3026.469 GC heap before
{Heap before GC invocations=7894 (full 166):
 PSYoungGen      total 9728K, used 9309K [0x00000000eab00000, 0x00000000eb680000, 0x0000000100000000)
  eden space 7680K, 100% used [0x00000000eab00000,0x00000000eb280000,0x00000000eb280000)
  from space 2048K, 79% used [0x00000000eb280000,0x00000000eb417600,0x00000000eb480000)
  to   space 2048K, 0% used [0x00000000eb480000,0x00000000eb480000,0x00000000eb680000)
 ParOldGen       total 346112K, used 333696K [0x00000000c0000000, 0x00000000d5200000, 0x00000000eab00000)
  object space 346112K, 96% used [0x00000000c0000000,0x00000000d45e0200,0x00000000d5200000)
 Metaspace       used 92851K, committed 94016K, reserved 1138688K
  class space    used 9002K, committed 9472K, reserved 1048576K
}

