# JRE version: OpenJDK Runtime Environment Temurin-17.0.4.1+1 (17.0.4.1+1) (build 17.0.4.1+1)
# Java VM: OpenJDK 64-Bit Server VM Temurin-17.0.4.1+1 (17.0.4.1+1, mixed mode, tiered, compressed oops, compressed class ptrs, parallel gc, windows-amd64)
GC Precious Log:
 CPUs: 8 total, 8 available
 Memory: 16317M
 Large Page Support: Disabled
 NUMA Support: Disabled
 Compressed Oops: Enabled (32-bit)
 Alignments: Space 512K, Generation 512K, Heap 2M
 Heap Min Capacity: 100M
 Heap Initial Capacity: 100M
 Heap Max Capacity: 1G
 Pre-touch: Disabled
 Parallel Workers: 8
Heap:
 PSYoungGen      total 13824K, used 13416K [0x00000000eab00000, 0x00000000ec100000, 0x0000000100000000)
  eden space 7680K, 100% used [0x00000000eab00000,0x00000000eb280000,0x00000000eb280000)
  from space 6144K, 93% used [0x00000000ebb00000,0x00000000ec09a000,0x00000000ec100000)
  to   space 7168K, 78% used [0x00000000eb300000,0x00000000eb87ffd0,0x00000000eba00000)
 ParOldGen       total 220672K, used 208469K [0x00000000c0000000, 0x00000000cd780000, 0x00000000eab00000)
  object space 220672K, 94% used [0x00000000c0000000,0x00000000ccb957d8,0x00000000cd780000)
 Metaspace       used 93242K, committed 94592K, reserved 1138688K
  class space    used 9065K, committed 9728K, reserved 1048576K
GC Heap History (20 events):
Event: 7291.928 GC heap after
{Heap after GC invocations=17387 (full 353):
 PSYoungGen      total 5120K, used 2112K [0x00000000eab00000, 0x00000000eb280000, 0x0000000100000000)
  eden space 2048K, 0% used [0x00000000eab00000,0x00000000eab00000,0x00000000ead00000)
  from space 3072K, 68% used [0x00000000ead00000,0x00000000eaf10000,0x00000000eb000000)
  to   space 2560K, 0% used [0x00000000eb000000,0x00000000eb000000,0x00000000eb280000)
 ParOldGen       total 195072K, used 189747K [0x00000000c0000000, 0x00000000cbe80000, 0x00000000eab00000)
  object space 195072K, 97% used [0x00000000c0000000,0x00000000cb94cd10,0x00000000cbe80000)
 Metaspace       used 93242K, committed 94592K, reserved 1138688K
  class space    used 9065K, committed 9728K, reserved 1048576K
}
Event: 7291.930 GC heap before
{Heap before GC invocations=17388 (full 353):
 PSYoungGen      total 5120K, used 4160K [0x00000000eab00000, 0x00000000eb280000, 0x0000000100000000)
  eden space 2048K, 100% used [0x00000000eab00000,0x00000000ead00000,0x00000000ead00000)
  from space 3072K, 68% used [0x00000000ead00000,0x00000000eaf10000,0x00000000eb000000)
  to   space 2560K, 0% used [0x00000000eb000000,0x00000000eb000000,0x00000000eb280000)
 ParOldGen       total 195072K, used 189747K [0x00000000c0000000, 0x00000000cbe80000, 0x00000000eab00000)
  object space 195072K, 97% used [0x00000000c0000000,0x00000000cb94cd10,0x00000000cbe80000)
 Metaspace       used 93242K, committed 94592K, reserved 1138688K
  class space    used 9065K, committed 9728K, reserved 1048576K
}
Event: 7291.933 GC heap after
{Heap after GC invocations=17388 (full 353):
 PSYoungGen      total 4608K, used 1952K [0x00000000eab00000, 0x00000000eb200000, 0x0000000100000000)
  eden space 2560K, 0% used [0x00000000eab00000,0x00000000eab00000,0x00000000ead80000)
  from space 2048K, 95% used [0x00000000eb000000,0x00000000eb1e8000,0x00000000eb200000)
  to   space 2048K, 0% used [0x00000000eae00000,0x00000000eae00000,0x00000000eb000000)
 ParOldGen       total 195072K, used 191771K [0x00000000c0000000, 0x00000000cbe80000, 0x00000000eab00000)
  object space 195072K, 98% used [0x00000000c0000000,0x00000000cbb46d10,0x00000000cbe80000)
 Metaspace       used 93242K, committed 94592K, reserved 1138688K
  class space    used 9065K, committed 9728K, reserved 1048576K
}
Event: 7291.937 GC heap before
{Heap before GC invocations=17389 (full 353):
 PSYoungGen      total 4608K, used 4512K [0x00000000eab00000, 0x00000000eb200000, 0x0000000100000000)
  eden space 2560K, 100% used [0x00000000eab00000,0x00000000ead80000,0x00000000ead80000)
  from space 2048K, 95% used [0x00000000eb000000,0x00000000eb1e8000,0x00000000eb200000)
  to   space 2048K, 0% used [0x00000000eae00000,0x00000000eae00000,0x00000000eb000000)
 ParOldGen       total 195072K, used 191771K [0x00000000c0000000, 0x00000000cbe80000, 0x00000000eab00000)
  object space 195072K, 98% used [0x00000000c0000000,0x00000000cbb46d10,0x00000000cbe80000)
 Metaspace       used 93242K, committed 94592K, reserved 1138688K
  class space    used 9065K, committed 9728K, reserved 1048576K
}
Event: 7291.940 GC heap after
{Heap after GC invocations=17389 (full 353):
 PSYoungGen      total 5120K, used 2048K [0x00000000eab00000, 0x00000000eb800000, 0x0000000100000000)
  eden space 3072K, 0% used [0x00000000eab00000,0x00000000eab00000,0x00000000eae00000)
  from space 2048K, 100% used [0x00000000eae00000,0x00000000eb000000,0x00000000eb000000)
  to   space 5120K, 0% used [0x00000000eb300000,0x00000000eb300000,0x00000000eb800000)
 ParOldGen       total 195072K, used 194139K [0x00000000c0000000, 0x00000000cbe80000, 0x00000000eab00000)
  object space 195072K, 99% used [0x00000000c0000000,0x00000000cbd96d10,0x00000000cbe80000)
 Metaspace       used 93242K, committed 94592K, reserved 1138688K
  class space    used 9065K, committed 9728K, reserved 1048576K
}
Event: 7291.940 GC heap before
{Heap before GC invocations=17390 (full 354):
 PSYoungGen      total 5120K, used 2048K [0x00000000eab00000, 0x00000000eb800000, 0x0000000100000000)
  eden space 3072K, 0% used [0x00000000eab00000,0x00000000eab00000,0x00000000eae00000)
  from space 2048K, 100% used [0x00000000eae00000,0x00000000eb000000,0x00000000eb000000)
  to   space 5120K, 0% used [0x00000000eb300000,0x00000000eb300000,0x00000000eb800000)
 ParOldGen       total 195072K, used 194139K [0x00000000c0000000, 0x00000000cbe80000, 0x00000000eab00000)
  object space 195072K, 99% used [0x00000000c0000000,0x00000000cbd96d10,0x00000000cbe80000)
 Metaspace       used 93242K, committed 94592K, reserved 1138688K
  class space    used 9065K, committed 9728K, reserved 1048576K
}
Event: 7292.029 GC heap after
{Heap after GC invocations=17390 (full 354):
 PSYoungGen      total 8192K, used 0K [0x00000000eab00000, 0x00000000eb900000, 0x0000000100000000)
  eden space 3072K, 0% used [0x00000000eab00000,0x00000000eab00000,0x00000000eae00000)
  from space 5120K, 0% used [0x00000000eb300000,0x00000000eb300000,0x00000000eb800000)
  to   space 5120K, 0% used [0x00000000eae00000,0x00000000eae00000,0x00000000eb300000)
 ParOldGen       total 220672K, used 187088K [0x00000000c0000000, 0x00000000cd780000, 0x00000000eab00000)
  object space 220672K, 84% used [0x00000000c0000000,0x00000000cb6b4198,0x00000000cd780000)
 Metaspace       used 93242K, committed 94592K, reserved 1138688K
  class space    used 9065K, committed 9728K, reserved 1048576K
}
Event: 7292.034 GC heap before
{Heap before GC invocations=17391 (full 354):
 PSYoungGen      total 8192K, used 3059K [0x00000000eab00000, 0x00000000eb900000, 0x0000000100000000)
  eden space 3072K, 99% used [0x00000000eab00000,0x00000000eadfcc90,0x00000000eae00000)
  from space 5120K, 0% used [0x00000000eb300000,0x00000000eb300000,0x00000000eb800000)
  to   space 5120K, 0% used [0x00000000eae00000,0x00000000eae00000,0x00000000eb300000)
 ParOldGen       total 220672K, used 187088K [0x00000000c0000000, 0x00000000cd780000, 0x00000000eab00000)
  object space 220672K, 84% used [0x00000000c0000000,0x00000000cb6b4198,0x00000000cd780000)
 Metaspace       used 93242K, committed 94592K, reserved 1138688K
  class space    used 9065K, committed 9728K, reserved 1048576K
}
Event: 7292.036 GC heap after
{Heap after GC invocations=17391 (full 354):
 PSYoungGen      total 6144K, used 2976K [0x00000000eab00000, 0x00000000eb600000, 0x0000000100000000)
  eden space 3072K, 0% used [0x00000000eab00000,0x00000000eab00000,0x00000000eae00000)
  from space 3072K, 96% used [0x00000000eae00000,0x00000000eb0e8000,0x00000000eb100000)
  to   space 3584K, 0% used [0x00000000eb280000,0x00000000eb280000,0x00000000eb600000)
 ParOldGen       total 220672K, used 187088K [0x00000000c0000000, 0x00000000cd780000, 0x00000000eab00000)
  object space 220672K, 84% used [0x00000000c0000000,0x00000000cb6b4198,0x00000000cd780000)
 Metaspace       used 93242K, committed 94592K, reserved 1138688K
  class space    used 9065K, committed 9728K, reserved 1048576K
}
Event: 7292.047 GC heap before
{Heap before GC invocations=17392 (full 354):
 PSYoungGen      total 6144K, used 5842K [0x00000000eab00000, 0x00000000eb600000, 0x0000000100000000)
  eden space 3072K, 93% used [0x00000000eab00000,0x00000000eadcc8c0,0x00000000eae00000)
  from space 3072K, 96% used [0x00000000eae00000,0x00000000eb0e8000,0x00000000eb100000)
  to   space 3584K, 0% used [0x00000000eb280000,0x00000000eb280000,0x00000000eb600000)
 ParOldGen       total 220672K, used 187088K [0x00000000c0000000, 0x00000000cd780000, 0x00000000eab00000)
  object space 220672K, 84% used [0x00000000c0000000,0x00000000cb6b4198,0x00000000cd780000)
 Metaspace       used 93242K, committed 94592K, reserved 1138688K
  class space    used 9065K, committed 9728K, reserved 1048576K
}
Event: 7292.049 GC heap after
{Heap after GC invocations=17392 (full 354):
 PSYoungGen      total 6656K, used 2464K [0x00000000eab00000, 0x00000000eb500000, 0x0000000100000000)
  eden space 4096K, 0% used [0x00000000eab00000,0x00000000eab00000,0x00000000eaf00000)
  from space 2560K, 96% used [0x00000000eb280000,0x00000000eb4e8000,0x00000000eb500000)
  to   space 3072K, 0% used [0x00000000eaf00000,0x00000000eaf00000,0x00000000eb200000)
 ParOldGen       total 220672K, used 189808K [0x00000000c0000000, 0x00000000cd780000, 0x00000000eab00000)
  object space 220672K, 86% used [0x00000000c0000000,0x00000000cb95c198,0x00000000cd780000)
 Metaspace       used 93242K, committed 94592K, reserved 1138688K
  class space    used 9065K, committed 9728K, reserved 1048576K
}
Event: 7292.066 GC heap before
{Heap before GC invocations=17393 (full 354):
 PSYoungGen      total 6656K, used 5918K [0x00000000eab00000, 0x00000000eb500000, 0x0000000100000000)
  eden space 4096K, 84% used [0x00000000eab00000,0x00000000eae5f868,0x00000000eaf00000)
  from space 2560K, 96% used [0x00000000eb280000,0x00000000eb4e8000,0x00000000eb500000)
  to   space 3072K, 0% used [0x00000000eaf00000,0x00000000eaf00000,0x00000000eb200000)
 ParOldGen       total 220672K, used 189808K [0x00000000c0000000, 0x00000000cd780000, 0x00000000eab00000)
  object space 220672K, 86% used [0x00000000c0000000,0x00000000cb95c198,0x00000000cd780000)
 Metaspace       used 93242K, committed 94592K, reserved 1138688K
  class space    used 9065K, committed 9728K, reserved 1048576K
}
Event: 7292.069 GC heap after
{Heap after GC invocations=17393 (full 354):
 PSYoungGen      total 7168K, used 3072K [0x00000000eab00000, 0x00000000ebb00000, 0x0000000100000000)
  eden space 4096K, 0% used [0x00000000eab00000,0x00000000eab00000,0x00000000eaf00000)
  from space 3072K, 100% used [0x00000000eaf00000,0x00000000eb200000,0x00000000eb200000)
  to   space 5632K, 0% used [0x00000000eb580000,0x00000000eb580000,0x00000000ebb00000)
 ParOldGen       total 220672K, used 191536K [0x00000000c0000000, 0x00000000cd780000, 0x00000000eab00000)
  object space 220672K, 86% used [0x00000000c0000000,0x00000000cbb0c198,0x00000000cd780000)
 Metaspace       used 93242K, committed 94592K, reserved 1138688K
  class space    used 9065K, committed 9728K, reserved 1048576K
}
Event: 7292.126 GC heap before
{Heap before GC invocations=17394 (full 354):
 PSYoungGen      total 7168K, used 7134K [0x00000000eab00000, 0x00000000ebb00000, 0x0000000100000000)
  eden space 4096K, 99% used [0x00000000eab00000,0x00000000eaef7a48,0x00000000eaf00000)
  from space 3072K, 100% used [0x00000000eaf00000,0x00000000eb200000,0x00000000eb200000)
  to   space 5632K, 0% used [0x00000000eb580000,0x00000000eb580000,0x00000000ebb00000)
 ParOldGen       total 220672K, used 191536K [0x00000000c0000000, 0x00000000cd780000, 0x00000000eab00000)
  object space 220672K, 86% used [0x00000000c0000000,0x00000000cbb0c198,0x00000000cd780000)
 Metaspace       used 93242K, committed 94592K, reserved 1138688K
  class space    used 9065K, committed 9728K, reserved 1048576K
}
Event: 7292.130 GC heap after
{Heap after GC invocations=17394 (full 354):
 PSYoungGen      total 9728K, used 4192K [0x00000000eab00000, 0x00000000eba00000, 0x0000000100000000)
  eden space 5120K, 0% used [0x00000000eab00000,0x00000000eab00000,0x00000000eb000000)
  from space 4608K, 90% used [0x00000000eb580000,0x00000000eb998000,0x00000000eba00000)
  to   space 4608K, 0% used [0x00000000eb100000,0x00000000eb100000,0x00000000eb580000)
 ParOldGen       total 220672K, used 192840K [0x00000000c0000000, 0x00000000cd780000, 0x00000000eab00000)
  object space 220672K, 87% used [0x00000000c0000000,0x00000000cbc52198,0x00000000cd780000)
 Metaspace       used 93242K, committed 94592K, reserved 1138688K
  class space    used 9065K, committed 9728K, reserved 1048576K
}
Event: 7292.135 GC heap before
{Heap before GC invocations=17395 (full 354):
 PSYoungGen      total 9728K, used 9312K [0x00000000eab00000, 0x00000000eba00000, 0x0000000100000000)
  eden space 5120K, 100% used [0x00000000eab00000,0x00000000eb000000,0x00000000eb000000)
  from space 4608K, 90% used [0x00000000eb580000,0x00000000eb998000,0x00000000eba00000)
  to   space 4608K, 0% used [0x00000000eb100000,0x00000000eb100000,0x00000000eb580000)
 ParOldGen       total 220672K, used 192840K [0x00000000c0000000, 0x00000000cd780000, 0x00000000eab00000)
  object space 220672K, 87% used [0x00000000c0000000,0x00000000cbc52198,0x00000000cd780000)
 Metaspace       used 93242K, committed 94592K, reserved 1138688K
  class space    used 9065K, committed 9728K, reserved 1048576K
}
Event: 7292.138 GC heap after
{Heap after GC invocations=17395 (full 354):
 PSYoungGen      total 10752K, used 4578K [0x00000000eab00000, 0x00000000ec500000, 0x0000000100000000)
  eden space 6144K, 0% used [0x00000000eab00000,0x00000000eab00000,0x00000000eb100000)
  from space 4608K, 99% used [0x00000000eb100000,0x00000000eb578b20,0x00000000eb580000)
  to   space 10240K, 0% used [0x00000000ebb00000,0x00000000ebb00000,0x00000000ec500000)
 ParOldGen       total 220672K, used 197456K [0x00000000c0000000, 0x00000000cd780000, 0x00000000eab00000)
  object space 220672K, 89% used [0x00000000c0000000,0x00000000cc0d4198,0x00000000cd780000)
 Metaspace       used 93242K, committed 94592K, reserved 1138688K
  class space    used 9065K, committed 9728K, reserved 1048576K
}
Event: 7292.147 GC heap before
{Heap before GC invocations=17396 (full 354):
 PSYoungGen      total 10752K, used 10564K [0x00000000eab00000, 0x00000000ec500000, 0x0000000100000000)
  eden space 6144K, 97% used [0x00000000eab00000,0x00000000eb0d8628,0x00000000eb100000)
  from space 4608K, 99% used [0x00000000eb100000,0x00000000eb578b20,0x00000000eb580000)
  to   space 10240K, 0% used [0x00000000ebb00000,0x00000000ebb00000,0x00000000ec500000)
 ParOldGen       total 220672K, used 197456K [0x00000000c0000000, 0x00000000cd780000, 0x00000000eab00000)
  object space 220672K, 89% used [0x00000000c0000000,0x00000000cc0d4198,0x00000000cd780000)
 Metaspace       used 93242K, committed 94592K, reserved 1138688K
  class space    used 9065K, committed 9728K, reserved 1048576K
}
Event: 7292.150 GC heap after
{Heap after GC invocations=17396 (full 354):
 PSYoungGen      total 13824K, used 5736K [0x00000000eab00000, 0x00000000ec100000, 0x0000000100000000)
  eden space 7680K, 0% used [0x00000000eab00000,0x00000000eab00000,0x00000000eb280000)
  from space 6144K, 93% used [0x00000000ebb00000,0x00000000ec09a000,0x00000000ec100000)
  to   space 7168K, 0% used [0x00000000eb300000,0x00000000eb300000,0x00000000eba00000)
 ParOldGen       total 220672K, used 202965K [0x00000000c0000000, 0x00000000cd780000, 0x00000000eab00000)
  object space 220672K, 91% used [0x00000000c0000000,0x00000000cc6357d8,0x00000000cd780000)
 Metaspace       used 93242K, committed 94592K, reserved 1138688K
  class space    used 9065K, committed 9728K, reserved 1048576K
}
Event: 7292.860 GC heap before
{Heap before GC invocations=17397 (full 354):
 PSYoungGen      total 13824K, used 13416K [0x00000000eab00000, 0x00000000ec100000, 0x0000000100000000)
  eden space 7680K, 100% used [0x00000000eab00000,0x00000000eb280000,0x00000000eb280000)
  from space 6144K, 93% used [0x00000000ebb00000,0x00000000ec09a000,0x00000000ec100000)
  to   space 7168K, 0% used [0x00000000eb300000,0x00000000eb300000,0x00000000eba00000)
 ParOldGen       total 220672K, used 202965K [0x00000000c0000000, 0x00000000cd780000, 0x00000000eab00000)
  object space 220672K, 91% used [0x00000000c0000000,0x00000000cc6357d8,0x00000000cd780000)
 Metaspace       used 93242K, committed 94592K, reserved 1138688K
  class space    used 9065K, committed 9728K, reserved 1048576K
}

