# JRE version: OpenJDK Runtime Environment Temurin-17.0.4.1+1 (17.0.4.1+1) (build 17.0.4.1+1)
# Java VM: OpenJDK 64-Bit Server VM Temurin-17.0.4.1+1 (17.0.4.1+1, mixed mode, tiered, compressed oops, compressed class ptrs, parallel gc, windows-amd64)
GC Precious Log:
 CPUs: 8 total, 8 available
 Memory: 16317M
 Large Page Support: Disabled
 NUMA Support: Disabled
 Compressed Oops: Enabled (32-bit)
 Alignments: Space 512K, Generation 512K, Heap 2M
 Heap Min Capacity: 100M
 Heap Initial Capacity: 100M
 Heap Max Capacity: 1G
 Pre-touch: Disabled
 Parallel Workers: 8
Heap:
 PSYoungGen      total 19456K, used 10752K [0x00000000eab00000, 0x00000000ec780000, 0x0000000100000000)
  eden space 10752K, 100% used [0x00000000eab00000,0x00000000eb580000,0x00000000eb580000)
  from space 8704K, 0% used [0x00000000ebe00000,0x00000000ebe00000,0x00000000ec680000)
  to   space 8704K, 99% used [0x00000000eb580000,0x00000000ebdf8b20,0x00000000ebe00000)
 ParOldGen       total 257536K, used 197491K [0x00000000c0000000, 0x00000000cfb80000, 0x00000000eab00000)
  object space 257536K, 76% used [0x00000000c0000000,0x00000000cc0dcca8,0x00000000cfb80000)
 Metaspace       used 101059K, committed 102336K, reserved 1146880K
  class space    used 9764K, committed 10368K, reserved 1048576K
GC Heap History (20 events):
Event: 13392.885 GC heap after
{Heap after GC invocations=30855 (full 672):
 PSYoungGen      total 7168K, used 3584K [0x00000000eab00000, 0x00000000ebe80000, 0x0000000100000000)
  eden space 3584K, 0% used [0x00000000eab00000,0x00000000eab00000,0x00000000eae80000)
  from space 3584K, 100% used [0x00000000eae80000,0x00000000eb200000,0x00000000eb200000)
  to   space 7680K, 0% used [0x00000000eb700000,0x00000000eb700000,0x00000000ebe80000)
 ParOldGen       total 223744K, used 198529K [0x00000000c0000000, 0x00000000cda80000, 0x00000000eab00000)
  object space 223744K, 88% used [0x00000000c0000000,0x00000000cc1e0648,0x00000000cda80000)
 Metaspace       used 101059K, committed 102336K, reserved 1146880K
  class space    used 9764K, committed 10368K, reserved 1048576K
}
Event: 13392.891 GC heap before
{Heap before GC invocations=30856 (full 672):
 PSYoungGen      total 7168K, used 7168K [0x00000000eab00000, 0x00000000ebe80000, 0x0000000100000000)
  eden space 3584K, 100% used [0x00000000eab00000,0x00000000eae80000,0x00000000eae80000)
  from space 3584K, 100% used [0x00000000eae80000,0x00000000eb200000,0x00000000eb200000)
  to   space 7680K, 0% used [0x00000000eb700000,0x00000000eb700000,0x00000000ebe80000)
 ParOldGen       total 223744K, used 198529K [0x00000000c0000000, 0x00000000cda80000, 0x00000000eab00000)
  object space 223744K, 88% used [0x00000000c0000000,0x00000000cc1e0648,0x00000000cda80000)
 Metaspace       used 101059K, committed 102336K, reserved 1146880K
  class space    used 9764K, committed 10368K, reserved 1048576K
}
Event: 13392.893 GC heap after
{Heap after GC invocations=30856 (full 672):
 PSYoungGen      total 6656K, used 1577K [0x00000000eab00000, 0x00000000eb900000, 0x0000000100000000)
  eden space 4608K, 0% used [0x00000000eab00000,0x00000000eab00000,0x00000000eaf80000)
  from space 2048K, 77% used [0x00000000eb700000,0x00000000eb88a400,0x00000000eb900000)
  to   space 3584K, 0% used [0x00000000eb200000,0x00000000eb200000,0x00000000eb580000)
 ParOldGen       total 223744K, used 202113K [0x00000000c0000000, 0x00000000cda80000, 0x00000000eab00000)
  object space 223744K, 90% used [0x00000000c0000000,0x00000000cc560648,0x00000000cda80000)
 Metaspace       used 101059K, committed 102336K, reserved 1146880K
  class space    used 9764K, committed 10368K, reserved 1048576K
}
Event: 13392.900 GC heap before
{Heap before GC invocations=30857 (full 672):
 PSYoungGen      total 6656K, used 6185K [0x00000000eab00000, 0x00000000eb900000, 0x0000000100000000)
  eden space 4608K, 100% used [0x00000000eab00000,0x00000000eaf80000,0x00000000eaf80000)
  from space 2048K, 77% used [0x00000000eb700000,0x00000000eb88a400,0x00000000eb900000)
  to   space 3584K, 0% used [0x00000000eb200000,0x00000000eb200000,0x00000000eb580000)
 ParOldGen       total 223744K, used 202113K [0x00000000c0000000, 0x00000000cda80000, 0x00000000eab00000)
  object space 223744K, 90% used [0x00000000c0000000,0x00000000cc560648,0x00000000cda80000)
 Metaspace       used 101059K, committed 102336K, reserved 1146880K
  class space    used 9764K, committed 10368K, reserved 1048576K
}
Event: 13392.901 GC heap after
{Heap after GC invocations=30857 (full 672):
 PSYoungGen      total 9216K, used 873K [0x00000000eab00000, 0x00000000eb780000, 0x0000000100000000)
  eden space 5632K, 0% used [0x00000000eab00000,0x00000000eab00000,0x00000000eb080000)
  from space 3584K, 24% used [0x00000000eb200000,0x00000000eb2da400,0x00000000eb580000)
  to   space 1536K, 0% used [0x00000000eb600000,0x00000000eb600000,0x00000000eb780000)
 ParOldGen       total 223744K, used 203546K [0x00000000c0000000, 0x00000000cda80000, 0x00000000eab00000)
  object space 223744K, 90% used [0x00000000c0000000,0x00000000cc6c6a48,0x00000000cda80000)
 Metaspace       used 101059K, committed 102336K, reserved 1146880K
  class space    used 9764K, committed 10368K, reserved 1048576K
}
Event: 13392.909 GC heap before
{Heap before GC invocations=30858 (full 672):
 PSYoungGen      total 9216K, used 6505K [0x00000000eab00000, 0x00000000eb780000, 0x0000000100000000)
  eden space 5632K, 100% used [0x00000000eab00000,0x00000000eb080000,0x00000000eb080000)
  from space 3584K, 24% used [0x00000000eb200000,0x00000000eb2da400,0x00000000eb580000)
  to   space 1536K, 0% used [0x00000000eb600000,0x00000000eb600000,0x00000000eb780000)
 ParOldGen       total 223744K, used 203546K [0x00000000c0000000, 0x00000000cda80000, 0x00000000eab00000)
  object space 223744K, 90% used [0x00000000c0000000,0x00000000cc6c6a48,0x00000000cda80000)
 Metaspace       used 101059K, committed 102336K, reserved 1146880K
  class space    used 9764K, committed 10368K, reserved 1048576K
}
Event: 13392.910 GC heap after
{Heap after GC invocations=30858 (full 672):
 PSYoungGen      total 8704K, used 1426K [0x00000000eab00000, 0x00000000eb780000, 0x0000000100000000)
  eden space 7168K, 0% used [0x00000000eab00000,0x00000000eab00000,0x00000000eb200000)
  from space 1536K, 92% used [0x00000000eb600000,0x00000000eb764820,0x00000000eb780000)
  to   space 2048K, 0% used [0x00000000eb380000,0x00000000eb380000,0x00000000eb580000)
 ParOldGen       total 223744K, used 204178K [0x00000000c0000000, 0x00000000cda80000, 0x00000000eab00000)
  object space 223744K, 91% used [0x00000000c0000000,0x00000000cc764a48,0x00000000cda80000)
 Metaspace       used 101059K, committed 102336K, reserved 1146880K
  class space    used 9764K, committed 10368K, reserved 1048576K
}
Event: 13393.132 GC heap before
{Heap before GC invocations=30859 (full 672):
 PSYoungGen      total 8704K, used 8594K [0x00000000eab00000, 0x00000000eb780000, 0x0000000100000000)
  eden space 7168K, 100% used [0x00000000eab00000,0x00000000eb200000,0x00000000eb200000)
  from space 1536K, 92% used [0x00000000eb600000,0x00000000eb764820,0x00000000eb780000)
  to   space 2048K, 0% used [0x00000000eb380000,0x00000000eb380000,0x00000000eb580000)
 ParOldGen       total 223744K, used 204178K [0x00000000c0000000, 0x00000000cda80000, 0x00000000eab00000)
  object space 223744K, 91% used [0x00000000c0000000,0x00000000cc764a48,0x00000000cda80000)
 Metaspace       used 101059K, committed 102336K, reserved 1146880K
  class space    used 9764K, committed 10368K, reserved 1048576K
}
Event: 13393.133 GC heap after
{Heap after GC invocations=30859 (full 672):
 PSYoungGen      total 9216K, used 2025K [0x00000000eab00000, 0x00000000eba00000, 0x0000000100000000)
  eden space 7168K, 0% used [0x00000000eab00000,0x00000000eab00000,0x00000000eb200000)
  from space 2048K, 98% used [0x00000000eb380000,0x00000000eb57a400,0x00000000eb580000)
  to   space 4096K, 0% used [0x00000000eb600000,0x00000000eb600000,0x00000000eba00000)
 ParOldGen       total 223744K, used 205448K [0x00000000c0000000, 0x00000000cda80000, 0x00000000eab00000)
  object space 223744K, 91% used [0x00000000c0000000,0x00000000cc8a2298,0x00000000cda80000)
 Metaspace       used 101059K, committed 102336K, reserved 1146880K
  class space    used 9764K, committed 10368K, reserved 1048576K
}
Event: 13393.337 GC heap before
{Heap before GC invocations=30860 (full 672):
 PSYoungGen      total 9216K, used 9193K [0x00000000eab00000, 0x00000000eba00000, 0x0000000100000000)
  eden space 7168K, 100% used [0x00000000eab00000,0x00000000eb200000,0x00000000eb200000)
  from space 2048K, 98% used [0x00000000eb380000,0x00000000eb57a400,0x00000000eb580000)
  to   space 4096K, 0% used [0x00000000eb600000,0x00000000eb600000,0x00000000eba00000)
 ParOldGen       total 223744K, used 205448K [0x00000000c0000000, 0x00000000cda80000, 0x00000000eab00000)
  object space 223744K, 91% used [0x00000000c0000000,0x00000000cc8a2298,0x00000000cda80000)
 Metaspace       used 101059K, committed 102336K, reserved 1146880K
  class space    used 9764K, committed 10368K, reserved 1048576K
}
Event: 13393.339 GC heap after
{Heap after GC invocations=30860 (full 672):
 PSYoungGen      total 11264K, used 3882K [0x00000000eab00000, 0x00000000eba00000, 0x0000000100000000)
  eden space 7168K, 0% used [0x00000000eab00000,0x00000000eab00000,0x00000000eb200000)
  from space 4096K, 94% used [0x00000000eb600000,0x00000000eb9cabf0,0x00000000eba00000)
  to   space 4096K, 0% used [0x00000000eb200000,0x00000000eb200000,0x00000000eb600000)
 ParOldGen       total 223744K, used 207387K [0x00000000c0000000, 0x00000000cda80000, 0x00000000eab00000)
  object space 223744K, 92% used [0x00000000c0000000,0x00000000cca86e48,0x00000000cda80000)
 Metaspace       used 101059K, committed 102336K, reserved 1146880K
  class space    used 9764K, committed 10368K, reserved 1048576K
}
Event: 13393.349 GC heap before
{Heap before GC invocations=30861 (full 672):
 PSYoungGen      total 11264K, used 11050K [0x00000000eab00000, 0x00000000eba00000, 0x0000000100000000)
  eden space 7168K, 100% used [0x00000000eab00000,0x00000000eb200000,0x00000000eb200000)
  from space 4096K, 94% used [0x00000000eb600000,0x00000000eb9cabf0,0x00000000eba00000)
  to   space 4096K, 0% used [0x00000000eb200000,0x00000000eb200000,0x00000000eb600000)
 ParOldGen       total 223744K, used 207387K [0x00000000c0000000, 0x00000000cda80000, 0x00000000eab00000)
  object space 223744K, 92% used [0x00000000c0000000,0x00000000cca86e48,0x00000000cda80000)
 Metaspace       used 101059K, committed 102336K, reserved 1146880K
  class space    used 9764K, committed 10368K, reserved 1048576K
}
Event: 13393.352 GC heap after
{Heap after GC invocations=30861 (full 672):
 PSYoungGen      total 11264K, used 4096K [0x00000000eab00000, 0x00000000eca00000, 0x0000000100000000)
  eden space 7168K, 0% used [0x00000000eab00000,0x00000000eab00000,0x00000000eb200000)
  from space 4096K, 100% used [0x00000000eb200000,0x00000000eb600000,0x00000000eb600000)
  to   space 12288K, 0% used [0x00000000ebe00000,0x00000000ebe00000,0x00000000eca00000)
 ParOldGen       total 223744K, used 214222K [0x00000000c0000000, 0x00000000cda80000, 0x00000000eab00000)
  object space 223744K, 95% used [0x00000000c0000000,0x00000000cd133a38,0x00000000cda80000)
 Metaspace       used 101059K, committed 102336K, reserved 1146880K
  class space    used 9764K, committed 10368K, reserved 1048576K
}
Event: 13393.362 GC heap before
{Heap before GC invocations=30862 (full 672):
 PSYoungGen      total 11264K, used 11264K [0x00000000eab00000, 0x00000000eca00000, 0x0000000100000000)
  eden space 7168K, 100% used [0x00000000eab00000,0x00000000eb200000,0x00000000eb200000)
  from space 4096K, 100% used [0x00000000eb200000,0x00000000eb600000,0x00000000eb600000)
  to   space 12288K, 0% used [0x00000000ebe00000,0x00000000ebe00000,0x00000000eca00000)
 ParOldGen       total 223744K, used 214222K [0x00000000c0000000, 0x00000000cda80000, 0x00000000eab00000)
  object space 223744K, 95% used [0x00000000c0000000,0x00000000cd133a38,0x00000000cda80000)
 Metaspace       used 101059K, committed 102336K, reserved 1146880K
  class space    used 9764K, committed 10368K, reserved 1048576K
}
Event: 13393.373 GC heap after
{Heap after GC invocations=30862 (full 672):
 PSYoungGen      total 16384K, used 7264K [0x00000000eab00000, 0x00000000ec580000, 0x0000000100000000)
  eden space 8704K, 0% used [0x00000000eab00000,0x00000000eab00000,0x00000000eb380000)
  from space 7680K, 94% used [0x00000000ebe00000,0x00000000ec518000,0x00000000ec580000)
  to   space 8704K, 0% used [0x00000000eb480000,0x00000000eb480000,0x00000000ebd00000)
 ParOldGen       total 223744K, used 218366K [0x00000000c0000000, 0x00000000cda80000, 0x00000000eab00000)
  object space 223744K, 97% used [0x00000000c0000000,0x00000000cd53fa38,0x00000000cda80000)
 Metaspace       used 101059K, committed 102336K, reserved 1146880K
  class space    used 9764K, committed 10368K, reserved 1048576K
}
Event: 13393.390 GC heap before
{Heap before GC invocations=30863 (full 672):
 PSYoungGen      total 16384K, used 15832K [0x00000000eab00000, 0x00000000ec580000, 0x0000000100000000)
  eden space 8704K, 98% used [0x00000000eab00000,0x00000000eb35e1e0,0x00000000eb380000)
  from space 7680K, 94% used [0x00000000ebe00000,0x00000000ec518000,0x00000000ec580000)
  to   space 8704K, 0% used [0x00000000eb480000,0x00000000eb480000,0x00000000ebd00000)
 ParOldGen       total 223744K, used 218366K [0x00000000c0000000, 0x00000000cda80000, 0x00000000eab00000)
  object space 223744K, 97% used [0x00000000c0000000,0x00000000cd53fa38,0x00000000cda80000)
 Metaspace       used 101059K, committed 102336K, reserved 1146880K
  class space    used 9764K, committed 10368K, reserved 1048576K
}
Event: 13393.405 GC heap after
{Heap after GC invocations=30863 (full 672):
 PSYoungGen      total 18432K, used 8192K [0x00000000eab00000, 0x00000000ec680000, 0x0000000100000000)
  eden space 9728K, 0% used [0x00000000eab00000,0x00000000eab00000,0x00000000eb480000)
  from space 8704K, 94% used [0x00000000eb480000,0x00000000ebc80000,0x00000000ebd00000)
  to   space 8704K, 0% used [0x00000000ebe00000,0x00000000ebe00000,0x00000000ec680000)
 ParOldGen       total 225792K, used 225598K [0x00000000c0000000, 0x00000000cdc80000, 0x00000000eab00000)
  object space 225792K, 99% used [0x00000000c0000000,0x00000000cdc4fa38,0x00000000cdc80000)
 Metaspace       used 101059K, committed 102336K, reserved 1146880K
  class space    used 9764K, committed 10368K, reserved 1048576K
}
Event: 13393.405 GC heap before
{Heap before GC invocations=30864 (full 673):
 PSYoungGen      total 18432K, used 8192K [0x00000000eab00000, 0x00000000ec680000, 0x0000000100000000)
  eden space 9728K, 0% used [0x00000000eab00000,0x00000000eab00000,0x00000000eb480000)
  from space 8704K, 94% used [0x00000000eb480000,0x00000000ebc80000,0x00000000ebd00000)
  to   space 8704K, 0% used [0x00000000ebe00000,0x00000000ebe00000,0x00000000ec680000)
 ParOldGen       total 225792K, used 225598K [0x00000000c0000000, 0x00000000cdc80000, 0x00000000eab00000)
  object space 225792K, 99% used [0x00000000c0000000,0x00000000cdc4fa38,0x00000000cdc80000)
 Metaspace       used 101059K, committed 102336K, reserved 1146880K
  class space    used 9764K, committed 10368K, reserved 1048576K
}
Event: 13393.501 GC heap after
{Heap after GC invocations=30864 (full 673):
 PSYoungGen      total 19456K, used 0K [0x00000000eab00000, 0x00000000ec780000, 0x0000000100000000)
  eden space 10752K, 0% used [0x00000000eab00000,0x00000000eab00000,0x00000000eb580000)
  from space 8704K, 0% used [0x00000000ebe00000,0x00000000ebe00000,0x00000000ec680000)
  to   space 8704K, 0% used [0x00000000eb580000,0x00000000eb580000,0x00000000ebe00000)
 ParOldGen       total 257536K, used 197131K [0x00000000c0000000, 0x00000000cfb80000, 0x00000000eab00000)
  object space 257536K, 76% used [0x00000000c0000000,0x00000000cc082ca8,0x00000000cfb80000)
 Metaspace       used 101059K, committed 102336K, reserved 1146880K
  class space    used 9764K, committed 10368K, reserved 1048576K
}
Event: 13393.581 GC heap before
{Heap before GC invocations=30865 (full 673):
 PSYoungGen      total 19456K, used 10752K [0x00000000eab00000, 0x00000000ec780000, 0x0000000100000000)
  eden space 10752K, 100% used [0x00000000eab00000,0x00000000eb580000,0x00000000eb580000)
  from space 8704K, 0% used [0x00000000ebe00000,0x00000000ebe00000,0x00000000ec680000)
  to   space 8704K, 0% used [0x00000000eb580000,0x00000000eb580000,0x00000000ebe00000)
 ParOldGen       total 257536K, used 197131K [0x00000000c0000000, 0x00000000cfb80000, 0x00000000eab00000)
  object space 257536K, 76% used [0x00000000c0000000,0x00000000cc082ca8,0x00000000cfb80000)
 Metaspace       used 101059K, committed 102336K, reserved 1146880K
  class space    used 9764K, committed 10368K, reserved 1048576K
}

